{"/Users/ruisilva/Desktop/Projects/OpenSource/mot-workshop/api/articles.js":{"path":"/Users/ruisilva/Desktop/Projects/OpenSource/mot-workshop/api/articles.js","statementMap":{"0":{"start":{"line":1,"column":15},"end":{"line":1,"column":42}},"1":{"start":{"line":2,"column":13},"end":{"line":2,"column":31}},"2":{"start":{"line":3,"column":24},"end":{"line":3,"column":44}},"3":{"start":{"line":5,"column":15},"end":{"line":5,"column":44}},"4":{"start":{"line":6,"column":12},"end":{"line":6,"column":32}},"5":{"start":{"line":9,"column":2},"end":{"line":17,"column":3}},"6":{"start":{"line":11,"column":6},"end":{"line":11,"column":26}},"7":{"start":{"line":20,"column":16},"end":{"line":23,"column":4}},"8":{"start":{"line":24,"column":2},"end":{"line":24,"column":48}},"9":{"start":{"line":29,"column":2},"end":{"line":40,"column":3}},"10":{"start":{"line":30,"column":4},"end":{"line":39,"column":5}},"11":{"start":{"line":31,"column":6},"end":{"line":33,"column":7}},"12":{"start":{"line":32,"column":8},"end":{"line":32,"column":48}},"13":{"start":{"line":34,"column":6},"end":{"line":38,"column":7}},"14":{"start":{"line":35,"column":8},"end":{"line":37,"column":9}},"15":{"start":{"line":36,"column":10},"end":{"line":36,"column":41}},"16":{"start":{"line":41,"column":2},"end":{"line":41,"column":12}},"17":{"start":{"line":45,"column":0},"end":{"line":60,"column":2}},"18":{"start":{"line":46,"column":2},"end":{"line":59,"column":16}},"19":{"start":{"line":53,"column":6},"end":{"line":55,"column":7}},"20":{"start":{"line":54,"column":8},"end":{"line":54,"column":34}},"21":{"start":{"line":56,"column":6},"end":{"line":56,"column":27}},"22":{"start":{"line":57,"column":6},"end":{"line":57,"column":19}},"23":{"start":{"line":62,"column":0},"end":{"line":77,"column":2}},"24":{"start":{"line":63,"column":2},"end":{"line":76,"column":16}},"25":{"start":{"line":70,"column":6},"end":{"line":72,"column":7}},"26":{"start":{"line":71,"column":8},"end":{"line":71,"column":34}},"27":{"start":{"line":73,"column":6},"end":{"line":73,"column":27}},"28":{"start":{"line":74,"column":6},"end":{"line":74,"column":19}},"29":{"start":{"line":79,"column":0},"end":{"line":192,"column":2}},"30":{"start":{"line":80,"column":2},"end":{"line":191,"column":3}},"31":{"start":{"line":81,"column":16},"end":{"line":81,"column":18}},"32":{"start":{"line":82,"column":18},"end":{"line":87,"column":5}},"33":{"start":{"line":88,"column":19},"end":{"line":93,"column":5}},"34":{"start":{"line":94,"column":20},"end":{"line":94,"column":22}},"35":{"start":{"line":96,"column":23},"end":{"line":96,"column":63}},"36":{"start":{"line":99,"column":26},"end":{"line":102,"column":5}},"37":{"start":{"line":104,"column":4},"end":{"line":115,"column":5}},"38":{"start":{"line":116,"column":4},"end":{"line":118,"column":5}},"39":{"start":{"line":117,"column":6},"end":{"line":117,"column":58}},"40":{"start":{"line":119,"column":4},"end":{"line":119,"column":31}},"41":{"start":{"line":121,"column":27},"end":{"line":121,"column":32}},"42":{"start":{"line":122,"column":4},"end":{"line":150,"column":5}},"43":{"start":{"line":124,"column":6},"end":{"line":128,"column":8}},"44":{"start":{"line":129,"column":11},"end":{"line":150,"column":5}},"45":{"start":{"line":139,"column":6},"end":{"line":148,"column":8}},"46":{"start":{"line":149,"column":6},"end":{"line":149,"column":29}},"47":{"start":{"line":153,"column":4},"end":{"line":160,"column":5}},"48":{"start":{"line":154,"column":25},"end":{"line":157,"column":7}},"49":{"start":{"line":158,"column":6},"end":{"line":158,"column":48}},"50":{"start":{"line":159,"column":6},"end":{"line":159,"column":30}},"51":{"start":{"line":162,"column":61},"end":{"line":173,"column":6}},"52":{"start":{"line":174,"column":4},"end":{"line":188,"column":6}},"53":{"start":{"line":177,"column":23},"end":{"line":177,"column":63}},"54":{"start":{"line":178,"column":28},"end":{"line":180,"column":23}},"55":{"start":{"line":184,"column":10},"end":{"line":184,"column":58}},"56":{"start":{"line":190,"column":4},"end":{"line":190,"column":15}},"57":{"start":{"line":194,"column":0},"end":{"line":220,"column":2}},"58":{"start":{"line":195,"column":2},"end":{"line":219,"column":3}},"59":{"start":{"line":196,"column":18},"end":{"line":201,"column":5}},"60":{"start":{"line":202,"column":19},"end":{"line":207,"column":5}},"61":{"start":{"line":208,"column":17},"end":{"line":210,"column":43}},"62":{"start":{"line":211,"column":4},"end":{"line":213,"column":5}},"63":{"start":{"line":212,"column":6},"end":{"line":212,"column":32}},"64":{"start":{"line":214,"column":4},"end":{"line":216,"column":5}},"65":{"start":{"line":218,"column":4},"end":{"line":218,"column":15}},"66":{"start":{"line":223,"column":0},"end":{"line":265,"column":2}},"67":{"start":{"line":224,"column":2},"end":{"line":264,"column":3}},"68":{"start":{"line":225,"column":17},"end":{"line":227,"column":43}},"69":{"start":{"line":228,"column":4},"end":{"line":230,"column":5}},"70":{"start":{"line":229,"column":6},"end":{"line":229,"column":32}},"71":{"start":{"line":231,"column":4},"end":{"line":233,"column":5}},"72":{"start":{"line":232,"column":6},"end":{"line":232,"column":76}},"73":{"start":{"line":234,"column":18},"end":{"line":236,"column":5}},"74":{"start":{"line":237,"column":4},"end":{"line":237,"column":30}},"75":{"start":{"line":238,"column":20},"end":{"line":238,"column":44}},"76":{"start":{"line":239,"column":4},"end":{"line":239,"column":59}},"77":{"start":{"line":239,"column":53},"end":{"line":239,"column":59}},"78":{"start":{"line":242,"column":4},"end":{"line":252,"column":7}},"79":{"start":{"line":247,"column":10},"end":{"line":250,"column":12}},"80":{"start":{"line":253,"column":4},"end":{"line":259,"column":6}},"81":{"start":{"line":260,"column":4},"end":{"line":260,"column":25}},"82":{"start":{"line":261,"column":4},"end":{"line":261,"column":60}},"83":{"start":{"line":263,"column":4},"end":{"line":263,"column":15}},"84":{"start":{"line":268,"column":0},"end":{"line":281,"column":2}},"85":{"start":{"line":269,"column":2},"end":{"line":280,"column":3}},"86":{"start":{"line":270,"column":20},"end":{"line":275,"column":6}},"87":{"start":{"line":276,"column":19},"end":{"line":276,"column":26}},"88":{"start":{"line":277,"column":4},"end":{"line":277,"column":64}},"89":{"start":{"line":279,"column":4},"end":{"line":279,"column":15}},"90":{"start":{"line":284,"column":0},"end":{"line":325,"column":2}},"91":{"start":{"line":285,"column":2},"end":{"line":324,"column":3}},"92":{"start":{"line":286,"column":17},"end":{"line":288,"column":43}},"93":{"start":{"line":289,"column":4},"end":{"line":321,"column":5}},"94":{"start":{"line":290,"column":22},"end":{"line":290,"column":33}},"95":{"start":{"line":291,"column":6},"end":{"line":317,"column":7}},"96":{"start":{"line":292,"column":8},"end":{"line":294,"column":9}},"97":{"start":{"line":293,"column":10},"end":{"line":293,"column":48}},"98":{"start":{"line":295,"column":8},"end":{"line":297,"column":9}},"99":{"start":{"line":296,"column":10},"end":{"line":296,"column":60}},"100":{"start":{"line":298,"column":8},"end":{"line":300,"column":9}},"101":{"start":{"line":299,"column":10},"end":{"line":299,"column":46}},"102":{"start":{"line":301,"column":24},"end":{"line":301,"column":48}},"103":{"start":{"line":302,"column":8},"end":{"line":302,"column":63}},"104":{"start":{"line":302,"column":57},"end":{"line":302,"column":63}},"105":{"start":{"line":303,"column":8},"end":{"line":316,"column":11}},"106":{"start":{"line":308,"column":14},"end":{"line":308,"column":56}},"107":{"start":{"line":309,"column":14},"end":{"line":314,"column":16}},"108":{"start":{"line":318,"column":6},"end":{"line":318,"column":62}},"109":{"start":{"line":320,"column":6},"end":{"line":320,"column":32}},"110":{"start":{"line":323,"column":4},"end":{"line":323,"column":15}},"111":{"start":{"line":328,"column":0},"end":{"line":343,"column":2}},"112":{"start":{"line":329,"column":2},"end":{"line":342,"column":3}},"113":{"start":{"line":330,"column":17},"end":{"line":330,"column":78}},"114":{"start":{"line":331,"column":4},"end":{"line":333,"column":5}},"115":{"start":{"line":332,"column":6},"end":{"line":332,"column":32}},"116":{"start":{"line":334,"column":4},"end":{"line":339,"column":5}},"117":{"start":{"line":335,"column":6},"end":{"line":335,"column":34}},"118":{"start":{"line":336,"column":6},"end":{"line":336,"column":32}},"119":{"start":{"line":338,"column":6},"end":{"line":338,"column":32}},"120":{"start":{"line":341,"column":4},"end":{"line":341,"column":15}},"121":{"start":{"line":346,"column":0},"end":{"line":370,"column":1}},"122":{"start":{"line":350,"column":4},"end":{"line":368,"column":5}},"123":{"start":{"line":351,"column":24},"end":{"line":351,"column":38}},"124":{"start":{"line":352,"column":30},"end":{"line":355,"column":8}},"125":{"start":{"line":356,"column":6},"end":{"line":358,"column":7}},"126":{"start":{"line":357,"column":8},"end":{"line":357,"column":34}},"127":{"start":{"line":359,"column":6},"end":{"line":361,"column":7}},"128":{"start":{"line":360,"column":8},"end":{"line":360,"column":34}},"129":{"start":{"line":362,"column":6},"end":{"line":362,"column":39}},"130":{"start":{"line":365,"column":6},"end":{"line":365,"column":62}},"131":{"start":{"line":367,"column":6},"end":{"line":367,"column":17}},"132":{"start":{"line":373,"column":0},"end":{"line":395,"column":1}},"133":{"start":{"line":377,"column":4},"end":{"line":393,"column":5}},"134":{"start":{"line":378,"column":24},"end":{"line":378,"column":38}},"135":{"start":{"line":379,"column":30},"end":{"line":382,"column":8}},"136":{"start":{"line":383,"column":6},"end":{"line":385,"column":7}},"137":{"start":{"line":384,"column":8},"end":{"line":384,"column":34}},"138":{"start":{"line":386,"column":6},"end":{"line":388,"column":7}},"139":{"start":{"line":387,"column":8},"end":{"line":387,"column":34}},"140":{"start":{"line":389,"column":6},"end":{"line":389,"column":42}},"141":{"start":{"line":390,"column":6},"end":{"line":390,"column":62}},"142":{"start":{"line":392,"column":6},"end":{"line":392,"column":17}},"143":{"start":{"line":398,"column":0},"end":{"line":428,"column":1}},"144":{"start":{"line":402,"column":4},"end":{"line":426,"column":5}},"145":{"start":{"line":404,"column":6},"end":{"line":410,"column":7}},"146":{"start":{"line":405,"column":8},"end":{"line":407,"column":47}},"147":{"start":{"line":409,"column":8},"end":{"line":409,"column":19}},"148":{"start":{"line":411,"column":23},"end":{"line":416,"column":8}},"149":{"start":{"line":417,"column":6},"end":{"line":423,"column":8}},"150":{"start":{"line":420,"column":12},"end":{"line":420,"column":39}},"151":{"start":{"line":425,"column":6},"end":{"line":425,"column":17}},"152":{"start":{"line":431,"column":0},"end":{"line":458,"column":1}},"153":{"start":{"line":435,"column":4},"end":{"line":456,"column":5}},"154":{"start":{"line":436,"column":19},"end":{"line":438,"column":45}},"155":{"start":{"line":439,"column":6},"end":{"line":441,"column":7}},"156":{"start":{"line":440,"column":8},"end":{"line":440,"column":34}},"157":{"start":{"line":442,"column":6},"end":{"line":444,"column":7}},"158":{"start":{"line":443,"column":8},"end":{"line":443,"column":78}},"159":{"start":{"line":445,"column":22},"end":{"line":450,"column":7}},"160":{"start":{"line":451,"column":6},"end":{"line":451,"column":76}},"161":{"start":{"line":452,"column":6},"end":{"line":452,"column":27}},"162":{"start":{"line":453,"column":6},"end":{"line":453,"column":62}},"163":{"start":{"line":455,"column":6},"end":{"line":455,"column":17}},"164":{"start":{"line":461,"column":0},"end":{"line":477,"column":1}},"165":{"start":{"line":465,"column":4},"end":{"line":475,"column":5}},"166":{"start":{"line":466,"column":21},"end":{"line":466,"column":50}},"167":{"start":{"line":467,"column":6},"end":{"line":472,"column":7}},"168":{"start":{"line":468,"column":8},"end":{"line":468,"column":35}},"169":{"start":{"line":469,"column":8},"end":{"line":469,"column":34}},"170":{"start":{"line":471,"column":8},"end":{"line":471,"column":27}},"171":{"start":{"line":474,"column":6},"end":{"line":474,"column":17}},"172":{"start":{"line":479,"column":0},"end":{"line":479,"column":23}}},"fnMap":{"0":{"name":"setArticleTags","decl":{"start":{"line":8,"column":15},"end":{"line":8,"column":29}},"loc":{"start":{"line":8,"column":66},"end":{"line":25,"column":1}},"line":8},"1":{"name":"(anonymous_1)","decl":{"start":{"line":10,"column":16},"end":{"line":10,"column":17}},"loc":{"start":{"line":10,"column":25},"end":{"line":12,"column":5}},"line":10},"2":{"name":"validateArticle","decl":{"start":{"line":27,"column":9},"end":{"line":27,"column":24}},"loc":{"start":{"line":27,"column":53},"end":{"line":42,"column":1}},"line":27},"3":{"name":"(anonymous_3)","decl":{"start":{"line":45,"column":24},"end":{"line":45,"column":25}},"loc":{"start":{"line":45,"column":56},"end":{"line":60,"column":1}},"line":45},"4":{"name":"(anonymous_4)","decl":{"start":{"line":52,"column":10},"end":{"line":52,"column":11}},"loc":{"start":{"line":52,"column":29},"end":{"line":58,"column":5}},"line":52},"5":{"name":"(anonymous_5)","decl":{"start":{"line":62,"column":24},"end":{"line":62,"column":25}},"loc":{"start":{"line":62,"column":54},"end":{"line":77,"column":1}},"line":62},"6":{"name":"(anonymous_6)","decl":{"start":{"line":69,"column":10},"end":{"line":69,"column":11}},"loc":{"start":{"line":69,"column":29},"end":{"line":75,"column":5}},"line":69},"7":{"name":"(anonymous_7)","decl":{"start":{"line":79,"column":31},"end":{"line":79,"column":32}},"loc":{"start":{"line":79,"column":63},"end":{"line":192,"column":1}},"line":79},"8":{"name":"(anonymous_8)","decl":{"start":{"line":176,"column":21},"end":{"line":176,"column":22}},"loc":{"start":{"line":176,"column":34},"end":{"line":185,"column":9}},"line":176},"9":{"name":"(anonymous_9)","decl":{"start":{"line":194,"column":35},"end":{"line":194,"column":36}},"loc":{"start":{"line":194,"column":67},"end":{"line":220,"column":1}},"line":194},"10":{"name":"(anonymous_10)","decl":{"start":{"line":223,"column":32},"end":{"line":223,"column":33}},"loc":{"start":{"line":223,"column":64},"end":{"line":265,"column":1}},"line":223},"11":{"name":"(anonymous_11)","decl":{"start":{"line":246,"column":8},"end":{"line":246,"column":9}},"loc":{"start":{"line":246,"column":31},"end":{"line":251,"column":9}},"line":246},"12":{"name":"(anonymous_12)","decl":{"start":{"line":268,"column":39},"end":{"line":268,"column":40}},"loc":{"start":{"line":268,"column":71},"end":{"line":281,"column":1}},"line":268},"13":{"name":"(anonymous_13)","decl":{"start":{"line":284,"column":39},"end":{"line":284,"column":40}},"loc":{"start":{"line":284,"column":71},"end":{"line":325,"column":1}},"line":284},"14":{"name":"(anonymous_14)","decl":{"start":{"line":307,"column":12},"end":{"line":307,"column":13}},"loc":{"start":{"line":307,"column":35},"end":{"line":315,"column":13}},"line":307},"15":{"name":"(anonymous_15)","decl":{"start":{"line":328,"column":42},"end":{"line":328,"column":43}},"loc":{"start":{"line":328,"column":74},"end":{"line":343,"column":1}},"line":328},"16":{"name":"(anonymous_16)","decl":{"start":{"line":349,"column":2},"end":{"line":349,"column":3}},"loc":{"start":{"line":349,"column":34},"end":{"line":369,"column":3}},"line":349},"17":{"name":"(anonymous_17)","decl":{"start":{"line":376,"column":2},"end":{"line":376,"column":3}},"loc":{"start":{"line":376,"column":34},"end":{"line":394,"column":3}},"line":376},"18":{"name":"(anonymous_18)","decl":{"start":{"line":401,"column":2},"end":{"line":401,"column":3}},"loc":{"start":{"line":401,"column":34},"end":{"line":427,"column":3}},"line":401},"19":{"name":"(anonymous_19)","decl":{"start":{"line":419,"column":23},"end":{"line":419,"column":24}},"loc":{"start":{"line":419,"column":42},"end":{"line":421,"column":11}},"line":419},"20":{"name":"(anonymous_20)","decl":{"start":{"line":434,"column":2},"end":{"line":434,"column":3}},"loc":{"start":{"line":434,"column":34},"end":{"line":457,"column":3}},"line":434},"21":{"name":"(anonymous_21)","decl":{"start":{"line":464,"column":2},"end":{"line":464,"column":3}},"loc":{"start":{"line":464,"column":34},"end":{"line":476,"column":3}},"line":464}},"branchMap":{"0":{"loc":{"start":{"line":29,"column":2},"end":{"line":40,"column":3}},"type":"if","locations":[{"start":{"line":29,"column":2},"end":{"line":40,"column":3}},{"start":{"line":29,"column":2},"end":{"line":40,"column":3}}],"line":29},"1":{"loc":{"start":{"line":30,"column":4},"end":{"line":39,"column":5}},"type":"if","locations":[{"start":{"line":30,"column":4},"end":{"line":39,"column":5}},{"start":{"line":30,"column":4},"end":{"line":39,"column":5}}],"line":30},"2":{"loc":{"start":{"line":31,"column":6},"end":{"line":33,"column":7}},"type":"if","locations":[{"start":{"line":31,"column":6},"end":{"line":33,"column":7}},{"start":{"line":31,"column":6},"end":{"line":33,"column":7}}],"line":31},"3":{"loc":{"start":{"line":35,"column":8},"end":{"line":37,"column":9}},"type":"if","locations":[{"start":{"line":35,"column":8},"end":{"line":37,"column":9}},{"start":{"line":35,"column":8},"end":{"line":37,"column":9}}],"line":35},"4":{"loc":{"start":{"line":53,"column":6},"end":{"line":55,"column":7}},"type":"if","locations":[{"start":{"line":53,"column":6},"end":{"line":55,"column":7}},{"start":{"line":53,"column":6},"end":{"line":55,"column":7}}],"line":53},"5":{"loc":{"start":{"line":70,"column":6},"end":{"line":72,"column":7}},"type":"if","locations":[{"start":{"line":70,"column":6},"end":{"line":72,"column":7}},{"start":{"line":70,"column":6},"end":{"line":72,"column":7}}],"line":70},"6":{"loc":{"start":{"line":96,"column":23},"end":{"line":96,"column":63}},"type":"cond-expr","locations":[{"start":{"line":96,"column":37},"end":{"line":96,"column":51}},{"start":{"line":96,"column":54},"end":{"line":96,"column":63}}],"line":96},"7":{"loc":{"start":{"line":104,"column":4},"end":{"line":115,"column":5}},"type":"if","locations":[{"start":{"line":104,"column":4},"end":{"line":115,"column":5}},{"start":{"line":104,"column":4},"end":{"line":115,"column":5}}],"line":104},"8":{"loc":{"start":{"line":116,"column":4},"end":{"line":118,"column":5}},"type":"if","locations":[{"start":{"line":116,"column":4},"end":{"line":118,"column":5}},{"start":{"line":116,"column":4},"end":{"line":118,"column":5}}],"line":116},"9":{"loc":{"start":{"line":122,"column":4},"end":{"line":150,"column":5}},"type":"if","locations":[{"start":{"line":122,"column":4},"end":{"line":150,"column":5}},{"start":{"line":122,"column":4},"end":{"line":150,"column":5}}],"line":122},"10":{"loc":{"start":{"line":129,"column":11},"end":{"line":150,"column":5}},"type":"if","locations":[{"start":{"line":129,"column":11},"end":{"line":150,"column":5}},{"start":{"line":129,"column":11},"end":{"line":150,"column":5}}],"line":129},"11":{"loc":{"start":{"line":153,"column":4},"end":{"line":160,"column":5}},"type":"if","locations":[{"start":{"line":153,"column":4},"end":{"line":160,"column":5}},{"start":{"line":153,"column":4},"end":{"line":160,"column":5}}],"line":153},"12":{"loc":{"start":{"line":170,"column":6},"end":{"line":172,"column":14}},"type":"cond-expr","locations":[{"start":{"line":171,"column":10},"end":{"line":171,"column":69}},{"start":{"line":172,"column":10},"end":{"line":172,"column":14}}],"line":170},"13":{"loc":{"start":{"line":177,"column":23},"end":{"line":177,"column":63}},"type":"cond-expr","locations":[{"start":{"line":177,"column":39},"end":{"line":177,"column":48}},{"start":{"line":177,"column":51},"end":{"line":177,"column":63}}],"line":177},"14":{"loc":{"start":{"line":178,"column":28},"end":{"line":180,"column":23}},"type":"cond-expr","locations":[{"start":{"line":179,"column":14},"end":{"line":179,"column":51}},{"start":{"line":180,"column":14},"end":{"line":180,"column":23}}],"line":178},"15":{"loc":{"start":{"line":211,"column":4},"end":{"line":213,"column":5}},"type":"if","locations":[{"start":{"line":211,"column":4},"end":{"line":213,"column":5}},{"start":{"line":211,"column":4},"end":{"line":213,"column":5}}],"line":211},"16":{"loc":{"start":{"line":228,"column":4},"end":{"line":230,"column":5}},"type":"if","locations":[{"start":{"line":228,"column":4},"end":{"line":230,"column":5}},{"start":{"line":228,"column":4},"end":{"line":230,"column":5}}],"line":228},"17":{"loc":{"start":{"line":231,"column":4},"end":{"line":233,"column":5}},"type":"if","locations":[{"start":{"line":231,"column":4},"end":{"line":233,"column":5}},{"start":{"line":231,"column":4},"end":{"line":233,"column":5}}],"line":231},"18":{"loc":{"start":{"line":239,"column":4},"end":{"line":239,"column":59}},"type":"if","locations":[{"start":{"line":239,"column":4},"end":{"line":239,"column":59}},{"start":{"line":239,"column":4},"end":{"line":239,"column":59}}],"line":239},"19":{"loc":{"start":{"line":271,"column":6},"end":{"line":273,"column":14}},"type":"cond-expr","locations":[{"start":{"line":272,"column":10},"end":{"line":272,"column":71}},{"start":{"line":273,"column":10},"end":{"line":273,"column":14}}],"line":271},"20":{"loc":{"start":{"line":289,"column":4},"end":{"line":321,"column":5}},"type":"if","locations":[{"start":{"line":289,"column":4},"end":{"line":321,"column":5}},{"start":{"line":289,"column":4},"end":{"line":321,"column":5}}],"line":289},"21":{"loc":{"start":{"line":291,"column":6},"end":{"line":317,"column":7}},"type":"if","locations":[{"start":{"line":291,"column":6},"end":{"line":317,"column":7}},{"start":{"line":291,"column":6},"end":{"line":317,"column":7}}],"line":291},"22":{"loc":{"start":{"line":292,"column":8},"end":{"line":294,"column":9}},"type":"if","locations":[{"start":{"line":292,"column":8},"end":{"line":294,"column":9}},{"start":{"line":292,"column":8},"end":{"line":294,"column":9}}],"line":292},"23":{"loc":{"start":{"line":295,"column":8},"end":{"line":297,"column":9}},"type":"if","locations":[{"start":{"line":295,"column":8},"end":{"line":297,"column":9}},{"start":{"line":295,"column":8},"end":{"line":297,"column":9}}],"line":295},"24":{"loc":{"start":{"line":298,"column":8},"end":{"line":300,"column":9}},"type":"if","locations":[{"start":{"line":298,"column":8},"end":{"line":300,"column":9}},{"start":{"line":298,"column":8},"end":{"line":300,"column":9}}],"line":298},"25":{"loc":{"start":{"line":302,"column":8},"end":{"line":302,"column":63}},"type":"if","locations":[{"start":{"line":302,"column":8},"end":{"line":302,"column":63}},{"start":{"line":302,"column":8},"end":{"line":302,"column":63}}],"line":302},"26":{"loc":{"start":{"line":310,"column":16},"end":{"line":312,"column":70}},"type":"cond-expr","locations":[{"start":{"line":311,"column":20},"end":{"line":311,"column":24}},{"start":{"line":312,"column":20},"end":{"line":312,"column":70}}],"line":310},"27":{"loc":{"start":{"line":331,"column":4},"end":{"line":333,"column":5}},"type":"if","locations":[{"start":{"line":331,"column":4},"end":{"line":333,"column":5}},{"start":{"line":331,"column":4},"end":{"line":333,"column":5}}],"line":331},"28":{"loc":{"start":{"line":334,"column":4},"end":{"line":339,"column":5}},"type":"if","locations":[{"start":{"line":334,"column":4},"end":{"line":339,"column":5}},{"start":{"line":334,"column":4},"end":{"line":339,"column":5}}],"line":334},"29":{"loc":{"start":{"line":356,"column":6},"end":{"line":358,"column":7}},"type":"if","locations":[{"start":{"line":356,"column":6},"end":{"line":358,"column":7}},{"start":{"line":356,"column":6},"end":{"line":358,"column":7}}],"line":356},"30":{"loc":{"start":{"line":359,"column":6},"end":{"line":361,"column":7}},"type":"if","locations":[{"start":{"line":359,"column":6},"end":{"line":361,"column":7}},{"start":{"line":359,"column":6},"end":{"line":361,"column":7}}],"line":359},"31":{"loc":{"start":{"line":383,"column":6},"end":{"line":385,"column":7}},"type":"if","locations":[{"start":{"line":383,"column":6},"end":{"line":385,"column":7}},{"start":{"line":383,"column":6},"end":{"line":385,"column":7}}],"line":383},"32":{"loc":{"start":{"line":386,"column":6},"end":{"line":388,"column":7}},"type":"if","locations":[{"start":{"line":386,"column":6},"end":{"line":388,"column":7}},{"start":{"line":386,"column":6},"end":{"line":388,"column":7}}],"line":386},"33":{"loc":{"start":{"line":404,"column":6},"end":{"line":410,"column":7}},"type":"if","locations":[{"start":{"line":404,"column":6},"end":{"line":410,"column":7}},{"start":{"line":404,"column":6},"end":{"line":410,"column":7}}],"line":404},"34":{"loc":{"start":{"line":439,"column":6},"end":{"line":441,"column":7}},"type":"if","locations":[{"start":{"line":439,"column":6},"end":{"line":441,"column":7}},{"start":{"line":439,"column":6},"end":{"line":441,"column":7}}],"line":439},"35":{"loc":{"start":{"line":442,"column":6},"end":{"line":444,"column":7}},"type":"if","locations":[{"start":{"line":442,"column":6},"end":{"line":444,"column":7}},{"start":{"line":442,"column":6},"end":{"line":444,"column":7}}],"line":442},"36":{"loc":{"start":{"line":467,"column":6},"end":{"line":472,"column":7}},"type":"if","locations":[{"start":{"line":467,"column":6},"end":{"line":472,"column":7}},{"start":{"line":467,"column":6},"end":{"line":472,"column":7}}],"line":467}},"s":{"0":0,"1":0,"2":0,"3":0,"4":0,"5":0,"6":0,"7":0,"8":0,"9":0,"10":0,"11":0,"12":0,"13":0,"14":0,"15":0,"16":0,"17":0,"18":0,"19":0,"20":0,"21":0,"22":0,"23":0,"24":0,"25":0,"26":0,"27":0,"28":0,"29":0,"30":0,"31":0,"32":0,"33":0,"34":0,"35":0,"36":0,"37":0,"38":0,"39":0,"40":0,"41":0,"42":0,"43":0,"44":0,"45":0,"46":0,"47":0,"48":0,"49":0,"50":0,"51":0,"52":0,"53":0,"54":0,"55":0,"56":0,"57":0,"58":0,"59":0,"60":0,"61":0,"62":0,"63":0,"64":0,"65":0,"66":0,"67":0,"68":0,"69":0,"70":0,"71":0,"72":0,"73":0,"74":0,"75":0,"76":0,"77":0,"78":0,"79":0,"80":0,"81":0,"82":0,"83":0,"84":0,"85":0,"86":0,"87":0,"88":0,"89":0,"90":0,"91":0,"92":0,"93":0,"94":0,"95":0,"96":0,"97":0,"98":0,"99":0,"100":0,"101":0,"102":0,"103":0,"104":0,"105":0,"106":0,"107":0,"108":0,"109":0,"110":0,"111":0,"112":0,"113":0,"114":0,"115":0,"116":0,"117":0,"118":0,"119":0,"120":0,"121":0,"122":0,"123":0,"124":0,"125":0,"126":0,"127":0,"128":0,"129":0,"130":0,"131":0,"132":0,"133":0,"134":0,"135":0,"136":0,"137":0,"138":0,"139":0,"140":0,"141":0,"142":0,"143":0,"144":0,"145":0,"146":0,"147":0,"148":0,"149":0,"150":0,"151":0,"152":0,"153":0,"154":0,"155":0,"156":0,"157":0,"158":0,"159":0,"160":0,"161":0,"162":0,"163":0,"164":0,"165":0,"166":0,"167":0,"168":0,"169":0,"170":0,"171":0,"172":0},"f":{"0":0,"1":0,"2":0,"3":0,"4":0,"5":0,"6":0,"7":0,"8":0,"9":0,"10":0,"11":0,"12":0,"13":0,"14":0,"15":0,"16":0,"17":0,"18":0,"19":0,"20":0,"21":0},"b":{"0":[0,0],"1":[0,0],"2":[0,0],"3":[0,0],"4":[0,0],"5":[0,0],"6":[0,0],"7":[0,0],"8":[0,0],"9":[0,0],"10":[0,0],"11":[0,0],"12":[0,0],"13":[0,0],"14":[0,0],"15":[0,0],"16":[0,0],"17":[0,0],"18":[0,0],"19":[0,0],"20":[0,0],"21":[0,0],"22":[0,0],"23":[0,0],"24":[0,0],"25":[0,0],"26":[0,0],"27":[0,0],"28":[0,0],"29":[0,0],"30":[0,0],"31":[0,0],"32":[0,0],"33":[0,0],"34":[0,0],"35":[0,0],"36":[0,0]},"all":true},"/Users/ruisilva/Desktop/Projects/OpenSource/mot-workshop/api/index.js":{"path":"/Users/ruisilva/Desktop/Projects/OpenSource/mot-workshop/api/index.js","statementMap":{"0":{"start":{"line":1,"column":15},"end":{"line":1,"column":42}},"1":{"start":{"line":4,"column":0},"end":{"line":6,"column":2}},"2":{"start":{"line":5,"column":2},"end":{"line":5,"column":40}},"3":{"start":{"line":7,"column":0},"end":{"line":7,"column":35}},"4":{"start":{"line":8,"column":0},"end":{"line":8,"column":46}},"5":{"start":{"line":9,"column":0},"end":{"line":9,"column":46}},"6":{"start":{"line":10,"column":0},"end":{"line":10,"column":38}},"7":{"start":{"line":12,"column":0},"end":{"line":12,"column":23}}},"fnMap":{"0":{"name":"(anonymous_0)","decl":{"start":{"line":4,"column":16},"end":{"line":4,"column":17}},"loc":{"start":{"line":4,"column":36},"end":{"line":6,"column":1}},"line":4}},"branchMap":{},"s":{"0":0,"1":0,"2":0,"3":0,"4":0,"5":0,"6":0,"7":0},"f":{"0":0},"b":{},"all":true},"/Users/ruisilva/Desktop/Projects/OpenSource/mot-workshop/api/profiles.js":{"path":"/Users/ruisilva/Desktop/Projects/OpenSource/mot-workshop/api/profiles.js","statementMap":{"0":{"start":{"line":1,"column":15},"end":{"line":1,"column":42}},"1":{"start":{"line":2,"column":13},"end":{"line":2,"column":31}},"2":{"start":{"line":5,"column":0},"end":{"line":17,"column":2}},"3":{"start":{"line":6,"column":2},"end":{"line":16,"column":16}},"4":{"start":{"line":10,"column":6},"end":{"line":12,"column":7}},"5":{"start":{"line":11,"column":8},"end":{"line":11,"column":34}},"6":{"start":{"line":13,"column":6},"end":{"line":13,"column":24}},"7":{"start":{"line":14,"column":6},"end":{"line":14,"column":19}},"8":{"start":{"line":19,"column":0},"end":{"line":40,"column":2}},"9":{"start":{"line":20,"column":2},"end":{"line":39,"column":3}},"10":{"start":{"line":22,"column":4},"end":{"line":33,"column":5}},"11":{"start":{"line":23,"column":19},"end":{"line":25,"column":45}},"12":{"start":{"line":26,"column":6},"end":{"line":30,"column":7}},"13":{"start":{"line":27,"column":8},"end":{"line":27,"column":35}},"14":{"start":{"line":29,"column":8},"end":{"line":29,"column":36}},"15":{"start":{"line":32,"column":6},"end":{"line":32,"column":34}},"16":{"start":{"line":34,"column":4},"end":{"line":36,"column":6}},"17":{"start":{"line":38,"column":4},"end":{"line":38,"column":15}},"18":{"start":{"line":42,"column":0},"end":{"line":62,"column":1}},"19":{"start":{"line":46,"column":4},"end":{"line":60,"column":5}},"20":{"start":{"line":47,"column":22},"end":{"line":47,"column":36}},"21":{"start":{"line":48,"column":19},"end":{"line":50,"column":45}},"22":{"start":{"line":51,"column":6},"end":{"line":53,"column":7}},"23":{"start":{"line":52,"column":8},"end":{"line":52,"column":34}},"24":{"start":{"line":54,"column":6},"end":{"line":54,"column":37}},"25":{"start":{"line":57,"column":6},"end":{"line":57,"column":76}},"26":{"start":{"line":59,"column":6},"end":{"line":59,"column":17}},"27":{"start":{"line":64,"column":0},"end":{"line":82,"column":1}},"28":{"start":{"line":68,"column":4},"end":{"line":80,"column":5}},"29":{"start":{"line":69,"column":22},"end":{"line":69,"column":36}},"30":{"start":{"line":70,"column":19},"end":{"line":72,"column":45}},"31":{"start":{"line":73,"column":6},"end":{"line":75,"column":7}},"32":{"start":{"line":74,"column":8},"end":{"line":74,"column":34}},"33":{"start":{"line":76,"column":6},"end":{"line":76,"column":40}},"34":{"start":{"line":77,"column":6},"end":{"line":77,"column":76}},"35":{"start":{"line":79,"column":6},"end":{"line":79,"column":17}},"36":{"start":{"line":84,"column":0},"end":{"line":84,"column":23}}},"fnMap":{"0":{"name":"(anonymous_0)","decl":{"start":{"line":5,"column":25},"end":{"line":5,"column":26}},"loc":{"start":{"line":5,"column":61},"end":{"line":17,"column":1}},"line":5},"1":{"name":"(anonymous_1)","decl":{"start":{"line":9,"column":10},"end":{"line":9,"column":11}},"loc":{"start":{"line":9,"column":26},"end":{"line":15,"column":5}},"line":9},"2":{"name":"(anonymous_2)","decl":{"start":{"line":19,"column":40},"end":{"line":19,"column":41}},"loc":{"start":{"line":19,"column":72},"end":{"line":40,"column":1}},"line":19},"3":{"name":"(anonymous_3)","decl":{"start":{"line":45,"column":2},"end":{"line":45,"column":3}},"loc":{"start":{"line":45,"column":34},"end":{"line":61,"column":3}},"line":45},"4":{"name":"(anonymous_4)","decl":{"start":{"line":67,"column":2},"end":{"line":67,"column":3}},"loc":{"start":{"line":67,"column":34},"end":{"line":81,"column":3}},"line":67}},"branchMap":{"0":{"loc":{"start":{"line":10,"column":6},"end":{"line":12,"column":7}},"type":"if","locations":[{"start":{"line":10,"column":6},"end":{"line":12,"column":7}},{"start":{"line":10,"column":6},"end":{"line":12,"column":7}}],"line":10},"1":{"loc":{"start":{"line":22,"column":4},"end":{"line":33,"column":5}},"type":"if","locations":[{"start":{"line":22,"column":4},"end":{"line":33,"column":5}},{"start":{"line":22,"column":4},"end":{"line":33,"column":5}}],"line":22},"2":{"loc":{"start":{"line":26,"column":6},"end":{"line":30,"column":7}},"type":"if","locations":[{"start":{"line":26,"column":6},"end":{"line":30,"column":7}},{"start":{"line":26,"column":6},"end":{"line":30,"column":7}}],"line":26},"3":{"loc":{"start":{"line":51,"column":6},"end":{"line":53,"column":7}},"type":"if","locations":[{"start":{"line":51,"column":6},"end":{"line":53,"column":7}},{"start":{"line":51,"column":6},"end":{"line":53,"column":7}}],"line":51},"4":{"loc":{"start":{"line":73,"column":6},"end":{"line":75,"column":7}},"type":"if","locations":[{"start":{"line":73,"column":6},"end":{"line":75,"column":7}},{"start":{"line":73,"column":6},"end":{"line":75,"column":7}}],"line":73}},"s":{"0":0,"1":0,"2":0,"3":0,"4":0,"5":0,"6":0,"7":0,"8":0,"9":0,"10":0,"11":0,"12":0,"13":0,"14":0,"15":0,"16":0,"17":0,"18":0,"19":0,"20":0,"21":0,"22":0,"23":0,"24":0,"25":0,"26":0,"27":0,"28":0,"29":0,"30":0,"31":0,"32":0,"33":0,"34":0,"35":0,"36":0},"f":{"0":0,"1":0,"2":0,"3":0,"4":0},"b":{"0":[0,0],"1":[0,0],"2":[0,0],"3":[0,0],"4":[0,0]},"all":true},"/Users/ruisilva/Desktop/Projects/OpenSource/mot-workshop/api/tags.js":{"path":"/Users/ruisilva/Desktop/Projects/OpenSource/mot-workshop/api/tags.js","statementMap":{"0":{"start":{"line":1,"column":15},"end":{"line":1,"column":42}},"1":{"start":{"line":3,"column":12},"end":{"line":3,"column":29}},"2":{"start":{"line":6,"column":0},"end":{"line":12,"column":2}},"3":{"start":{"line":7,"column":2},"end":{"line":11,"column":3}},"4":{"start":{"line":8,"column":4},"end":{"line":8,"column":79}},"5":{"start":{"line":10,"column":4},"end":{"line":10,"column":15}},"6":{"start":{"line":14,"column":0},"end":{"line":14,"column":23}}},"fnMap":{"0":{"name":"(anonymous_0)","decl":{"start":{"line":6,"column":16},"end":{"line":6,"column":17}},"loc":{"start":{"line":6,"column":48},"end":{"line":12,"column":1}},"line":6}},"branchMap":{},"s":{"0":0,"1":0,"2":0,"3":0,"4":0,"5":0,"6":0},"f":{"0":0},"b":{},"all":true},"/Users/ruisilva/Desktop/Projects/OpenSource/mot-workshop/api/users.js":{"path":"/Users/ruisilva/Desktop/Projects/OpenSource/mot-workshop/api/users.js","statementMap":{"0":{"start":{"line":1,"column":15},"end":{"line":1,"column":42}},"1":{"start":{"line":2,"column":17},"end":{"line":2,"column":36}},"2":{"start":{"line":4,"column":13},"end":{"line":4,"column":31}},"3":{"start":{"line":5,"column":12},"end":{"line":5,"column":29}},"4":{"start":{"line":7,"column":0},"end":{"line":19,"column":2}},"5":{"start":{"line":8,"column":2},"end":{"line":18,"column":3}},"6":{"start":{"line":9,"column":17},"end":{"line":11,"column":43}},"7":{"start":{"line":12,"column":4},"end":{"line":14,"column":5}},"8":{"start":{"line":13,"column":6},"end":{"line":13,"column":32}},"9":{"start":{"line":15,"column":4},"end":{"line":15,"column":48}},"10":{"start":{"line":17,"column":4},"end":{"line":17,"column":15}},"11":{"start":{"line":21,"column":0},"end":{"line":54,"column":2}},"12":{"start":{"line":22,"column":2},"end":{"line":53,"column":3}},"13":{"start":{"line":23,"column":17},"end":{"line":25,"column":43}},"14":{"start":{"line":26,"column":4},"end":{"line":28,"column":5}},"15":{"start":{"line":27,"column":6},"end":{"line":27,"column":32}},"16":{"start":{"line":29,"column":4},"end":{"line":49,"column":5}},"17":{"start":{"line":31,"column":6},"end":{"line":33,"column":7}},"18":{"start":{"line":32,"column":8},"end":{"line":32,"column":46}},"19":{"start":{"line":34,"column":6},"end":{"line":36,"column":7}},"20":{"start":{"line":35,"column":8},"end":{"line":35,"column":40}},"21":{"start":{"line":37,"column":6},"end":{"line":39,"column":7}},"22":{"start":{"line":38,"column":8},"end":{"line":38,"column":36}},"23":{"start":{"line":40,"column":6},"end":{"line":42,"column":7}},"24":{"start":{"line":41,"column":8},"end":{"line":41,"column":40}},"25":{"start":{"line":43,"column":6},"end":{"line":47,"column":7}},"26":{"start":{"line":44,"column":8},"end":{"line":46,"column":64}},"27":{"start":{"line":48,"column":6},"end":{"line":48,"column":23}},"28":{"start":{"line":50,"column":4},"end":{"line":50,"column":48}},"29":{"start":{"line":52,"column":4},"end":{"line":52,"column":15}},"30":{"start":{"line":56,"column":0},"end":{"line":81,"column":2}},"31":{"start":{"line":57,"column":2},"end":{"line":59,"column":3}},"32":{"start":{"line":58,"column":4},"end":{"line":58,"column":71}},"33":{"start":{"line":60,"column":2},"end":{"line":62,"column":3}},"34":{"start":{"line":61,"column":4},"end":{"line":61,"column":72}},"35":{"start":{"line":63,"column":2},"end":{"line":65,"column":3}},"36":{"start":{"line":64,"column":4},"end":{"line":64,"column":75}},"37":{"start":{"line":66,"column":2},"end":{"line":80,"column":19}},"38":{"start":{"line":70,"column":6},"end":{"line":72,"column":7}},"39":{"start":{"line":71,"column":8},"end":{"line":71,"column":24}},"40":{"start":{"line":73,"column":6},"end":{"line":78,"column":7}},"41":{"start":{"line":74,"column":8},"end":{"line":74,"column":39}},"42":{"start":{"line":75,"column":8},"end":{"line":75,"column":52}},"43":{"start":{"line":77,"column":8},"end":{"line":77,"column":41}},"44":{"start":{"line":83,"column":0},"end":{"line":104,"column":2}},"45":{"start":{"line":84,"column":2},"end":{"line":103,"column":3}},"46":{"start":{"line":85,"column":15},"end":{"line":85,"column":59}},"47":{"start":{"line":86,"column":4},"end":{"line":88,"column":5}},"48":{"start":{"line":87,"column":6},"end":{"line":87,"column":73}},"49":{"start":{"line":89,"column":4},"end":{"line":91,"column":5}},"50":{"start":{"line":90,"column":6},"end":{"line":90,"column":77}},"51":{"start":{"line":92,"column":4},"end":{"line":92,"column":42}},"52":{"start":{"line":93,"column":4},"end":{"line":93,"column":36}},"53":{"start":{"line":94,"column":4},"end":{"line":94,"column":34}},"54":{"start":{"line":95,"column":4},"end":{"line":97,"column":60}},"55":{"start":{"line":98,"column":4},"end":{"line":98,"column":21}},"56":{"start":{"line":99,"column":4},"end":{"line":99,"column":71}},"57":{"start":{"line":100,"column":4},"end":{"line":100,"column":48}},"58":{"start":{"line":102,"column":4},"end":{"line":102,"column":15}},"59":{"start":{"line":106,"column":0},"end":{"line":106,"column":23}}},"fnMap":{"0":{"name":"(anonymous_0)","decl":{"start":{"line":7,"column":35},"end":{"line":7,"column":36}},"loc":{"start":{"line":7,"column":67},"end":{"line":19,"column":1}},"line":7},"1":{"name":"(anonymous_1)","decl":{"start":{"line":21,"column":35},"end":{"line":21,"column":36}},"loc":{"start":{"line":21,"column":67},"end":{"line":54,"column":1}},"line":21},"2":{"name":"(anonymous_2)","decl":{"start":{"line":56,"column":28},"end":{"line":56,"column":29}},"loc":{"start":{"line":56,"column":54},"end":{"line":81,"column":1}},"line":56},"3":{"name":"(anonymous_3)","decl":{"start":{"line":69,"column":4},"end":{"line":69,"column":5}},"loc":{"start":{"line":69,"column":31},"end":{"line":79,"column":5}},"line":69},"4":{"name":"(anonymous_4)","decl":{"start":{"line":83,"column":22},"end":{"line":83,"column":23}},"loc":{"start":{"line":83,"column":54},"end":{"line":104,"column":1}},"line":83}},"branchMap":{"0":{"loc":{"start":{"line":12,"column":4},"end":{"line":14,"column":5}},"type":"if","locations":[{"start":{"line":12,"column":4},"end":{"line":14,"column":5}},{"start":{"line":12,"column":4},"end":{"line":14,"column":5}}],"line":12},"1":{"loc":{"start":{"line":26,"column":4},"end":{"line":28,"column":5}},"type":"if","locations":[{"start":{"line":26,"column":4},"end":{"line":28,"column":5}},{"start":{"line":26,"column":4},"end":{"line":28,"column":5}}],"line":26},"2":{"loc":{"start":{"line":29,"column":4},"end":{"line":49,"column":5}},"type":"if","locations":[{"start":{"line":29,"column":4},"end":{"line":49,"column":5}},{"start":{"line":29,"column":4},"end":{"line":49,"column":5}}],"line":29},"3":{"loc":{"start":{"line":31,"column":6},"end":{"line":33,"column":7}},"type":"if","locations":[{"start":{"line":31,"column":6},"end":{"line":33,"column":7}},{"start":{"line":31,"column":6},"end":{"line":33,"column":7}}],"line":31},"4":{"loc":{"start":{"line":34,"column":6},"end":{"line":36,"column":7}},"type":"if","locations":[{"start":{"line":34,"column":6},"end":{"line":36,"column":7}},{"start":{"line":34,"column":6},"end":{"line":36,"column":7}}],"line":34},"5":{"loc":{"start":{"line":37,"column":6},"end":{"line":39,"column":7}},"type":"if","locations":[{"start":{"line":37,"column":6},"end":{"line":39,"column":7}},{"start":{"line":37,"column":6},"end":{"line":39,"column":7}}],"line":37},"6":{"loc":{"start":{"line":40,"column":6},"end":{"line":42,"column":7}},"type":"if","locations":[{"start":{"line":40,"column":6},"end":{"line":42,"column":7}},{"start":{"line":40,"column":6},"end":{"line":42,"column":7}}],"line":40},"7":{"loc":{"start":{"line":43,"column":6},"end":{"line":47,"column":7}},"type":"if","locations":[{"start":{"line":43,"column":6},"end":{"line":47,"column":7}},{"start":{"line":43,"column":6},"end":{"line":47,"column":7}}],"line":43},"8":{"loc":{"start":{"line":57,"column":2},"end":{"line":59,"column":3}},"type":"if","locations":[{"start":{"line":57,"column":2},"end":{"line":59,"column":3}},{"start":{"line":57,"column":2},"end":{"line":59,"column":3}}],"line":57},"9":{"loc":{"start":{"line":60,"column":2},"end":{"line":62,"column":3}},"type":"if","locations":[{"start":{"line":60,"column":2},"end":{"line":62,"column":3}},{"start":{"line":60,"column":2},"end":{"line":62,"column":3}}],"line":60},"10":{"loc":{"start":{"line":63,"column":2},"end":{"line":65,"column":3}},"type":"if","locations":[{"start":{"line":63,"column":2},"end":{"line":65,"column":3}},{"start":{"line":63,"column":2},"end":{"line":65,"column":3}}],"line":63},"11":{"loc":{"start":{"line":70,"column":6},"end":{"line":72,"column":7}},"type":"if","locations":[{"start":{"line":70,"column":6},"end":{"line":72,"column":7}},{"start":{"line":70,"column":6},"end":{"line":72,"column":7}}],"line":70},"12":{"loc":{"start":{"line":73,"column":6},"end":{"line":78,"column":7}},"type":"if","locations":[{"start":{"line":73,"column":6},"end":{"line":78,"column":7}},{"start":{"line":73,"column":6},"end":{"line":78,"column":7}}],"line":73},"13":{"loc":{"start":{"line":86,"column":4},"end":{"line":88,"column":5}},"type":"if","locations":[{"start":{"line":86,"column":4},"end":{"line":88,"column":5}},{"start":{"line":86,"column":4},"end":{"line":88,"column":5}}],"line":86},"14":{"loc":{"start":{"line":89,"column":4},"end":{"line":91,"column":5}},"type":"if","locations":[{"start":{"line":89,"column":4},"end":{"line":91,"column":5}},{"start":{"line":89,"column":4},"end":{"line":91,"column":5}}],"line":89}},"s":{"0":0,"1":0,"2":0,"3":0,"4":0,"5":0,"6":0,"7":0,"8":0,"9":0,"10":0,"11":0,"12":0,"13":0,"14":0,"15":0,"16":0,"17":0,"18":0,"19":0,"20":0,"21":0,"22":0,"23":0,"24":0,"25":0,"26":0,"27":0,"28":0,"29":0,"30":0,"31":0,"32":0,"33":0,"34":0,"35":0,"36":0,"37":0,"38":0,"39":0,"40":0,"41":0,"42":0,"43":0,"44":0,"45":0,"46":0,"47":0,"48":0,"49":0,"50":0,"51":0,"52":0,"53":0,"54":0,"55":0,"56":0,"57":0,"58":0,"59":0},"f":{"0":0,"1":0,"2":0,"3":0,"4":0},"b":{"0":[0,0],"1":[0,0],"2":[0,0],"3":[0,0],"4":[0,0],"5":[0,0],"6":[0,0],"7":[0,0],"8":[0,0],"9":[0,0],"10":[0,0],"11":[0,0],"12":[0,0],"13":[0,0],"14":[0,0]},"all":true},"/Users/ruisilva/Desktop/Projects/OpenSource/mot-workshop/app.js":{"path":"/Users/ruisilva/Desktop/Projects/OpenSource/mot-workshop/app.js","statementMap":{"0":{"start":{"line":4,"column":0},"end":{"line":4,"column":32}},"1":{"start":{"line":6,"column":19},"end":{"line":6,"column":41}},"2":{"start":{"line":7,"column":13},"end":{"line":7,"column":28}},"3":{"start":{"line":8,"column":16},"end":{"line":8,"column":34}},"4":{"start":{"line":9,"column":15},"end":{"line":9,"column":32}},"5":{"start":{"line":10,"column":13},"end":{"line":10,"column":28}},"6":{"start":{"line":11,"column":17},"end":{"line":11,"column":36}},"7":{"start":{"line":12,"column":23},"end":{"line":12,"column":48}},"8":{"start":{"line":13,"column":16},"end":{"line":13,"column":42}},"9":{"start":{"line":15,"column":12},"end":{"line":15,"column":28}},"10":{"start":{"line":16,"column":12},"end":{"line":16,"column":28}},"11":{"start":{"line":17,"column":15},"end":{"line":17,"column":34}},"12":{"start":{"line":18,"column":15},"end":{"line":18,"column":40}},"13":{"start":{"line":25,"column":14},"end":{"line":25,"column":23}},"14":{"start":{"line":28,"column":2},"end":{"line":31,"column":3}},"15":{"start":{"line":29,"column":4},"end":{"line":29,"column":53}},"16":{"start":{"line":30,"column":4},"end":{"line":30,"column":44}},"17":{"start":{"line":33,"column":20},"end":{"line":33,"column":50}},"18":{"start":{"line":34,"column":2},"end":{"line":34,"column":33}},"19":{"start":{"line":35,"column":2},"end":{"line":54,"column":3}},"20":{"start":{"line":42,"column":8},"end":{"line":51,"column":22}},"21":{"start":{"line":44,"column":12},"end":{"line":48,"column":13}},"22":{"start":{"line":45,"column":14},"end":{"line":47,"column":16}},"23":{"start":{"line":49,"column":12},"end":{"line":49,"column":35}},"24":{"start":{"line":55,"column":2},"end":{"line":55,"column":17}},"25":{"start":{"line":58,"column":2},"end":{"line":61,"column":3}},"26":{"start":{"line":60,"column":4},"end":{"line":60,"column":31}},"27":{"start":{"line":62,"column":2},"end":{"line":62,"column":53}},"28":{"start":{"line":63,"column":2},"end":{"line":63,"column":28}},"29":{"start":{"line":64,"column":2},"end":{"line":64,"column":39}},"30":{"start":{"line":67,"column":2},"end":{"line":74,"column":4}},"31":{"start":{"line":72,"column":4},"end":{"line":72,"column":29}},"32":{"start":{"line":73,"column":4},"end":{"line":73,"column":31}},"33":{"start":{"line":75,"column":2},"end":{"line":82,"column":3}},"34":{"start":{"line":86,"column":19},"end":{"line":86,"column":35}},"35":{"start":{"line":87,"column":4},"end":{"line":87,"column":35}},"36":{"start":{"line":88,"column":4},"end":{"line":88,"column":19}},"37":{"start":{"line":92,"column":2},"end":{"line":94,"column":4}},"38":{"start":{"line":93,"column":4},"end":{"line":93,"column":48}},"39":{"start":{"line":97,"column":2},"end":{"line":120,"column":4}},"40":{"start":{"line":99,"column":4},"end":{"line":118,"column":5}},"41":{"start":{"line":100,"column":6},"end":{"line":103,"column":7}},"42":{"start":{"line":102,"column":8},"end":{"line":102,"column":26}},"43":{"start":{"line":104,"column":21},"end":{"line":104,"column":23}},"44":{"start":{"line":105,"column":6},"end":{"line":112,"column":7}},"45":{"start":{"line":106,"column":30},"end":{"line":106,"column":50}},"46":{"start":{"line":107,"column":8},"end":{"line":110,"column":9}},"47":{"start":{"line":108,"column":10},"end":{"line":108,"column":30}},"48":{"start":{"line":109,"column":10},"end":{"line":109,"column":48}},"49":{"start":{"line":111,"column":8},"end":{"line":111,"column":45}},"50":{"start":{"line":113,"column":6},"end":{"line":113,"column":45}},"51":{"start":{"line":114,"column":11},"end":{"line":118,"column":5}},"52":{"start":{"line":115,"column":6},"end":{"line":117,"column":8}},"53":{"start":{"line":119,"column":4},"end":{"line":119,"column":20}},"54":{"start":{"line":122,"column":2},"end":{"line":124,"column":3}},"55":{"start":{"line":123,"column":4},"end":{"line":123,"column":27}},"56":{"start":{"line":125,"column":2},"end":{"line":125,"column":32}},"57":{"start":{"line":127,"column":2},"end":{"line":127,"column":30}},"58":{"start":{"line":128,"column":2},"end":{"line":142,"column":4}},"59":{"start":{"line":129,"column":19},"end":{"line":137,"column":6}},"60":{"start":{"line":130,"column":6},"end":{"line":136,"column":7}},"61":{"start":{"line":131,"column":8},"end":{"line":131,"column":32}},"62":{"start":{"line":133,"column":8},"end":{"line":133,"column":17}},"63":{"start":{"line":134,"column":8},"end":{"line":134,"column":20}},"64":{"start":{"line":135,"column":8},"end":{"line":135,"column":15}},"65":{"start":{"line":138,"column":4},"end":{"line":141,"column":6}},"66":{"start":{"line":139,"column":6},"end":{"line":139,"column":29}},"67":{"start":{"line":140,"column":6},"end":{"line":140,"column":15}},"68":{"start":{"line":145,"column":0},"end":{"line":149,"column":1}},"69":{"start":{"line":146,"column":2},"end":{"line":148,"column":4}},"70":{"start":{"line":147,"column":4},"end":{"line":147,"column":74}},"71":{"start":{"line":151,"column":0},"end":{"line":151,"column":26}}},"fnMap":{"0":{"name":"start","decl":{"start":{"line":24,"column":15},"end":{"line":24,"column":20}},"loc":{"start":{"line":24,"column":42},"end":{"line":143,"column":1}},"line":24},"1":{"name":"(anonymous_1)","decl":{"start":{"line":41,"column":6},"end":{"line":41,"column":7}},"loc":{"start":{"line":41,"column":39},"end":{"line":52,"column":7}},"line":41},"2":{"name":"(anonymous_2)","decl":{"start":{"line":43,"column":16},"end":{"line":43,"column":17}},"loc":{"start":{"line":43,"column":32},"end":{"line":50,"column":11}},"line":43},"3":{"name":"(anonymous_3)","decl":{"start":{"line":67,"column":58},"end":{"line":67,"column":59}},"loc":{"start":{"line":67,"column":78},"end":{"line":74,"column":3}},"line":67},"4":{"name":"(anonymous_4)","decl":{"start":{"line":92,"column":10},"end":{"line":92,"column":11}},"loc":{"start":{"line":92,"column":30},"end":{"line":94,"column":3}},"line":92},"5":{"name":"(anonymous_5)","decl":{"start":{"line":97,"column":10},"end":{"line":97,"column":11}},"loc":{"start":{"line":97,"column":41},"end":{"line":120,"column":3}},"line":97},"6":{"name":"(anonymous_6)","decl":{"start":{"line":128,"column":21},"end":{"line":128,"column":22}},"loc":{"start":{"line":128,"column":42},"end":{"line":142,"column":3}},"line":128},"7":{"name":"(anonymous_7)","decl":{"start":{"line":129,"column":36},"end":{"line":129,"column":37}},"loc":{"start":{"line":129,"column":54},"end":{"line":137,"column":5}},"line":129},"8":{"name":"(anonymous_8)","decl":{"start":{"line":138,"column":23},"end":{"line":138,"column":24}},"loc":{"start":{"line":138,"column":41},"end":{"line":141,"column":5}},"line":138},"9":{"name":"(anonymous_9)","decl":{"start":{"line":146,"column":27},"end":{"line":146,"column":28}},"loc":{"start":{"line":146,"column":39},"end":{"line":148,"column":3}},"line":146}},"branchMap":{"0":{"loc":{"start":{"line":28,"column":2},"end":{"line":31,"column":3}},"type":"if","locations":[{"start":{"line":28,"column":2},"end":{"line":31,"column":3}},{"start":{"line":28,"column":2},"end":{"line":31,"column":3}}],"line":28},"1":{"loc":{"start":{"line":44,"column":12},"end":{"line":48,"column":13}},"type":"if","locations":[{"start":{"line":44,"column":12},"end":{"line":48,"column":13}},{"start":{"line":44,"column":12},"end":{"line":48,"column":13}}],"line":44},"2":{"loc":{"start":{"line":44,"column":16},"end":{"line":44,"column":77}},"type":"binary-expr","locations":[{"start":{"line":44,"column":16},"end":{"line":44,"column":21}},{"start":{"line":44,"column":25},"end":{"line":44,"column":77}}],"line":44},"3":{"loc":{"start":{"line":58,"column":2},"end":{"line":61,"column":3}},"type":"if","locations":[{"start":{"line":58,"column":2},"end":{"line":61,"column":3}},{"start":{"line":58,"column":2},"end":{"line":61,"column":3}}],"line":58},"4":{"loc":{"start":{"line":99,"column":4},"end":{"line":118,"column":5}},"type":"if","locations":[{"start":{"line":99,"column":4},"end":{"line":118,"column":5}},{"start":{"line":99,"column":4},"end":{"line":118,"column":5}}],"line":99},"5":{"loc":{"start":{"line":100,"column":6},"end":{"line":103,"column":7}},"type":"if","locations":[{"start":{"line":100,"column":6},"end":{"line":103,"column":7}},{"start":{"line":100,"column":6},"end":{"line":103,"column":7}}],"line":100},"6":{"loc":{"start":{"line":107,"column":8},"end":{"line":110,"column":9}},"type":"if","locations":[{"start":{"line":107,"column":8},"end":{"line":110,"column":9}},{"start":{"line":107,"column":8},"end":{"line":110,"column":9}}],"line":107},"7":{"loc":{"start":{"line":114,"column":11},"end":{"line":118,"column":5}},"type":"if","locations":[{"start":{"line":114,"column":11},"end":{"line":118,"column":5}},{"start":{"line":114,"column":11},"end":{"line":118,"column":5}}],"line":114},"8":{"loc":{"start":{"line":122,"column":2},"end":{"line":124,"column":3}},"type":"if","locations":[{"start":{"line":122,"column":2},"end":{"line":124,"column":3}},{"start":{"line":122,"column":2},"end":{"line":124,"column":3}}],"line":122},"9":{"loc":{"start":{"line":131,"column":8},"end":{"line":131,"column":32}},"type":"binary-expr","locations":[{"start":{"line":131,"column":8},"end":{"line":131,"column":10}},{"start":{"line":131,"column":15},"end":{"line":131,"column":31}}],"line":131},"10":{"loc":{"start":{"line":145,"column":0},"end":{"line":149,"column":1}},"type":"if","locations":[{"start":{"line":145,"column":0},"end":{"line":149,"column":1}},{"start":{"line":145,"column":0},"end":{"line":149,"column":1}}],"line":145}},"s":{"0":0,"1":0,"2":0,"3":0,"4":0,"5":0,"6":0,"7":0,"8":0,"9":0,"10":0,"11":0,"12":0,"13":0,"14":0,"15":0,"16":0,"17":0,"18":0,"19":0,"20":0,"21":0,"22":0,"23":0,"24":0,"25":0,"26":0,"27":0,"28":0,"29":0,"30":0,"31":0,"32":0,"33":0,"34":0,"35":0,"36":0,"37":0,"38":0,"39":0,"40":0,"41":0,"42":0,"43":0,"44":0,"45":0,"46":0,"47":0,"48":0,"49":0,"50":0,"51":0,"52":0,"53":0,"54":0,"55":0,"56":0,"57":0,"58":0,"59":0,"60":0,"61":0,"62":0,"63":0,"64":0,"65":0,"66":0,"67":0,"68":0,"69":0,"70":0,"71":0},"f":{"0":0,"1":0,"2":0,"3":0,"4":0,"5":0,"6":0,"7":0,"8":0,"9":0},"b":{"0":[0,0],"1":[0,0],"2":[0,0],"3":[0,0],"4":[0,0],"5":[0,0],"6":[0,0],"7":[0,0],"8":[0,0],"9":[0,0],"10":[0,0]},"all":true},"/Users/ruisilva/Desktop/Projects/OpenSource/mot-workshop/auth.js":{"path":"/Users/ruisilva/Desktop/Projects/OpenSource/mot-workshop/auth.js","statementMap":{"0":{"start":{"line":1,"column":12},"end":{"line":1,"column":34}},"1":{"start":{"line":3,"column":15},"end":{"line":3,"column":47}},"2":{"start":{"line":6,"column":2},"end":{"line":11,"column":3}},"3":{"start":{"line":10,"column":4},"end":{"line":10,"column":38}},"4":{"start":{"line":12,"column":2},"end":{"line":12,"column":13}},"5":{"start":{"line":16,"column":12},"end":{"line":16,"column":57}},"6":{"start":{"line":17,"column":2},"end":{"line":17,"column":21}},"7":{"start":{"line":17,"column":11},"end":{"line":17,"column":21}},"8":{"start":{"line":29,"column":2},"end":{"line":29,"column":13}},"9":{"start":{"line":32,"column":0},"end":{"line":44,"column":1}}},"fnMap":{"0":{"name":"getTokenFromHeader","decl":{"start":{"line":5,"column":9},"end":{"line":5,"column":27}},"loc":{"start":{"line":5,"column":43},"end":{"line":13,"column":1}},"line":5},"1":{"name":"getTokenFromRequest","decl":{"start":{"line":15,"column":9},"end":{"line":15,"column":28}},"loc":{"start":{"line":15,"column":34},"end":{"line":30,"column":1}},"line":15}},"branchMap":{"0":{"loc":{"start":{"line":6,"column":2},"end":{"line":11,"column":3}},"type":"if","locations":[{"start":{"line":6,"column":2},"end":{"line":11,"column":3}},{"start":{"line":6,"column":2},"end":{"line":11,"column":3}}],"line":6},"1":{"loc":{"start":{"line":7,"column":4},"end":{"line":8,"column":63}},"type":"binary-expr","locations":[{"start":{"line":7,"column":5},"end":{"line":7,"column":18}},{"start":{"line":7,"column":22},"end":{"line":7,"column":61}},{"start":{"line":8,"column":5},"end":{"line":8,"column":18}},{"start":{"line":8,"column":22},"end":{"line":8,"column":62}}],"line":7},"2":{"loc":{"start":{"line":17,"column":2},"end":{"line":17,"column":21}},"type":"if","locations":[{"start":{"line":17,"column":2},"end":{"line":17,"column":21}},{"start":{"line":17,"column":2},"end":{"line":17,"column":21}}],"line":17}},"s":{"0":0,"1":0,"2":0,"3":0,"4":0,"5":0,"6":0,"7":0,"8":0,"9":0},"f":{"0":0,"1":0},"b":{"0":[0,0],"1":[0,0,0,0],"2":[0,0]},"all":true},"/Users/ruisilva/Desktop/Projects/OpenSource/mot-workshop/bin/generate-demo-data.js":{"path":"/Users/ruisilva/Desktop/Projects/OpenSource/mot-workshop/bin/generate-demo-data.js","statementMap":{"0":{"start":{"line":3,"column":15},"end":{"line":3,"column":32}},"1":{"start":{"line":4,"column":13},"end":{"line":4,"column":28}},"2":{"start":{"line":6,"column":15},"end":{"line":6,"column":41}},"3":{"start":{"line":9,"column":22},"end":{"line":9,"column":37}},"4":{"start":{"line":10,"column":2},"end":{"line":12,"column":3}},"5":{"start":{"line":11,"column":4},"end":{"line":11,"column":67}},"6":{"start":{"line":13,"column":2},"end":{"line":13,"column":20}},"7":{"start":{"line":16,"column":18},"end":{"line":16,"column":38}},"8":{"start":{"line":17,"column":0},"end":{"line":22,"column":1}},"9":{"start":{"line":23,"column":0},"end":{"line":28,"column":1}},"10":{"start":{"line":29,"column":0},"end":{"line":33,"column":1}},"11":{"start":{"line":34,"column":0},"end":{"line":39,"column":1}},"12":{"start":{"line":40,"column":0},"end":{"line":40,"column":75}},"13":{"start":{"line":41,"column":0},"end":{"line":46,"column":1}},"14":{"start":{"line":47,"column":0},"end":{"line":51,"column":1}},"15":{"start":{"line":52,"column":0},"end":{"line":52,"column":64}},"16":{"start":{"line":53,"column":0},"end":{"line":58,"column":1}},"17":{"start":{"line":59,"column":0},"end":{"line":59,"column":29}},"18":{"start":{"line":61,"column":0},"end":{"line":63,"column":1}},"19":{"start":{"line":62,"column":2},"end":{"line":62,"column":30}},"20":{"start":{"line":64,"column":1},"end":{"line":79,"column":4}},"21":{"start":{"line":65,"column":19},"end":{"line":65,"column":41}},"22":{"start":{"line":66,"column":20},"end":{"line":77,"column":4}},"23":{"start":{"line":78,"column":2},"end":{"line":78,"column":25}}},"fnMap":{"0":{"name":"myParseInt","decl":{"start":{"line":8,"column":9},"end":{"line":8,"column":19}},"loc":{"start":{"line":8,"column":27},"end":{"line":14,"column":1}},"line":8},"1":{"name":"(anonymous_1)","decl":{"start":{"line":64,"column":2},"end":{"line":64,"column":3}},"loc":{"start":{"line":64,"column":14},"end":{"line":79,"column":1}},"line":64}},"branchMap":{"0":{"loc":{"start":{"line":10,"column":2},"end":{"line":12,"column":3}},"type":"if","locations":[{"start":{"line":10,"column":2},"end":{"line":12,"column":3}},{"start":{"line":10,"column":2},"end":{"line":12,"column":3}}],"line":10},"1":{"loc":{"start":{"line":61,"column":0},"end":{"line":63,"column":1}},"type":"if","locations":[{"start":{"line":61,"column":0},"end":{"line":63,"column":1}},{"start":{"line":61,"column":0},"end":{"line":63,"column":1}}],"line":61}},"s":{"0":0,"1":0,"2":0,"3":0,"4":0,"5":0,"6":0,"7":0,"8":0,"9":0,"10":0,"11":0,"12":0,"13":0,"14":0,"15":0,"16":0,"17":0,"18":0,"19":0,"20":0,"21":0,"22":0,"23":0},"f":{"0":0,"1":0},"b":{"0":[0,0],"1":[0,0]},"all":true},"/Users/ruisilva/Desktop/Projects/OpenSource/mot-workshop/bin/sync-db.js":{"path":"/Users/ruisilva/Desktop/Projects/OpenSource/mot-workshop/bin/sync-db.js","statementMap":{"0":{"start":{"line":9,"column":1},"end":{"line":42,"column":4}},"1":{"start":{"line":10,"column":15},"end":{"line":10,"column":30}},"2":{"start":{"line":11,"column":24},"end":{"line":11,"column":48}},"3":{"start":{"line":12,"column":28},"end":{"line":12,"column":48}},"4":{"start":{"line":13,"column":17},"end":{"line":13,"column":43}},"5":{"start":{"line":14,"column":17},"end":{"line":14,"column":37}},"6":{"start":{"line":16,"column":20},"end":{"line":16,"column":64}},"7":{"start":{"line":17,"column":16},"end":{"line":17,"column":20}},"8":{"start":{"line":18,"column":2},"end":{"line":25,"column":3}},"9":{"start":{"line":19,"column":4},"end":{"line":19,"column":50}},"10":{"start":{"line":20,"column":4},"end":{"line":20,"column":19}},"11":{"start":{"line":22,"column":4},"end":{"line":24,"column":5}},"12":{"start":{"line":23,"column":6},"end":{"line":23,"column":34}},"13":{"start":{"line":26,"column":2},"end":{"line":41,"column":3}},"14":{"start":{"line":27,"column":16},"end":{"line":27,"column":27}},"15":{"start":{"line":28,"column":4},"end":{"line":30,"column":5}},"16":{"start":{"line":29,"column":6},"end":{"line":29,"column":33}},"17":{"start":{"line":31,"column":16},"end":{"line":37,"column":5}},"18":{"start":{"line":38,"column":4},"end":{"line":38,"column":40}},"19":{"start":{"line":39,"column":4},"end":{"line":39,"column":40}},"20":{"start":{"line":40,"column":4},"end":{"line":40,"column":28}}},"fnMap":{"0":{"name":"(anonymous_0)","decl":{"start":{"line":9,"column":2},"end":{"line":9,"column":3}},"loc":{"start":{"line":9,"column":14},"end":{"line":42,"column":1}},"line":9}},"branchMap":{"0":{"loc":{"start":{"line":22,"column":4},"end":{"line":24,"column":5}},"type":"if","locations":[{"start":{"line":22,"column":4},"end":{"line":24,"column":5}},{"start":{"line":22,"column":4},"end":{"line":24,"column":5}}],"line":22},"1":{"loc":{"start":{"line":26,"column":2},"end":{"line":41,"column":3}},"type":"if","locations":[{"start":{"line":26,"column":2},"end":{"line":41,"column":3}},{"start":{"line":26,"column":2},"end":{"line":41,"column":3}}],"line":26},"2":{"loc":{"start":{"line":28,"column":4},"end":{"line":30,"column":5}},"type":"if","locations":[{"start":{"line":28,"column":4},"end":{"line":30,"column":5}},{"start":{"line":28,"column":4},"end":{"line":30,"column":5}}],"line":28}},"s":{"0":0,"1":0,"2":0,"3":0,"4":0,"5":0,"6":0,"7":0,"8":0,"9":0,"10":0,"11":0,"12":0,"13":0,"14":0,"15":0,"16":0,"17":0,"18":0,"19":0,"20":0},"f":{"0":0},"b":{"0":[0,0],"1":[0,0],"2":[0,0]},"all":true},"/Users/ruisilva/Desktop/Projects/OpenSource/mot-workshop/front/api/index.js":{"path":"/Users/ruisilva/Desktop/Projects/OpenSource/mot-workshop/front/api/index.js","statementMap":{"0":{"start":{"line":3,"column":22},"end":{"line":15,"column":1}},"1":{"start":{"line":4,"column":2},"end":{"line":4,"column":46}},"2":{"start":{"line":4,"column":37},"end":{"line":4,"column":46}},"3":{"start":{"line":5,"column":2},"end":{"line":5,"column":42}},"4":{"start":{"line":5,"column":33},"end":{"line":5,"column":42}},"5":{"start":{"line":6,"column":2},"end":{"line":6,"column":67}},"6":{"start":{"line":6,"column":58},"end":{"line":6,"column":67}},"7":{"start":{"line":7,"column":15},"end":{"line":7,"column":51}},"8":{"start":{"line":8,"column":2},"end":{"line":14,"column":3}},"9":{"start":{"line":9,"column":4},"end":{"line":13,"column":5}},"10":{"start":{"line":18,"column":2},"end":{"line":23,"column":3}},"11":{"start":{"line":19,"column":4},"end":{"line":22,"column":5}},"12":{"start":{"line":20,"column":23},"end":{"line":20,"column":60}},"13":{"start":{"line":21,"column":6},"end":{"line":21,"column":17}}},"fnMap":{"0":{"name":"(anonymous_0)","decl":{"start":{"line":3,"column":22},"end":{"line":3,"column":23}},"loc":{"start":{"line":3,"column":28},"end":{"line":15,"column":1}},"line":3},"1":{"name":"Fetcher","decl":{"start":{"line":17,"column":24},"end":{"line":17,"column":31}},"loc":{"start":{"line":17,"column":52},"end":{"line":24,"column":1}},"line":17},"2":{"name":"(anonymous_2)","decl":{"start":{"line":18,"column":9},"end":{"line":18,"column":10}},"loc":{"start":{"line":18,"column":24},"end":{"line":23,"column":3}},"line":18}},"branchMap":{"0":{"loc":{"start":{"line":4,"column":2},"end":{"line":4,"column":46}},"type":"if","locations":[{"start":{"line":4,"column":2},"end":{"line":4,"column":46}},{"start":{"line":4,"column":2},"end":{"line":4,"column":46}}],"line":4},"1":{"loc":{"start":{"line":5,"column":2},"end":{"line":5,"column":42}},"type":"if","locations":[{"start":{"line":5,"column":2},"end":{"line":5,"column":42}},{"start":{"line":5,"column":2},"end":{"line":5,"column":42}}],"line":5},"2":{"loc":{"start":{"line":6,"column":2},"end":{"line":6,"column":67}},"type":"if","locations":[{"start":{"line":6,"column":2},"end":{"line":6,"column":67}},{"start":{"line":6,"column":2},"end":{"line":6,"column":67}}],"line":6},"3":{"loc":{"start":{"line":8,"column":2},"end":{"line":14,"column":3}},"type":"if","locations":[{"start":{"line":8,"column":2},"end":{"line":14,"column":3}},{"start":{"line":8,"column":2},"end":{"line":14,"column":3}}],"line":8},"4":{"loc":{"start":{"line":17,"column":32},"end":{"line":17,"column":50}},"type":"default-arg","locations":[{"start":{"line":17,"column":45},"end":{"line":17,"column":50}}],"line":17},"5":{"loc":{"start":{"line":19,"column":4},"end":{"line":22,"column":5}},"type":"if","locations":[{"start":{"line":19,"column":4},"end":{"line":22,"column":5}},{"start":{"line":19,"column":4},"end":{"line":22,"column":5}}],"line":19}},"s":{"0":0,"1":0,"2":0,"3":0,"4":0,"5":0,"6":0,"7":0,"8":0,"9":0,"10":0,"11":0,"12":0,"13":0},"f":{"0":0,"1":0,"2":0},"b":{"0":[0,0],"1":[0,0],"2":[0,0],"3":[0,0],"4":[0],"5":[0,0]},"all":true},"/Users/ruisilva/Desktop/Projects/OpenSource/mot-workshop/front/config.js":{"path":"/Users/ruisilva/Desktop/Projects/OpenSource/mot-workshop/front/config.js","statementMap":{"0":{"start":{"line":2,"column":0},"end":{"line":6,"column":1}},"1":{"start":{"line":3,"column":2},"end":{"line":3,"column":54}},"2":{"start":{"line":5,"column":2},"end":{"line":5,"column":66}},"3":{"start":{"line":9,"column":0},"end":{"line":13,"column":1}},"4":{"start":{"line":10,"column":2},"end":{"line":10,"column":20}},"5":{"start":{"line":12,"column":2},"end":{"line":12,"column":18}},"6":{"start":{"line":16,"column":0},"end":{"line":20,"column":1}},"7":{"start":{"line":17,"column":2},"end":{"line":17,"column":45}},"8":{"start":{"line":19,"column":2},"end":{"line":19,"column":40}},"9":{"start":{"line":22,"column":0},"end":{"line":78,"column":1}}},"fnMap":{},"branchMap":{"0":{"loc":{"start":{"line":2,"column":0},"end":{"line":6,"column":1}},"type":"if","locations":[{"start":{"line":2,"column":0},"end":{"line":6,"column":1}},{"start":{"line":2,"column":0},"end":{"line":6,"column":1}}],"line":2},"1":{"loc":{"start":{"line":9,"column":0},"end":{"line":13,"column":1}},"type":"if","locations":[{"start":{"line":9,"column":0},"end":{"line":13,"column":1}},{"start":{"line":9,"column":0},"end":{"line":13,"column":1}}],"line":9},"2":{"loc":{"start":{"line":16,"column":0},"end":{"line":20,"column":1}},"type":"if","locations":[{"start":{"line":16,"column":0},"end":{"line":20,"column":1}},{"start":{"line":16,"column":0},"end":{"line":20,"column":1}}],"line":16},"3":{"loc":{"start":{"line":43,"column":4},"end":{"line":45,"column":62}},"type":"cond-expr","locations":[{"start":{"line":44,"column":8},"end":{"line":44,"column":20}},{"start":{"line":45,"column":8},"end":{"line":45,"column":62}}],"line":43},"4":{"loc":{"start":{"line":46,"column":8},"end":{"line":46,"column":32}},"type":"binary-expr","locations":[{"start":{"line":46,"column":8},"end":{"line":46,"column":24}},{"start":{"line":46,"column":28},"end":{"line":46,"column":32}}],"line":46},"5":{"loc":{"start":{"line":52,"column":10},"end":{"line":52,"column":54}},"type":"cond-expr","locations":[{"start":{"line":52,"column":25},"end":{"line":52,"column":43}},{"start":{"line":52,"column":46},"end":{"line":52,"column":54}}],"line":52},"6":{"loc":{"start":{"line":64,"column":6},"end":{"line":65,"column":70}},"type":"binary-expr","locations":[{"start":{"line":64,"column":6},"end":{"line":64,"column":17}},{"start":{"line":65,"column":6},"end":{"line":65,"column":70}}],"line":64}},"s":{"0":0,"1":0,"2":0,"3":0,"4":0,"5":0,"6":0,"7":0,"8":0,"9":0},"f":{},"b":{"0":[0,0],"1":[0,0],"2":[0,0],"3":[0,0],"4":[0,0],"5":[0,0],"6":[0,0]},"all":true},"/Users/ruisilva/Desktop/Projects/OpenSource/mot-workshop/lib.js":{"path":"/Users/ruisilva/Desktop/Projects/OpenSource/mot-workshop/lib.js","statementMap":{"0":{"start":{"line":1,"column":15},"end":{"line":1,"column":40}},"1":{"start":{"line":4,"column":2},"end":{"line":15,"column":3}},"2":{"start":{"line":6,"column":16},"end":{"line":11,"column":6}},"3":{"start":{"line":12,"column":4},"end":{"line":14,"column":5}},"4":{"start":{"line":13,"column":6},"end":{"line":13,"column":70}},"5":{"start":{"line":13,"column":58},"end":{"line":13,"column":64}},"6":{"start":{"line":17,"column":0},"end":{"line":17,"column":49}},"7":{"start":{"line":22,"column":2},"end":{"line":22,"column":38}},"8":{"start":{"line":24,"column":0},"end":{"line":24,"column":33}},"9":{"start":{"line":28,"column":4},"end":{"line":28,"column":11}},"10":{"start":{"line":29,"column":4},"end":{"line":29,"column":24}},"11":{"start":{"line":30,"column":4},"end":{"line":30,"column":24}},"12":{"start":{"line":33,"column":0},"end":{"line":33,"column":41}},"13":{"start":{"line":36,"column":2},"end":{"line":43,"column":26}},"14":{"start":{"line":43,"column":17},"end":{"line":43,"column":25}},"15":{"start":{"line":45,"column":0},"end":{"line":45,"column":35}},"16":{"start":{"line":48,"column":12},"end":{"line":48,"column":21}},"17":{"start":{"line":49,"column":11},"end":{"line":49,"column":52}},"18":{"start":{"line":50,"column":2},"end":{"line":50,"column":16}},"19":{"start":{"line":52,"column":0},"end":{"line":52,"column":57}},"20":{"start":{"line":55,"column":14},"end":{"line":55,"column":23}},"21":{"start":{"line":56,"column":2},"end":{"line":72,"column":3}},"22":{"start":{"line":57,"column":4},"end":{"line":57,"column":23}},"23":{"start":{"line":59,"column":20},"end":{"line":59,"column":36}},"24":{"start":{"line":60,"column":4},"end":{"line":71,"column":5}},"25":{"start":{"line":61,"column":6},"end":{"line":61,"column":16}},"26":{"start":{"line":63,"column":6},"end":{"line":70,"column":7}},"27":{"start":{"line":74,"column":0},"end":{"line":74,"column":37}}},"fnMap":{"0":{"name":"deleteOldestForDemo","decl":{"start":{"line":3,"column":15},"end":{"line":3,"column":34}},"loc":{"start":{"line":3,"column":42},"end":{"line":16,"column":1}},"line":3},"1":{"name":"(anonymous_1)","decl":{"start":{"line":13,"column":49},"end":{"line":13,"column":50}},"loc":{"start":{"line":13,"column":58},"end":{"line":13,"column":64}},"line":13},"2":{"name":"getClientIp","decl":{"start":{"line":21,"column":9},"end":{"line":21,"column":20}},"loc":{"start":{"line":21,"column":26},"end":{"line":23,"column":1}},"line":21},"3":{"name":"(anonymous_3)","decl":{"start":{"line":27,"column":2},"end":{"line":27,"column":3}},"loc":{"start":{"line":27,"column":30},"end":{"line":31,"column":3}},"line":27},"4":{"name":"getIndexTags","decl":{"start":{"line":35,"column":15},"end":{"line":35,"column":27}},"loc":{"start":{"line":35,"column":39},"end":{"line":44,"column":1}},"line":35},"5":{"name":"(anonymous_5)","decl":{"start":{"line":43,"column":8},"end":{"line":43,"column":9}},"loc":{"start":{"line":43,"column":17},"end":{"line":43,"column":25}},"line":43},"6":{"name":"validatePositiveInteger","decl":{"start":{"line":47,"column":9},"end":{"line":47,"column":32}},"loc":{"start":{"line":47,"column":36},"end":{"line":51,"column":1}},"line":47},"7":{"name":"validateParam","decl":{"start":{"line":54,"column":9},"end":{"line":54,"column":22}},"loc":{"start":{"line":54,"column":59},"end":{"line":73,"column":1}},"line":54}},"branchMap":{"0":{"loc":{"start":{"line":4,"column":2},"end":{"line":15,"column":3}},"type":"if","locations":[{"start":{"line":4,"column":2},"end":{"line":15,"column":3}},{"start":{"line":4,"column":2},"end":{"line":15,"column":3}}],"line":4},"1":{"loc":{"start":{"line":12,"column":4},"end":{"line":14,"column":5}},"type":"if","locations":[{"start":{"line":12,"column":4},"end":{"line":14,"column":5}},{"start":{"line":12,"column":4},"end":{"line":14,"column":5}}],"line":12},"2":{"loc":{"start":{"line":49,"column":11},"end":{"line":49,"column":52}},"type":"binary-expr","locations":[{"start":{"line":49,"column":11},"end":{"line":49,"column":19}},{"start":{"line":49,"column":23},"end":{"line":49,"column":42}},{"start":{"line":49,"column":46},"end":{"line":49,"column":52}}],"line":49},"3":{"loc":{"start":{"line":56,"column":2},"end":{"line":72,"column":3}},"type":"if","locations":[{"start":{"line":56,"column":2},"end":{"line":72,"column":3}},{"start":{"line":56,"column":2},"end":{"line":72,"column":3}}],"line":56},"4":{"loc":{"start":{"line":60,"column":4},"end":{"line":71,"column":5}},"type":"if","locations":[{"start":{"line":60,"column":4},"end":{"line":71,"column":5}},{"start":{"line":60,"column":4},"end":{"line":71,"column":5}}],"line":60}},"s":{"0":0,"1":0,"2":0,"3":0,"4":0,"5":0,"6":0,"7":0,"8":0,"9":0,"10":0,"11":0,"12":0,"13":0,"14":0,"15":0,"16":0,"17":0,"18":0,"19":0,"20":0,"21":0,"22":0,"23":0,"24":0,"25":0,"26":0,"27":0},"f":{"0":0,"1":0,"2":0,"3":0,"4":0,"5":0,"6":0,"7":0},"b":{"0":[0,0],"1":[0,0],"2":[0,0,0],"3":[0,0],"4":[0,0]},"all":true},"/Users/ruisilva/Desktop/Projects/OpenSource/mot-workshop/migrations/20211206000001-on-delete-cascade-users-articles-comments.js":{"path":"/Users/ruisilva/Desktop/Projects/OpenSource/mot-workshop/migrations/20211206000001-on-delete-cascade-users-articles-comments.js","statementMap":{"0":{"start":{"line":1,"column":0},"end":{"line":33,"column":1}},"1":{"start":{"line":4,"column":4},"end":{"line":17,"column":6}},"2":{"start":{"line":5,"column":6},"end":{"line":8,"column":8}},"3":{"start":{"line":9,"column":6},"end":{"line":12,"column":8}},"4":{"start":{"line":13,"column":6},"end":{"line":16,"column":8}},"5":{"start":{"line":19,"column":4},"end":{"line":32,"column":6}},"6":{"start":{"line":20,"column":6},"end":{"line":23,"column":8}},"7":{"start":{"line":24,"column":6},"end":{"line":27,"column":8}},"8":{"start":{"line":28,"column":6},"end":{"line":31,"column":8}}},"fnMap":{"0":{"name":"(anonymous_0)","decl":{"start":{"line":3,"column":6},"end":{"line":3,"column":7}},"loc":{"start":{"line":4,"column":4},"end":{"line":17,"column":6}},"line":4},"1":{"name":"(anonymous_1)","decl":{"start":{"line":4,"column":41},"end":{"line":4,"column":42}},"loc":{"start":{"line":4,"column":64},"end":{"line":17,"column":5}},"line":4},"2":{"name":"(anonymous_2)","decl":{"start":{"line":18,"column":8},"end":{"line":18,"column":9}},"loc":{"start":{"line":19,"column":4},"end":{"line":32,"column":6}},"line":19},"3":{"name":"(anonymous_3)","decl":{"start":{"line":19,"column":41},"end":{"line":19,"column":42}},"loc":{"start":{"line":19,"column":64},"end":{"line":32,"column":5}},"line":19}},"branchMap":{},"s":{"0":0,"1":0,"2":0,"3":0,"4":0,"5":0,"6":0,"7":0,"8":0},"f":{"0":0,"1":0,"2":0,"3":0},"b":{},"all":true},"/Users/ruisilva/Desktop/Projects/OpenSource/mot-workshop/migrations/20211225000000-user-add-ip-column.js":{"path":"/Users/ruisilva/Desktop/Projects/OpenSource/mot-workshop/migrations/20211225000000-user-add-ip-column.js","statementMap":{"0":{"start":{"line":1,"column":0},"end":{"line":18,"column":1}},"1":{"start":{"line":3,"column":4},"end":{"line":13,"column":6}},"2":{"start":{"line":4,"column":6},"end":{"line":12,"column":7}},"3":{"start":{"line":15,"column":4},"end":{"line":17,"column":6}},"4":{"start":{"line":16,"column":6},"end":{"line":16,"column":70}}},"fnMap":{"0":{"name":"(anonymous_0)","decl":{"start":{"line":2,"column":6},"end":{"line":2,"column":7}},"loc":{"start":{"line":3,"column":4},"end":{"line":13,"column":6}},"line":3},"1":{"name":"(anonymous_1)","decl":{"start":{"line":3,"column":41},"end":{"line":3,"column":42}},"loc":{"start":{"line":3,"column":64},"end":{"line":13,"column":5}},"line":3},"2":{"name":"(anonymous_2)","decl":{"start":{"line":14,"column":8},"end":{"line":14,"column":9}},"loc":{"start":{"line":15,"column":4},"end":{"line":17,"column":6}},"line":15},"3":{"name":"(anonymous_3)","decl":{"start":{"line":15,"column":41},"end":{"line":15,"column":42}},"loc":{"start":{"line":15,"column":64},"end":{"line":17,"column":5}},"line":15}},"branchMap":{},"s":{"0":0,"1":0,"2":0,"3":0,"4":0},"f":{"0":0,"1":0,"2":0,"3":0},"b":{},"all":true},"/Users/ruisilva/Desktop/Projects/OpenSource/mot-workshop/migrations/20211225000001-tag-index-created-at.js":{"path":"/Users/ruisilva/Desktop/Projects/OpenSource/mot-workshop/migrations/20211225000001-tag-index-created-at.js","statementMap":{"0":{"start":{"line":1,"column":0},"end":{"line":16,"column":1}},"1":{"start":{"line":3,"column":4},"end":{"line":8,"column":6}},"2":{"start":{"line":4,"column":6},"end":{"line":7,"column":8}},"3":{"start":{"line":10,"column":4},"end":{"line":15,"column":6}},"4":{"start":{"line":11,"column":6},"end":{"line":14,"column":8}}},"fnMap":{"0":{"name":"(anonymous_0)","decl":{"start":{"line":2,"column":6},"end":{"line":2,"column":7}},"loc":{"start":{"line":3,"column":4},"end":{"line":8,"column":6}},"line":3},"1":{"name":"(anonymous_1)","decl":{"start":{"line":3,"column":41},"end":{"line":3,"column":42}},"loc":{"start":{"line":3,"column":64},"end":{"line":8,"column":5}},"line":3},"2":{"name":"(anonymous_2)","decl":{"start":{"line":9,"column":8},"end":{"line":9,"column":9}},"loc":{"start":{"line":10,"column":4},"end":{"line":15,"column":6}},"line":10},"3":{"name":"(anonymous_3)","decl":{"start":{"line":10,"column":41},"end":{"line":10,"column":42}},"loc":{"start":{"line":10,"column":64},"end":{"line":15,"column":5}},"line":10}},"branchMap":{},"s":{"0":0,"1":0,"2":0,"3":0,"4":0},"f":{"0":0,"1":0,"2":0,"3":0},"b":{},"all":true},"/Users/ruisilva/Desktop/Projects/OpenSource/mot-workshop/migrations/20211226000000-user-ip-column-allow-null.js":{"path":"/Users/ruisilva/Desktop/Projects/OpenSource/mot-workshop/migrations/20211226000000-user-ip-column-allow-null.js","statementMap":{"0":{"start":{"line":1,"column":0},"end":{"line":38,"column":1}},"1":{"start":{"line":3,"column":4},"end":{"line":19,"column":6}},"2":{"start":{"line":4,"column":6},"end":{"line":12,"column":7}},"3":{"start":{"line":13,"column":6},"end":{"line":18,"column":7}},"4":{"start":{"line":21,"column":4},"end":{"line":37,"column":6}},"5":{"start":{"line":22,"column":6},"end":{"line":30,"column":7}},"6":{"start":{"line":31,"column":6},"end":{"line":36,"column":7}}},"fnMap":{"0":{"name":"(anonymous_0)","decl":{"start":{"line":2,"column":6},"end":{"line":2,"column":7}},"loc":{"start":{"line":3,"column":4},"end":{"line":19,"column":6}},"line":3},"1":{"name":"(anonymous_1)","decl":{"start":{"line":3,"column":41},"end":{"line":3,"column":42}},"loc":{"start":{"line":3,"column":64},"end":{"line":19,"column":5}},"line":3},"2":{"name":"(anonymous_2)","decl":{"start":{"line":20,"column":8},"end":{"line":20,"column":9}},"loc":{"start":{"line":21,"column":4},"end":{"line":37,"column":6}},"line":21},"3":{"name":"(anonymous_3)","decl":{"start":{"line":21,"column":41},"end":{"line":21,"column":42}},"loc":{"start":{"line":21,"column":64},"end":{"line":37,"column":5}},"line":21}},"branchMap":{},"s":{"0":0,"1":0,"2":0,"3":0,"4":0,"5":0,"6":0},"f":{"0":0,"1":0,"2":0,"3":0},"b":{},"all":true},"/Users/ruisilva/Desktop/Projects/OpenSource/mot-workshop/models/article.js":{"path":"/Users/ruisilva/Desktop/Projects/OpenSource/mot-workshop/models/article.js","statementMap":{"0":{"start":{"line":1,"column":13},"end":{"line":1,"column":28}},"1":{"start":{"line":2,"column":39},"end":{"line":2,"column":59}},"2":{"start":{"line":4,"column":0},"end":{"line":163,"column":1}},"3":{"start":{"line":5,"column":18},"end":{"line":51,"column":3}},"4":{"start":{"line":14,"column":10},"end":{"line":14,"column":52}},"5":{"start":{"line":34,"column":10},"end":{"line":39,"column":11}},"6":{"start":{"line":35,"column":12},"end":{"line":38,"column":66}},"7":{"start":{"line":42,"column":10},"end":{"line":42,"column":60}},"8":{"start":{"line":55,"column":2},"end":{"line":111,"column":3}},"9":{"start":{"line":65,"column":22},"end":{"line":94,"column":6}},"10":{"start":{"line":105,"column":4},"end":{"line":110,"column":5}},"11":{"start":{"line":106,"column":6},"end":{"line":109,"column":8}},"12":{"start":{"line":107,"column":44},"end":{"line":107,"column":50}},"13":{"start":{"line":117,"column":2},"end":{"line":124,"column":3}},"14":{"start":{"line":118,"column":4},"end":{"line":123,"column":5}},"15":{"start":{"line":121,"column":8},"end":{"line":121,"column":46}},"16":{"start":{"line":126,"column":2},"end":{"line":160,"column":3}},"17":{"start":{"line":131,"column":26},"end":{"line":131,"column":70}},"18":{"start":{"line":132,"column":23},"end":{"line":132,"column":61}},"19":{"start":{"line":134,"column":4},"end":{"line":141,"column":5}},"20":{"start":{"line":135,"column":6},"end":{"line":138,"column":26}},"21":{"start":{"line":140,"column":6
[...]
end":{"line":99,"column":18}},{"start":{"line":100,"column":8},"end":{"line":100,"column":67}}],"line":99},"4":{"loc":{"start":{"line":101,"column":17},"end":{"line":101,"column":61}},"type":"cond-expr","locations":[{"start":{"line":101,"column":24},"end":{"line":101,"column":53}},{"start":{"line":101,"column":56},"end":{"line":101,"column":61}}],"line":101}},"s":{"0":0,"1":0,"2":0,"3":0,"4":0,"5":0,"6":0,"7":0,"8":0,"9":0,"10":0,"11":0,"12":0,"13":0,"14":0,"15":0,"16":0,"17":0,"18":0,"19":0,"20":0,"21":0,"22":0,"23":0,"24":0,"25":0,"26":0,"27":0,"28":0,"29":0,"30":0,"31":0,"32":0,"33":0,"34":0},"f":{"0":0,"1":0,"2":0,"3":0,"4":0,"5":0,"6":0,"7":0,"8":0,"9":0,"10":0,"11":0},"b":{"0":[0,0],"1":[0,0],"2":[0,0],"3":[0,0],"4":[0,0]},"all":true},"/Users/ruisilva/Desktop/Projects/OpenSource/mot-workshop/next.config.js":{"path":"/Users/ruisilva/Desktop/Projects/OpenSource/mot-workshop/next.config.js","statementMap":{"0":{"start":{"line":1,"column":0},"end":{"line":5,"column":1}}},"fnMap":{},"branchMap":{},"s":{"0":0},"f":{},"b":{},"all":true},"/Users/ruisilva/Desktop/Projects/OpenSource/mot-workshop/test_lib.js":{"path":"/Users/ruisilva/Desktop/Projects/OpenSource/mot-workshop/test_lib.js","statementMap":{"0":{"start":{"line":4,"column":19},"end":{"line":4,"column":40}},"1":{"start":{"line":6,"column":15},"end":{"line":6,"column":34}},"2":{"start":{"line":8,"column":12},"end":{"line":8,"column":38}},"3":{"start":{"line":12,"column":18},"end":{"line":12,"column":45}},"4":{"start":{"line":13,"column":2},"end":{"line":13,"column":43}},"5":{"start":{"line":14,"column":2},"end":{"line":14,"column":16}},"6":{"start":{"line":16,"column":14},"end":{"line":16,"column":46}},"7":{"start":{"line":19,"column":2},"end":{"line":23,"column":3}},"8":{"start":{"line":25,"column":0},"end":{"line":25,"column":33}},"9":{"start":{"line":28,"column":12},"end":{"line":67,"column":3}},"10":{"start":{"line":68,"column":2},"end":{"line":75,"column":3}},"11":{"start":{"line":69,"column":17},"end":{"line":69,"column":60}},"12":{"start":{"line":70,"column":4},"end":{"line":74,"column":6}},"13":{"start":{"line":76,"column":2},"end":{"line":76,"column":12}},"14":{"start":{"line":78,"column":0},"end":{"line":78,"column":33}},"15":{"start":{"line":81,"column":2},"end":{"line":81,"column":28}},"16":{"start":{"line":83,"column":0},"end":{"line":83,"column":25}},"17":{"start":{"line":86,"column":18},"end":{"line":89,"column":3}},"18":{"start":{"line":90,"column":2},"end":{"line":92,"column":3}},"19":{"start":{"line":91,"column":4},"end":{"line":91,"column":31}},"20":{"start":{"line":93,"column":19},"end":{"line":93,"column":25}},"21":{"start":{"line":94,"column":2},"end":{"line":98,"column":3}},"22":{"start":{"line":95,"column":4},"end":{"line":95,"column":56}},"23":{"start":{"line":97,"column":4},"end":{"line":97,"column":31}},"24":{"start":{"line":99,"column":2},"end":{"line":99,"column":16}},"25":{"start":{"line":101,"column":0},"end":{"line":101,"column":27}},"26":{"start":{"line":105,"column":17},"end":{"line":105,"column":22}},"27":{"start":{"line":106,"column":2},"end":{"line":106,"column":49}},"28":{"start":{"line":107,"column":2},"end":{"line":107,"column":23}},"29":{"start":{"line":111,"column":17},"end":{"line":111,"column":65}},"30":{"start":{"line":113,"column":4},"end":{"line":113,"column":72}},"31":{"start":{"line":115,"column":4},"end":{"line":117,"column":37}},"32":{"start":{"line":119,"column":4},"end":{"line":119,"column":75}},"33":{"start":{"line":121,"column":4},"end":{"line":121,"column":69}},"34":{"start":{"line":123,"column":4},"end":{"line":123,"column":73}},"35":{"start":{"line":124,"column":16},"end":{"line":124,"column":62}},"36":{"start":{"line":125,"column":20},"end":{"line":125,"column":36}},"37":{"start":{"line":126,"column":19},"end":{"line":126,"column":34}},"38":{"start":{"line":127,"column":18},"end":{"line":127,"column":71}},"39":{"start":{"line":129,"column":20},"end":{"line":129,"column":45}},"40":{"start":{"line":132,"column":2},"end":{"line":136,"column":3}},"41":{"start":{"line":133,"column":4},"end":{"line":133,"column":32}},"42":{"start":{"line":135,"column":4},"end":{"line":135,"column":56}},"43":{"start":{"line":137,"column":2},"end":{"line":137,"column":47}},"44":{"start":{"line":138,"column":2},"end":{"line":226,"column":3}},"45":{"start":{"line":139,"column":4},"end":{"line":139,"column":24}},"46":{"start":{"line":140,"column":4},"end":{"line":140,"column":38}},"47":{"start":{"line":140,"column":17},"end":{"line":140,"column":38}},"48":{"start":{"line":141,"column":21},"end":{"line":141,"column":23}},"49":{"start":{"line":142,"column":4},"end":{"line":144,"column":5}},"50":{"start":{"line":142,"column":17},"end":{"line":142,"column":18}},"51":{"start":{"line":143,"column":6},"end":{"line":143,"column":43}},"52":{"start":{"line":145,"column":18},"end":{"line":145,"column":66}},"53":{"start":{"line":146,"column":4},"end":{"line":146,"column":28}},"54":{"start":{"line":146,"column":17},"end":{"line":146,"column":28}},"55":{"start":{"line":148,"column":4},"end":{"line":148,"column":48}},"56":{"start":{"line":148,"column":17},"end":{"line":148,"column":48}},"57":{"start":{"line":149,"column":23},"end":{"line":149,"column":25}},"58":{"start":{"line":150,"column":4},"end":{"line":158,"column":5}},"59":{"start":{"line":150,"column":17},"end":{"line":150,"column":18}},"60":{"start":{"line":151,"column":21},"end":{"line":151,"column":32}},"61":{"start":{"line":152,"column":6},"end":{"line":157,"column":7}},"62":{"start":{"line":152,"column":19},"end":{"line":152,"column":20}},"63":{"start":{"line":153,"column":8},"end":{"line":156,"column":10}},"64":{"start":{"line":159,"column":4},"end":{"line":159,"column":64}},"65":{"start":{"line":160,"column":4},"end":{"line":160,"column":28}},"66":{"start":{"line":160,"column":17},"end":{"line":160,"column":28}},"67":{"start":{"line":162,"column":4},"end":{"line":162,"column":41}},"68":{"start":{"line":162,"column":17},"end":{"line":162,"column":41}},"69":{"start":{"line":163,"column":24},"end":{"line":163,"column":26}},"70":{"start":{"line":164,"column":4},"end":{"line":168,"column":5}},"71":{"start":{"line":164,"column":17},"end":{"line":164,"column":18}},"72":{"start":{"line":165,"column":22},"end":{"line":165,"column":32}},"73":{"start":{"line":166,"column":19},"end":{"line":166,"column":36}},"74":{"start":{"line":167,"column":6},"end":{"line":167,"column":77}},"75":{"start":{"line":169,"column":21},"end":{"line":172,"column":6}},"76":{"start":{"line":173,"column":4},"end":{"line":173,"column":28}},"77":{"start":{"line":173,"column":17},"end":{"line":173,"column":28}},"78":{"start":{"line":175,"column":4},"end":{"line":175,"column":53}},"79":{"start":{"line":175,"column":17},"end":{"line":175,"column":53}},"80":{"start":{"line":176,"column":21},"end":{"line":176,"column":22}},"81":{"start":{"line":177,"column":25},"end":{"line":177,"column":27}},"82":{"start":{"line":178,"column":4},"end":{"line":187,"column":5}},"83":{"start":{"line":178,"column":17},"end":{"line":178,"column":18}},"84":{"start":{"line":179,"column":21},"end":{"line":179,"column":32}},"85":{"start":{"line":180,"column":6},"end":{"line":186,"column":7}},"86":{"start":{"line":180,"column":19},"end":{"line":180,"column":20}},"87":{"start":{"line":181,"column":8},"end":{"line":184,"column":10}},"88":{"start":{"line":185,"column":8},"end":{"line":185,"column":23}},"89":{"start":{"line":188,"column":4},"end":{"line":188,"column":71}},"90":{"start":{"line":189,"column":4},"end":{"line":189,"column":28}},"91":{"start":{"line":189,"column":17},"end":{"line":189,"column":28}},"92":{"start":{"line":191,"column":4},"end":{"line":191,"column":37}},"93":{"start":{"line":191,"column":17},"end":{"line":191,"column":37}},"94":{"start":{"line":192,"column":20},"end":{"line":192,"column":22}},"95":{"start":{"line":193,"column":4},"end":{"line":195,"column":5}},"96":{"start":{"line":193,"column":17},"end":{"line":193,"column":18}},"97":{"start":{"line":194,"column":6},"end":{"line":194,"column":30}},"98":{"start":{"line":196,"column":17},"end":{"line":196,"column":63}},"99":{"start":{"line":197,"column":4},"end":{"line":197,"column":28}},"100":{"start":{"line":197,"column":17},"end":{"line":197,"column":28}},"101":{"start":{"line":199,"column":4},"end":{"line":199,"column":44}},"102":{"start":{"line":199,"column":17},"end":{"line":199,"column":44}},"103":{"start":{"line":200,"column":17},"end":{"line":200,"column":18}},"104":{"start":{"line":201,"column":27},"end":{"line":201,"column":29}},"105":{"start":{"line":202,"column":4},"end":{"line":210,"column":5}},"106":{"start":{"line":202,"column":17},"end":{"line":202,"column":18}},"107":{"start":{"line":203,"column":6},"end":{"line":209,"column":7}},"108":{"start":{"line":203,"column":19},"end":{"line":203,"column":20}},"109":{"start":{"line":204,"column":8},"end":{"line":207,"column":10}},"110":{"start":{"line":208,"column":8},"end":{"line":208,"column":19}},"111":{"start":{"line":211,"column":4},"end":{"line":211,"column":64}},"112":{"start":{"line":212,"column":4},"end":{"line":212,"column":28}},"113":{"start":{"line":212,"column":17},"end":{"line":212,"column":28}},"114":{"start":{"line":214,"column":4},"end":{"line":214,"column":41}},"115":{"start":{"line":214,"column":17},"end":{"line":214,"column":41}},"116":{"start":{"line":215,"column":24},"end":{"line":215,"column":26}},"117":{"start":{"line":216,"column":21},"end":{"line":216,"column":22}},"118":{"start":{"line":217,"column":4},"end":{"line":223,"column":5}},"119":{"start":{"line":217,"column":17},"end":{"line":217,"column":18}},"120":{"start":{"line":218,"column":6},"end":{"line":222,"column":7}},"121":{"start":{"line":218,"column":19},"end":{"line":218,"column":20}},"122":{"start":{"line":219,"column":8},"end":{"line":221,"column":9}},"123":{"start":{"line":224,"column":4},"end":{"line":224,"column":58}},"124":{"start":{"line":225,"column":4},"end":{"line":225,"column":28}},"125":{"start":{"line":225,"column":17},"end":{"line":225,"column":28}},"126":{"start":{"line":228,"column":2},"end":{"line":228,"column":18}},"127":{"start":{"line":230,"column":0},"end":{"line":230,"column":43}}},"fnMap":{"0":{"name":"addDays","decl":{"start":{"line":11,"column":9},"end":{"line":11,"column":16}},"loc":{"start":{"line":11,"column":32},"end":{"line":15,"column":1}},"line":11},"1":{"name":"makeComment","decl":{"start":{"line":18,"column":9},"end":{"line":18,"column":20}},"loc":{"start":{"line":18,"column":45},"end":{"line":24,"column":1}},"line":18},"2":{"name":"makeArticle","decl":{"start":{"line":27,"column":9},"end":{"line":27,"column":20}},"loc":{"start":{"line":27,"column":34},"end":{"line":77,"column":1}},"line":27},"3":{"name":"makeTag","decl":{"start":{"line":80,"column":9},"end":{"line":80,"column":16}},"loc":{"start":{"line":80,"column":20},"end":{"line":82,"column":1}},"line":80},"4":{"name":"makeUser","decl":{"start":{"line":85,"column":9},"end":{"line":85,"column":17}},"loc":{"start":{"line":85,"column":36},"end":{"line":100,"column":1}},"line":85},"5":{"name":"printTime","decl":{"start":{"line":104,"column":9},"end":{"line":104,"column":18}},"loc":{"start":{"line":104,"column":21},"end":{"line":108,"column":1}},"line":104},"6":{"name":"generateDemoData","decl":{"start":{"line":110,"column":15},"end":{"line":110,"column":31}},"loc":{"start":{"line":110,"column":40},"end":{"line":229,"column":1}},"line":110}},"branchMap":{"0":{"loc":{"start":{"line":27,"column":21},"end":{"line":27,"column":26}},"type":"default-arg","locations":[{"start":{"line":27,"column":25},"end":{"line":27,"column":26}}],"line":27},"1":{"loc":{"start":{"line":68,"column":2},"end":{"line":75,"column":3}},"type":"if","locations":[{"start":{"line":68,"column":2},"end":{"line":75,"column":3}},{"start":{"line":68,"column":2},"end":{"line":75,"column":3}}],"line":68},"2":{"loc":{"start":{"line":69,"column":17},"end":{"line":69,"column":60}},"type":"cond-expr","locations":[{"start":{"line":69,"column":43},"end":{"line":69,"column":48}},{"start":{"line":69,"column":51},"end":{"line":69,"column":60}}],"line":69},"3":{"loc":{"start":{"line":85,"column":29},"end":{"line":85,"column":34}},"type":"default-arg","locations":[{"start":{"line":85,"column":33},"end":{"line":85,"column":34}}],"line":85},"4":{"loc":{"start":{"line":90,"column":2},"end":{"line":92,"column":3}},"type":"if","locations":[{"start":{"line":90,"column":2},"end":{"line":92,"column":3}},{"start":{"line":90,"column":2},"end":{"line":92,"column":3}}],"line":90},"5":{"loc":{"start":{"line":94,"column":2},"end":{"line":98,"column":3}},"type":"if","locations":[{"start":{"line":94,"column":2},"end":{"line":98,"column":3}},{"start":{"line":94,"column":2},"end":{"line":98,"column":3}}],"line":94},"6":{"loc":{"start":{"line":111,"column":17},"end":{"line":111,"column":65}},"type":"cond-expr","locations":[{"start":{"line":111,"column":47},"end":{"line":111,"column":49}},{"start":{"line":111,"column":52},"end":{"line":111,"column":65}}],"line":111},"7":{"loc":{"start":{"line":113,"column":4},"end":{"line":113,"column":72}},"type":"cond-expr","locations":[{"start":{"line":113,"column":44},"end":{"line":113,"column":46}},{"start":{"line":113,"column":49},"end":{"line":113,"column":72}}],"line":113},"8":{"loc":{"start":{"line":115,"column":4},"end":{"line":117,"column":37}},"type":"cond-expr","locations":[{"start":{"line":116,"column":8},"end":{"line":116,"column":9}},{"start":{"line":117,"column":8},"end":{"line":117,"column":37}}],"line":115},"9":{"loc":{"start":{"line":119,"column":4},"end":{"line":119,"column":75}},"type":"cond-expr","locations":[{"start":{"line":119,"column":46},"end":{"line":119,"column":47}},{"start":{"line":119,"column":50},"end":{"line":119,"column":75}}],"line":119},"10":{"loc":{"start":{"line":121,"column":4},"end":{"line":121,"column":69}},"type":"cond-expr","locations":[{"start":{"line":121,"column":43},"end":{"line":121,"column":44}},{"start":{"line":121,"column":47},"end":{"line":121,"column":69}}],"line":121},"11":{"loc":{"start":{"line":123,"column":4},"end":{"line":123,"column":73}},"type":"cond-expr","locations":[{"start":{"line":123,"column":45},"end":{"line":123,"column":46}},{"start":{"line":123,"column":49},"end":{"line":123,"column":73}}],"line":123},"12":{"loc":{"start":{"line":124,"column":16},"end":{"line":124,"column":62}},"type":"cond-expr","locations":[{"start":{"line":124,"column":45},"end":{"line":124,"column":47}},{"start":{"line":124,"column":50},"end":{"line":124,"column":62}}],"line":124},"13":{"loc":{"start":{"line":127,"column":18},"end":{"line":127,"column":71}},"type":"cond-expr","locations":[{"start":{"line":127,"column":49},"end":{"line":127,"column":54}},{"start":{"line":127,"column":57},"end":{"line":127,"column":71}}],"line":127},"14":{"loc":{"start":{"line":132,"column":2},"end":{"line":136,"column":3}},"type":"if","locations":[{"start":{"line":132,"column":2},"end":{"line":136,"column":3}},{"start":{"line":132,"column":2},"end":{"line":136,"column":3}}],"line":132},"15":{"loc":{"start":{"line":138,"column":2},"end":{"line":226,"column":3}},"type":"if","locations":[{"start":{"line":138,"column":2},"end":{"line":226,"column":3}},{"start":{"line":138,"column":2},"end":{"line":226,"column":3}}],"line":138},"16":{"loc":{"start":{"line":140,"column":4},"end":{"line":140,"column":38}},"type":"if","locations":[{"start":{"line":140,"column":4},"end":{"line":140,"column":38}},{"start":{"line":140,"column":4},"end":{"line":140,"column":38}}],"line":140},"17":{"loc":{"start":{"line":146,"column":4},"end":{"line":146,"column":28}},"type":"if","locations":[{"start":{"line":146,"column":4},"end":{"line":146,"column":28}},{"start":{"line":146,"column":4},"end":{"line":146,"column":28}}],"line":146},"18":{"loc":{"start":{"line":148,"column":4},"end":{"line":148,"column":48}},"type":"if","locations":[{"start":{"line":148,"column":4},"end":{"line":148,"column":48}},{"start":{"line":148,"column":4},"end":{"line":148,"column":48}}],"line":148},"19":{"loc":{"start":{"line":160,"column":4},"end":{"line":160,"column":28}},"type":"if","locations":[{"start":{"line":160,"column":4},"end":{"line":160,"column":28}},{"start":{"line":160,"column":4},"end":{"line":160,"column":28}}],"line":160},"20":{"loc":{"start":{"line":162,"column":4},"end":{"line":162,"column":41}},"type":"if","locations":[{"start":{"line":162,"column":4},"end":{"line":162,"column":41}},{"start":{"line":162,"column":4},"end":{"line":162,"column":41}}],"line":162},"21":{"loc":{"start":{"line":173,"column":4},"end":{"line":173,"column":28}},"type":"if","locations":[{"start":{"line":173,"column":4},"end":{"line":173,"column":28}},{"start":{"line":173,"column":4},"end":{"line":173,"column":28}}],"line":173},"22":{"loc":{"start":{"line":175,"column":4},"end":{"line":175,"column":53}},"type":"if","locations":[{"start":{"line":175,"column":4},"end":{"line":175,"column":53}},{"start":{"line":175,"column":4},"end":{"line":175,"column":53}}],"line":175},"23":{"loc":{"start":{"line":189,"column":4},"end":{"line":189,"column":28}},"type":"if","locations":[{"start":{"line":189,"column":4},"end":{"line":189,"column":28}},{"start":{"line":189,"column":4},"end":{"line":189,"column":28}}],"line":189},"24":{"loc":{"start":{"line":191,"column":4},"end":{"line":191,"column":37}},"type":"if","locations":[{"start":{"line":191,"column":4},"end":{"line":191,"column":37}},{"start":{"line":191,"column":4},"end":{"line":191,"column":37}}],"line":191},"25":{"loc":{"start":{"line":197,"column":4},"end":{"line":197,"column":28}},"type":"if","locations":[{"start":{"line":197,"column":4},"end":{"line":197,"column":28}},{"start":{"line":197,"column":4},"end":{"line":197,"column":28}}],"line":197},"26":{"loc":{"start":{"line":199,"column":4},"end":{"line":199,"column":44}},"type":"if","locations":[{"start":{"line":199,"column":4},"end":{"line":199,"column":44}},{"start":{"line":199,"column":4},"end":{"line":199,"column":44}}],"line":199},"27":{"loc":{"start":{"line":212,"column":4},"end":{"line":212,"column":28}},"type":"if","locations":[{"start":{"line":212,"column":4},"end":{"line":212,"column":28}},{"start":{"line":212,"column":4},"end":{"line":212,"column":28}}],"line":212},"28":{"loc":{"start":{"line":214,"column":4},"end":{"line":214,"column":41}},"type":"if","locations":[{"start":{"line":214,"column":4},"end":{"line":214,"column":41}},{"start":{"line":214,"column":4},"end":{"line":214,"column":41}}],"line":214},"29":{"loc":{"start":{"line":225,"column":4},"end":{"line":225,"column":28}},"type":"if","locations":[{"start":{"line":225,"column":4},"end":{"line":225,"column":28}},{"start":{"line":225,"column":4},"end":{"line":225,"column":28}}],"line":225}},"s":{"0":0,"1":0,"2":0,"3":0,"4":0,"5":0,"6":0,"7":0,"8":0,"9":0,"10":0,"11":0,"12":0,"13":0,"14":0,"15":0,"16":0,"17":0,"18":0,"19":0,"20":0,"21":0,"22":0,"23":0,"24":0,"25":0,"26":0,"27":0,"28":0,"29":0,"30":0,"31":0,"32":0,"33":0,"34":0,"35":0,"36":0,"37":0,"38":0,"39":0,"40":0,"41":0,"42":0,"43":0,"44":0,"45":0,"46":0,"47":0,"48":0,"49":0,"50":0,"51":0,"52":0,"53":0,"54":0,"55":0,"56":0,"57":0,"58":0,"59":0,"60":0,"61":0,"62":0,"63":0,"64":0,"65":0,"66":0,"67":0,"68":0,"69":0,"70":0,"71":0,"72":0,"73":0,"74":0,"75":0,"76":0,"77":0,"78":0,"79":0,"80":0,"81":0,"82":0,"83":0,"84":0,"85":0,"86":0,"87":0,"88":0,"89":0,"90":0,"91":0,"92":0,"93":0,"94":0,"95":0,"96":0,"97":0,"98":0,"99":0,"100":0,"101":0,"102":0,"103":0,"104":0,"105":0,"106":0,"107":0,"108":0,"109":0,"110":0,"111":0,"112":0,"113":0,"114":0,"115":0,"116":0,"117":0,"118":0,"119":0,"120":0,"121":0,"122":0,"123":0,"124":0,"125":0,"126":0,"127":0},"f":{"0":0,"1":0,"2":0,"3":0,"4":0,"5":0,"6":0},"b":{"0":[0],"1":[0,0],"2":[0,0],"3":[0],"4":[0,0],"5":[0,0],"6":[0,0],"7":[0,0],"8":[0,0],"9":[0,0],"10":[0,0],"11":[0,0],"12":[0,0],"13":[0,0],"14":[0,0],"15":[0,0],"16":[0,0],"17":[0,0],"18":[0,0],"19":[0,0],"20":[0,0],"21":[0,0],"22":[0,0],"23":[0,0],"24":[0,0],"25":[0,0],"26":[0,0],"27":[0,0],"28":[0,0],"29":[0,0]},"all":true}}