{"/Users/ruisilva/Desktop/Projects/OpenSource/mot-workshop/app.js":{"path":"/Users/ruisilva/Desktop/Projects/OpenSource/mot-workshop/app.js","statementMap":{"0":{"start":{"line":4,"column":0},"end":{"line":4,"column":32}},"1":{"start":{"line":6,"column":19},"end":{"line":6,"column":41}},"2":{"start":{"line":7,"column":13},"end":{"line":7,"column":28}},"3":{"start":{"line":8,"column":16},"end":{"line":8,"column":34}},"4":{"start":{"line":9,"column":15},"end":{"line":9,"column":32}},"5":{"start":{"line":10,"column":13},"end":{"line":10,"column":28}},"6":{"start":{"line":11,"column":17},"end":{"line":11,"column":36}},"7":{"start":{"line":12,"column":23},"end":{"line":12,"column":48}},"8":{"start":{"line":13,"column":16},"end":{"line":13,"column":42}},"9":{"start":{"line":15,"column":12},"end":{"line":15,"column":28}},"10":{"start":{"line":16,"column":12},"end":{"line":16,"column":28}},"11":{"start":{"line":17,"column":15},"end":{"line":17,"column":34}},"12":{"start":{"line":18,"column":15},"end":{"line":18,"column":40}},"13":{"start":{"line":25,"column":14},"end":{"line":25,"column":23}},"14":{"start":{"line":28,"column":2},"end":{"line":31,"column":3}},"15":{"start":{"line":29,"column":4},"end":{"line":29,"column":53}},"16":{"start":{"line":30,"column":4},"end":{"line":30,"column":44}},"17":{"start":{"line":33,"column":20},"end":{"line":33,"column":50}},"18":{"start":{"line":34,"column":2},"end":{"line":34,"column":33}},"19":{"start":{"line":35,"column":2},"end":{"line":54,"column":3}},"20":{"start":{"line":42,"column":8},"end":{"line":51,"column":22}},"21":{"start":{"line":44,"column":12},"end":{"line":48,"column":13}},"22":{"start":{"line":45,"column":14},"end":{"line":47,"column":16}},"23":{"start":{"line":49,"column":12},"end":{"line":49,"column":35}},"24":{"start":{"line":55,"column":2},"end":{"line":55,"column":17}},"25":{"start":{"line":58,"column":2},"end":{"line":61,"column":3}},"26":{"start":{"line":60,"column":4},"end":{"line":60,"column":31}},"27":{"start":{"line":62,"column":2},"end":{"line":62,"column":53}},"28":{"start":{"line":63,"column":2},"end":{"line":63,"column":28}},"29":{"start":{"line":64,"column":2},"end":{"line":64,"column":39}},"30":{"start":{"line":67,"column":2},"end":{"line":74,"column":4}},"31":{"start":{"line":72,"column":4},"end":{"line":72,"column":29}},"32":{"start":{"line":73,"column":4},"end":{"line":73,"column":31}},"33":{"start":{"line":75,"column":2},"end":{"line":82,"column":3}},"34":{"start":{"line":86,"column":19},"end":{"line":86,"column":35}},"35":{"start":{"line":87,"column":4},"end":{"line":87,"column":35}},"36":{"start":{"line":88,"column":4},"end":{"line":88,"column":19}},"37":{"start":{"line":92,"column":2},"end":{"line":94,"column":4}},"38":{"start":{"line":93,"column":4},"end":{"line":93,"column":48}},"39":{"start":{"line":97,"column":2},"end":{"line":120,"column":4}},"40":{"start":{"line":99,"column":4},"end":{"line":118,"column":5}},"41":{"start":{"line":100,"column":6},"end":{"line":103,"column":7}},"42":{"start":{"line":102,"column":8},"end":{"line":102,"column":26}},"43":{"start":{"line":104,"column":21},"end":{"line":104,"column":23}},"44":{"start":{"line":105,"column":6},"end":{"line":112,"column":7}},"45":{"start":{"line":106,"column":30},"end":{"line":106,"column":50}},"46":{"start":{"line":107,"column":8},"end":{"line":110,"column":9}},"47":{"start":{"line":108,"column":10},"end":{"line":108,"column":30}},"48":{"start":{"line":109,"column":10},"end":{"line":109,"column":48}},"49":{"start":{"line":111,"column":8},"end":{"line":111,"column":45}},"50":{"start":{"line":113,"column":6},"end":{"line":113,"column":45}},"51":{"start":{"line":114,"column":11},"end":{"line":118,"column":5}},"52":{"start":{"line":115,"column":6},"end":{"line":117,"column":8}},"53":{"start":{"line":119,"column":4},"end":{"line":119,"column":20}},"54":{"start":{"line":122,"column":2},"end":{"line":124,"column":3}},"55":{"start":{"line":123,"column":4},"end":{"line":123,"column":27}},"56":{"start":{"line":125,"column":2},"end":{"line":125,"column":32}},"57":{"start":{"line":127,"column":2},"end":{"line":127,"column":30}},"58":{"start":{"line":128,"column":2},"end":{"line":142,"column":4}},"59":{"start":{"line":129,"column":19},"end":{"line":137,"column":6}},"60":{"start":{"line":130,"column":6},"end":{"line":136,"column":7}},"61":{"start":{"line":131,"column":8},"end":{"line":131,"column":32}},"62":{"start":{"line":133,"column":8},"end":{"line":133,"column":17}},"63":{"start":{"line":134,"column":8},"end":{"line":134,"column":20}},"64":{"start":{"line":135,"column":8},"end":{"line":135,"column":15}},"65":{"start":{"line":138,"column":4},"end":{"line":141,"column":6}},"66":{"start":{"line":139,"column":6},"end":{"line":139,"column":29}},"67":{"start":{"line":140,"column":6},"end":{"line":140,"column":15}},"68":{"start":{"line":145,"column":0},"end":{"line":149,"column":1}},"69":{"start":{"line":146,"column":2},"end":{"line":148,"column":4}},"70":{"start":{"line":147,"column":4},"end":{"line":147,"column":74}},"71":{"start":{"line":151,"column":0},"end":{"line":151,"column":26}}},"fnMap":{"0":{"name":"start","decl":{"start":{"line":24,"column":15},"end":{"line":24,"column":20}},"loc":{"start":{"line":24,"column":42},"end":{"line":143,"column":1}},"line":24},"1":{"name":"(anonymous_1)","decl":{"start":{"line":41,"column":6},"end":{"line":41,"column":7}},"loc":{"start":{"line":41,"column":39},"end":{"line":52,"column":7}},"line":41},"2":{"name":"(anonymous_2)","decl":{"start":{"line":43,"column":16},"end":{"line":43,"column":17}},"loc":{"start":{"line":43,"column":32},"end":{"line":50,"column":11}},"line":43},"3":{"name":"(anonymous_3)","decl":{"start":{"line":67,"column":58},"end":{"line":67,"column":59}},"loc":{"start":{"line":67,"column":78},"end":{"line":74,"column":3}},"line":67},"4":{"name":"(anonymous_4)","decl":{"start":{"line":92,"column":10},"end":{"line":92,"column":11}},"loc":{"start":{"line":92,"column":30},"end":{"line":94,"column":3}},"line":92},"5":{"name":"(anonymous_5)","decl":{"start":{"line":97,"column":10},"end":{"line":97,"column":11}},"loc":{"start":{"line":97,"column":41},"end":{"line":120,"column":3}},"line":97},"6":{"name":"(anonymous_6)","decl":{"start":{"line":128,"column":21},"end":{"line":128,"column":22}},"loc":{"start":{"line":128,"column":42},"end":{"line":142,"column":3}},"line":128},"7":{"name":"(anonymous_7)","decl":{"start":{"line":129,"column":36},"end":{"line":129,"column":37}},"loc":{"start":{"line":129,"column":54},"end":{"line":137,"column":5}},"line":129},"8":{"name":"(anonymous_8)","decl":{"start":{"line":138,"column":23},"end":{"line":138,"column":24}},"loc":{"start":{"line":138,"column":41},"end":{"line":141,"column":5}},"line":138},"9":{"name":"(anonymous_9)","decl":{"start":{"line":146,"column":27},"end":{"line":146,"column":28}},"loc":{"start":{"line":146,"column":39},"end":{"line":148,"column":3}},"line":146}},"branchMap":{"0":{"loc":{"start":{"line":28,"column":2},"end":{"line":31,"column":3}},"type":"if","locations":[{"start":{"line":28,"column":2},"end":{"line":31,"column":3}},{"start":{"line":28,"column":2},"end":{"line":31,"column":3}}],"line":28},"1":{"loc":{"start":{"line":44,"column":12},"end":{"line":48,"column":13}},"type":"if","locations":[{"start":{"line":44,"column":12},"end":{"line":48,"column":13}},{"start":{"line":44,"column":12},"end":{"line":48,"column":13}}],"line":44},"2":{"loc":{"start":{"line":44,"column":16},"end":{"line":44,"column":77}},"type":"binary-expr","locations":[{"start":{"line":44,"column":16},"end":{"line":44,"column":21}},{"start":{"line":44,"column":25},"end":{"line":44,"column":77}}],"line":44},"3":{"loc":{"start":{"line":58,"column":2},"end":{"line":61,"column":3}},"type":"if","locations":[{"start":{"line":58,"column":2},"end":{"line":61,"column":3}},{"start":{"line":58,"column":2},"end":{"line":61,"column":3}}],"line":58},"4":{"loc":{"start":{"line":99,"column":4},"end":{"line":118,"column":5}},"type":"if","locations":[{"start":{"line":99,"column":4},"end":{"line":118,"column":5}},{"start":{"line":99,"column":4},"end":{"line":118,"column":5}}],"line":99},"5":{"loc":{"start":{"line":100,"column":6},"end":{"line":103,"column":7}},"type":"if","locations":[{"start":{"line":100,"column":6},"end":{"line":103,"column":7}},{"start":{"line":100,"column":6},"end":{"line":103,"column":7}}],"line":100},"6":{"loc":{"start":{"line":107,"column":8},"end":{"line":110,"column":9}},"type":"if","locations":[{"start":{"line":107,"column":8},"end":{"line":110,"column":9}},{"start":{"line":107,"column":8},"end":{"line":110,"column":9}}],"line":107},"7":{"loc":{"start":{"line":114,"column":11},"end":{"line":118,"column":5}},"type":"if","locations":[{"start":{"line":114,"column":11},"end":{"line":118,"column":5}},{"start":{"line":114,"column":11},"end":{"line":118,"column":5}}],"line":114},"8":{"loc":{"start":{"line":122,"column":2},"end":{"line":124,"column":3}},"type":"if","locations":[{"start":{"line":122,"column":2},"end":{"line":124,"column":3}},{"start":{"line":122,"column":2},"end":{"line":124,"column":3}}],"line":122},"9":{"loc":{"start":{"line":131,"column":8},"end":{"line":131,"column":32}},"type":"binary-expr","locations":[{"start":{"line":131,"column":8},"end":{"line":131,"column":10}},{"start":{"line":131,"column":15},"end":{"line":131,"column":31}}],"line":131},"10":{"loc":{"start":{"line":145,"column":0},"end":{"line":149,"column":1}},"type":"if","locations":[{"start":{"line":145,"column":0},"end":{"line":149,"column":1}},{"start":{"line":145,"column":0},"end":{"line":149,"column":1}}],"line":145}},"s":{"0":1,"1":1,"2":1,"3":1,"4":1,"5":1,"6":1,"7":1,"8":1,"9":1,"10":1,"11":1,"12":1,"13":1,"14":1,"15":0,"16":0,"17":1,"18":1,"19":1,"20":0,"21":0,"22":0,"23":0,"24":1,"25":1,"26":0,"27":1,"28":1,"29":1,"30":1,"31":0,"32":0,"33":1,"34":1,"35":1,"36":1,"37":1,"38":0,"39":1,"40":0,"41":0,"42":0,"43":0,"44":0,"45":0,"46":0,"47":0,"48":0,"49":0,"50":0,"51":0,"52":0,"53":0,"54":1,"55":0,"56":1,"57":1,"58":1,"59":1,"60":1,"61":1,"62":0,"63":0,"64":0,"65":1,"66":1,"67":1,"68":1,"69":0,"70":0,"71":1},"f":{"0":1,"1":0,"2":0,"3":0,"4":0,"5":0,"6":1,"7":1,"8":1,"9":0},"b":{"0":[0,1],"1":[0,0],"2":[0,0],"3":[0,1],"4":[0,0],"5":[0,0],"6":[0,0],"7":[0,0],"8":[0,1],"9":[1,1],"10":[0,1]},"_coverageSchema":"1a1c01bbd47fc00a2c39e90264f33305004495a9","hash":"b9ee08e9b65918dc42cc768e46295d6c59d89687"},"/Users/ruisilva/Desktop/Projects/OpenSource/mot-workshop/api/index.js":{"path":"/Users/ruisilva/Desktop/Projects/OpenSource/mot-workshop/api/index.js","statementMap":{"0":{"start":{"line":1,"column":15},"end":{"line":1,"column":42}},"1":{"start":{"line":4,"column":0},"end":{"line":6,"column":2}},"2":{"start":{"line":5,"column":2},"end":{"line":5,"column":40}},"3":{"start":{"line":7,"column":0},"end":{"line":7,"column":35}},"4":{"start":{"line":8,"column":0},"end":{"line":8,"column":46}},"5":{"start":{"line":9,"column":0},"end":{"line":9,"column":46}},"6":{"start":{"line":10,"column":0},"end":{"line":10,"column":38}},"7":{"start":{"line":12,"column":0},"end":{"line":12,"column":23}}},"fnMap":{"0":{"name":"(anonymous_0)","decl":{"start":{"line":4,"column":16},"end":{"line":4,"column":17}},"loc":{"start":{"line":4,"column":36},"end":{"line":6,"column":1}},"line":4}},"branchMap":{},"s":{"0":1,"1":1,"2":0,"3":1,"4":1,"5":1,"6":1,"7":1},"f":{"0":0},"b":{},"_coverageSchema":"1a1c01bbd47fc00a2c39e90264f33305004495a9","hash":"abc9e8547f5067626228977eaa07938f6f2c20e0"},"/Users/ruisilva/Desktop/Projects/OpenSource/mot-workshop/api/users.js":{"path":"/Users/ruisilva/Desktop/Projects/OpenSource/mot-workshop/api/users.js","statementMap":{"0":{"start":{"line":1,"column":15},"end":{"line":1,"column":42}},"1":{"start":{"line":2,"column":17},"end":{"line":2,"column":36}},"2":{"start":{"line":4,"column":13},"end":{"line":4,"column":31}},"3":{"start":{"line":5,"column":12},"end":{"line":5,"column":29}},"4":{"start":{"line":7,"column":0},"end":{"line":19,"column":2}},"5":{"start":{"line":8,"column":2},"end":{"line":18,"column":3}},"6":{"start":{"line":9,"column":17},"end":{"line":11,"column":43}},"7":{"start":{"line":12,"column":4},"end":{"line":14,"column":5}},"8":{"start":{"line":13,"column":6},"end":{"line":13,"column":32}},"9":{"start":{"line":15,"column":4},"end":{"line":15,"column":48}},"10":{"start":{"line":17,"column":4},"end":{"line":17,"column":15}},"11":{"start":{"line":21,"column":0},"end":{"line":54,"column":2}},"12":{"start":{"line":22,"column":2},"end":{"line":53,"column":3}},"13":{"start":{"line":23,"column":17},"end":{"line":25,"column":43}},"14":{"start":{"line":26,"column":4},"end":{"line":28,"column":5}},"15":{"start":{"line":27,"column":6},"end":{"line":27,"column":32}},"16":{"start":{"line":29,"column":4},"end":{"line":49,"column":5}},"17":{"start":{"line":31,"column":6},"end":{"line":33,"column":7}},"18":{"start":{"line":32,"column":8},"end":{"line":32,"column":46}},"19":{"start":{"line":34,"column":6},"end":{"line":36,"column":7}},"20":{"start":{"line":35,"column":8},"end":{"line":35,"column":40}},"21":{"start":{"line":37,"column":6},"end":{"line":39,"column":7}},"22":{"start":{"line":38,"column":8},"end":{"line":38,"column":36}},"23":{"start":{"line":40,"column":6},"end":{"line":42,"column":7}},"24":{"start":{"line":41,"column":8},"end":{"line":41,"column":40}},"25":{"start":{"line":43,"column":6},"end":{"line":47,"column":7}},"26":{"start":{"line":44,"column":8},"end":{"line":46,"column":64}},"27":{"start":{"line":48,"column":6},"end":{"line":48,"column":23}},"28":{"start":{"line":50,"column":4},"end":{"line":50,"column":48}},"29":{"start":{"line":52,"column":4},"end":{"line":52,"column":15}},"30":{"start":{"line":56,"column":0},"end":{"line":81,"column":2}},"31":{"start":{"line":57,"column":2},"end":{"line":59,"column":3}},"32":{"start":{"line":58,"column":4},"end":{"line":58,"column":71}},"33":{"start":{"line":60,"column":2},"end":{"line":62,"column":3}},"34":{"start":{"line":61,"column":4},"end":{"line":61,"column":72}},"35":{"start":{"line":63,"column":2},"end":{"line":65,"column":3}},"36":{"start":{"line":64,"column":4},"end":{"line":64,"column":75}},"37":{"start":{"line":66,"column":2},"end":{"line":80,"column":19}},"38":{"start":{"line":70,"column":6},"end":{"line":72,"column":7}},"39":{"start":{"line":71,"column":8},"end":{"line":71,"column":24}},"40":{"start":{"line":73,"column":6},"end":{"line":78,"column":7}},"41":{"start":{"line":74,"column":8},"end":{"line":74,"column":39}},"42":{"start":{"line":75,"column":8},"end":{"line":75,"column":52}},"43":{"start":{"line":77,"column":8},"end":{"line":77,"column":41}},"44":{"start":{"line":83,"column":0},"end":{"line":104,"column":2}},"45":{"start":{"line":84,"column":2},"end":{"line":103,"column":3}},"46":{"start":{"line":85,"column":15},"end":{"line":85,"column":59}},"47":{"start":{"line":86,"column":4},"end":{"line":88,"column":5}},"48":{"start":{"line":87,"column":6},"end":{"line":87,"column":73}},"49":{"start":{"line":89,"column":4},"end":{"line":91,"column":5}},"50":{"start":{"line":90,"column":6},"end":{"line":90,"column":77}},"51":{"start":{"line":92,"column":4},"end":{"line":92,"column":42}},"52":{"start":{"line":93,"column":4},"end":{"line":93,"column":36}},"53":{"start":{"line":94,"column":4},"end":{"line":94,"column":34}},"54":{"start":{"line":95,"column":4},"end":{"line":97,"column":60}},"55":{"start":{"line":98,"column":4},"end":{"line":98,"column":21}},"56":{"start":{"line":99,"column":4},"end":{"line":99,"column":71}},"57":{"start":{"line":100,"column":4},"end":{"line":100,"column":48}},"58":{"start":{"line":102,"column":4},"end":{"line":102,"column":15}},"59":{"start":{"line":106,"column":0},"end":{"line":106,"column":23}}},"fnMap":{"0":{"name":"(anonymous_0)","decl":{"start":{"line":7,"column":35},"end":{"line":7,"column":36}},"loc":{"start":{"line":7,"column":67},"end":{"line":19,"column":1}},"line":7},"1":{"name":"(anonymous_1)","decl":{"start":{"line":21,"column":35},"end":{"line":21,"column":36}},"loc":{"start":{"line":21,"column":67},"end":{"line":54,"column":1}},"line":21},"2":{"name":"(anonymous_2)","decl":{"start":{"line":56,"column":28},"end":{"line":56,"column":29}},"loc":{"start":{"line":56,"column":54},"end":{"line":81,"column":1}},"line":56},"3":{"name":"(anonymous_3)","decl":{"start":{"line":69,"column":4},"end":{"line":69,"column":5}},"loc":{"start":{"line":69,"column":31},"end":{"line":79,"column":5}},"line":69},"4":{"name":"(anonymous_4)","decl":{"start":{"line":83,"column":22},"end":{"line":83,"column":23}},"loc":{"start":{"line":83,"column":54},"end":{"line":104,"column":1}},"line":83}},"branchMap":{"0":{"loc":{"start":{"line":12,"column":4},"end":{"line":14,"column":5}},"type":"if","locations":[{"start":{"line":12,"column":4},"end":{"line":14,"column":5}},{"start":{"line":12,"column":4},"end":{"line":14,"column":5}}],"line":12},"1":{"loc":{"start":{"line":26,"column":4},"end":{"line":28,"column":5}},"type":"if","locations":[{"start":{"line":26,"column":4},"end":{"line":28,"column":5}},{"start":{"line":26,"column":4},"end":{"line":28,"column":5}}],"line":26},"2":{"loc":{"start":{"line":29,"column":4},"end":{"line":49,"column":5}},"type":"if","locations":[{"start":{"line":29,"column":4},"end":{"line":49,"column":5}},{"start":{"line":29,"column":4},"end":{"line":49,"column":5}}],"line":29},"3":{"loc":{"start":{"line":31,"column":6},"end":{"line":33,"column":7}},"type":"if","locations":[{"start":{"line":31,"column":6},"end":{"line":33,"column":7}},{"start":{"line":31,"column":6},"end":{"line":33,"column":7}}],"line":31},"4":{"loc":{"start":{"line":34,"column":6},"end":{"line":36,"column":7}},"type":"if","locations":[{"start":{"line":34,"column":6},"end":{"line":36,"column":7}},{"start":{"line":34,"column":6},"end":{"line":36,"column":7}}],"line":34},"5":{"loc":{"start":{"line":37,"column":6},"end":{"line":39,"column":7}},"type":"if","locations":[{"start":{"line":37,"column":6},"end":{"line":39,"column":7}},{"start":{"line":37,"column":6},"end":{"line":39,"column":7}}],"line":37},"6":{"loc":{"start":{"line":40,"column":6},"end":{"line":42,"column":7}},"type":"if","locations":[{"start":{"line":40,"column":6},"end":{"line":42,"column":7}},{"start":{"line":40,"column":6},"end":{"line":42,"column":7}}],"line":40},"7":{"loc":{"start":{"line":43,"column":6},"end":{"line":47,"column":7}},"type":"if","locations":[{"start":{"line":43,"column":6},"end":{"line":47,"column":7}},{"start":{"line":43,"column":6},"end":{"line":47,"column":7}}],"line":43},"8":{"loc":{"start":{"line":57,"column":2},"end":{"line":59,"column":3}},"type":"if","locations":[{"start":{"line":57,"column":2},"end":{"line":59,"column":3}},{"start":{"line":57,"column":2},"end":{"line":59,"column":3}}],"line":57},"9":{"loc":{"start":{"line":60,"column":2},"end":{"line":62,"column":3}},"type":"if","locations":[{"start":{"line":60,"column":2},"end":{"line":62,"column":3}},{"start":{"line":60,"column":2},"end":{"line":62,"column":3}}],"line":60},"10":{"loc":{"start":{"line":63,"column":2},"end":{"line":65,"column":3}},"type":"if","locations":[{"start":{"line":63,"column":2},"end":{"line":65,"column":3}},{"start":{"line":63,"column":2},"end":{"line":65,"column":3}}],"line":63},"11":{"loc":{"start":{"line":70,"column":6},"end":{"line":72,"column":7}},"type":"if","locations":[{"start":{"line":70,"column":6},"end":{"line":72,"column":7}},{"start":{"line":70,"column":6},"end":{"line":72,"column":7}}],"line":70},"12":{"loc":{"start":{"line":73,"column":6},"end":{"line":78,"column":7}},"type":"if","locations":[{"start":{"line":73,"column":6},"end":{"line":78,"column":7}},{"start":{"line":73,"column":6},"end":{"line":78,"column":7}}],"line":73},"13":{"loc":{"start":{"line":86,"column":4},"end":{"line":88,"column":5}},"type":"if","locations":[{"start":{"line":86,"column":4},"end":{"line":88,"column":5}},{"start":{"line":86,"column":4},"end":{"line":88,"column":5}}],"line":86},"14":{"loc":{"start":{"line":89,"column":4},"end":{"line":91,"column":5}},"type":"if","locations":[{"start":{"line":89,"column":4},"end":{"line":91,"column":5}},{"start":{"line":89,"column":4},"end":{"line":91,"column":5}}],"line":89}},"s":{"0":1,"1":1,"2":1,"3":1,"4":1,"5":0,"6":0,"7":0,"8":0,"9":0,"10":0,"11":1,"12":0,"13":0,"14":0,"15":0,"16":0,"17":0,"18":0,"19":0,"20":0,"21":0,"22":0,"23":0,"24":0,"25":0,"26":0,"27":0,"28":0,"29":0,"30":1,"31":0,"32":0,"33":0,"34":0,"35":0,"36":0,"37":0,"38":0,"39":0,"40":0,"41":0,"42":0,"43":0,"44":1,"45":1,"46":1,"47":1,"48":0,"49":1,"50":0,"51":1,"52":1,"53":1,"54":1,"55":1,"56":1,"57":1,"58":0,"59":1},"f":{"0":0,"1":0,"2":0,"3":0,"4":1},"b":{"0":[0,0],"1":[0,0],"2":[0,0],"3":[0,0],"4":[0,0],"5":[0,0],"6":[0,0],"7":[0,0],"8":[0,0],"9":[0,0],"10":[0,0],"11":[0,0],"12":[0,0],"13":[0,1],"14":[0,1]},"_coverageSchema":"1a1c01bbd47fc00a2c39e90264f33305004495a9","hash":"c0989eefcc7ed93599c53ed9fb102a78826a8326"},"/Users/ruisilva/Desktop/Projects/OpenSource/mot-workshop/auth.js":{"path":"/Users/ruisilva/Desktop/Projects/OpenSource/mot-workshop/auth.js","statementMap":{"0":{"start":{"line":1,"column":12},"end":{"line":1,"column":34}},"1":{"start":{"line":3,"column":15},"end":{"line":3,"column":47}},"2":{"start":{"line":6,"column":2},"end":{"line":11,"column":3}},"3":{"start":{"line":10,"column":4},"end":{"line":10,"column":38}},"4":{"start":{"line":12,"column":2},"end":{"line":12,"column":13}},"5":{"start":{"line":16,"column":12},"end":{"line":16,"column":57}},"6":{"start":{"line":17,"column":2},"end":{"line":17,"column":21}},"7":{"start":{"line":17,"column":11},"end":{"line":17,"column":21}},"8":{"start":{"line":29,"column":2},"end":{"line":29,"column":13}},"9":{"start":{"line":32,"column":0},"end":{"line":44,"column":1}}},"fnMap":{"0":{"name":"getTokenFromHeader","decl":{"start":{"line":5,"column":9},"end":{"line":5,"column":27}},"loc":{"start":{"line":5,"column":43},"end":{"line":13,"column":1}},"line":5},"1":{"name":"getTokenFromRequest","decl":{"start":{"line":15,"column":9},"end":{"line":15,"column":28}},"loc":{"start":{"line":15,"column":34},"end":{"line":30,"column":1}},"line":15}},"branchMap":{"0":{"loc":{"start":{"line":6,"column":2},"end":{"line":11,"column":3}},"type":"if","locations":[{"start":{"line":6,"column":2},"end":{"line":11,"column":3}},{"start":{"line":6,"column":2},"end":{"line":11,"column":3}}],"line":6},"1":{"loc":{"start":{"line":7,"column":4},"end":{"line":8,"column":63}},"type":"binary-expr","locations":[{"start":{"line":7,"column":5},"end":{"line":7,"column":18}},{"start":{"line":7,"column":22},"end":{"line":7,"column":61}},{"start":{"line":8,"column":5},"end":{"line":8,"column":18}},{"start":{"line":8,"column":22},"end":{"line":8,"column":62}}],"line":7},"2":{"loc":{"start":{"line":17,"column":2},"end":{"line":17,"column":21}},"type":"if","locations":[{"start":{"line":17,"column":2},"end":{"line":17,"column":21}},{"start":{"line":17,"column":2},"end":{"line":17,"column":21}}],"line":17}},"s":{"0":1,"1":1,"2":6,"3":6,"4":0,"5":6,"6":6,"7":6,"8":0,"9":1},"f":{"0":6,"1":6},"b":{"0":[6,0],"1":[6,6,0,0],"2":[6,0]},"_coverageSchema":"1a1c01bbd47fc00a2c39e90264f33305004495a9","hash":"7d155d1495fc8b742ddadde7bfb911ec392e6886"},"/Users/ruisilva/Desktop/Projects/OpenSource/mot-workshop/front/config.js":{"path":"/Users/ruisilva/Desktop/Projects/OpenSource/mot-workshop/front/config.js","statementMap":{"0":{"start":{"line":2,"column":0},"end":{"line":6,"column":1}},"1":{"start":{"line":3,"column":2},"end":{"line":3,"column":54}},"2":{"start":{"line":5,"column":2},"end":{"line":5,"column":66}},"3":{"start":{"line":9,"column":0},"end":{"line":13,"column":1}},"4":{"start":{"line":10,"column":2},"end":{"line":10,"column":20}},"5":{"start":{"line":12,"column":2},"end":{"line":12,"column":18}},"6":{"start":{"line":16,"column":0},"end":{"line":20,"column":1}},"7":{"start":{"line":17,"column":2},"end":{"line":17,"column":45}},"8":{"start":{"line":19,"column":2},"end":{"line":19,"column":40}},"9":{"start":{"line":22,"column":0},"end":{"line":78,"column":1}}},"fnMap":{},"branchMap":{"0":{"loc":{"start":{"line":2,"column":0},"end":{"line":6,"column":1}},"type":"if","locations":[{"start":{"line":2,"column":0},"end":{"line":6,"column":1}},{"start":{"line":2,"column":0},"end":{"line":6,"column":1}}],"line":2},"1":{"loc":{"start":{"line":9,"column":0},"end":{"line":13,"column":1}},"type":"if","locations":[{"start":{"line":9,"column":0},"end":{"line":13,"column":1}},{"start":{"line":9,"column":0},"end":{"line":13,"column":1}}],"line":9},"2":{"loc":{"start":{"line":16,"column":0},"end":{"line":20,"column":1}},"type":"if","locations":[{"start":{"line":16,"column":0},"end":{"line":20,"column":1}},{"start":{"line":16,"column":0},"end":{"line":20,"column":1}}],"line":16},"3":{"loc":{"start":{"line":43,"column":4},"end":{"line":45,"column":62}},"type":"cond-expr","locations":[{"start":{"line":44,"column":8},"end":{"line":44,"column":20}},{"start":{"line":45,"column":8},"end":{"line":45,"column":62}}],"line":43},"4":{"loc":{"start":{"line":46,"column":8},"end":{"line":46,"column":32}},"type":"binary-expr","locations":[{"start":{"line":46,"column":8},"end":{"line":46,"column":24}},{"start":{"line":46,"column":28},"end":{"line":46,"column":32}}],"line":46},"5":{"loc":{"start":{"line":52,"column":10},"end":{"line":52,"column":54}},"type":"cond-expr","locations":[{"start":{"line":52,"column":25},"end":{"line":52,"column":43}},{"start":{"line":52,"column":46},"end":{"line":52,"column":54}}],"line":52},"6":{"loc":{"start":{"line":64,"column":6},"end":{"line":65,"column":70}},"type":"binary-expr","locations":[{"start":{"line":64,"column":6},"end":{"line":64,"column":17}},{"start":{"line":65,"column":6},"end":{"line":65,"column":70}}],"line":64}},"s":{"0":1,"1":1,"2":0,"3":1,"4":0,"5":1,"6":1,"7":1,"8":0,"9":1},"f":{},"b":{"0":[1,0],"1":[0,1],"2":[1,0],"3":[1,0],"4":[1,1],"5":[0,1],"6":[1,1]},"_coverageSchema":"1a1c01bbd47fc00a2c39e90264f33305004495a9","hash":"8e837cc089223f1fcccb85d74c35d0d6421c5add"},"/Users/ruisilva/Desktop/Projects/OpenSource/mot-workshop/lib.js":{"path":"/Users/ruisilva/Desktop/Projects/OpenSource/mot-workshop/lib.js","statementMap":{"0":{"start":{"line":1,"column":15},"end":{"line":1,"column":40}},"1":{"start":{"line":4,"column":2},"end":{"line":15,"column":3}},"2":{"start":{"line":6,"column":16},"end":{"line":11,"column":6}},"3":{"start":{"line":12,"column":4},"end":{"line":14,"column":5}},"4":{"start":{"line":13,"column":6},"end":{"line":13,"column":70}},"5":{"start":{"line":13,"column":58},"end":{"line":13,"column":64}},"6":{"start":{"line":17,"column":0},"end":{"line":17,"column":49}},"7":{"start":{"line":22,"column":2},"end":{"line":22,"column":38}},"8":{"start":{"line":24,"column":0},"end":{"line":24,"column":33}},"9":{"start":{"line":28,"column":4},"end":{"line":28,"column":11}},"10":{"start":{"line":29,"column":4},"end":{"line":29,"column":24}},"11":{"start":{"line":30,"column":4},"end":{"line":30,"column":24}},"12":{"start":{"line":33,"column":0},"end":{"line":33,"column":41}},"13":{"start":{"line":36,"column":2},"end":{"line":43,"column":26}},"14":{"start":{"line":43,"column":17},"end":{"line":43,"column":25}},"15":{"start":{"line":45,"column":0},"end":{"line":45,"column":35}},"16":{"start":{"line":48,"column":12},"end":{"line":48,"column":21}},"17":{"start":{"line":49,"column":11},"end":{"line":49,"column":52}},"18":{"start":{"line":50,"column":2},"end":{"line":50,"column":16}},"19":{"start":{"line":52,"column":0},"end":{"line":52,"column":57}},"20":{"start":{"line":55,"column":14},"end":{"line":55,"column":23}},"21":{"start":{"line":56,"column":2},"end":{"line":72,"column":3}},"22":{"start":{"line":57,"column":4},"end":{"line":57,"column":23}},"23":{"start":{"line":59,"column":20},"end":{"line":59,"column":36}},"24":{"start":{"line":60,"column":4},"end":{"line":71,"column":5}},"25":{"start":{"line":61,"column":6},"end":{"line":61,"column":16}},"26":{"start":{"line":63,"column":6},"end":{"line":70,"column":7}},"27":{"start":{"line":74,"column":0},"end":{"line":74,"column":37}}},"fnMap":{"0":{"name":"deleteOldestForDemo","decl":{"start":{"line":3,"column":15},"end":{"line":3,"column":34}},"loc":{"start":{"line":3,"column":42},"end":{"line":16,"column":1}},"line":3},"1":{"name":"(anonymous_1)","decl":{"start":{"line":13,"column":49},"end":{"line":13,"column":50}},"loc":{"start":{"line":13,"column":58},"end":{"line":13,"column":64}},"line":13},"2":{"name":"getClientIp","decl":{"start":{"line":21,"column":9},"end":{"line":21,"column":20}},"loc":{"start":{"line":21,"column":26},"end":{"line":23,"column":1}},"line":21},"3":{"name":"(anonymous_3)","decl":{"start":{"line":27,"column":2},"end":{"line":27,"column":3}},"loc":{"start":{"line":27,"column":30},"end":{"line":31,"column":3}},"line":27},"4":{"name":"getIndexTags","decl":{"start":{"line":35,"column":15},"end":{"line":35,"column":27}},"loc":{"start":{"line":35,"column":39},"end":{"line":44,"column":1}},"line":35},"5":{"name":"(anonymous_5)","decl":{"start":{"line":43,"column":8},"end":{"line":43,"column":9}},"loc":{"start":{"line":43,"column":17},"end":{"line":43,"column":25}},"line":43},"6":{"name":"validatePositiveInteger","decl":{"start":{"line":47,"column":9},"end":{"line":47,"column":32}},"loc":{"start":{"line":47,"column":36},"end":{"line":51,"column":1}},"line":47},"7":{"name":"validateParam","decl":{"start":{"line":54,"column":9},"end":{"line":54,"column":22}},"loc":{"start":{"line":54,"column":59},"end":{"line":73,"column":1}},"line":54}},"branchMap":{"0":{"loc":{"start":{"line":4,"column":2},"end":{"line":15,"column":3}},"type":"if","locations":[{"start":{"line":4,"column":2},"end":{"line":15,"column":3}},{"start":{"line":4,"column":2},"end":{"line":15,"column":3}}],"line":4},"1":{"loc":{"start":{"line":12,"column":4},"end":{"line":14,"column":5}},"type":"if","locations":[{"start":{"line":12,"column":4},"end":{"line":14,"column":5}},{"start":{"line":12,"column":4},"end":{"line":14,"column":5}}],"line":12},"2":{"loc":{"start":{"line":49,"column":11},"end":{"line":49,"column":52}},"type":"binary-expr","locations":[{"start":{"line":49,"column":11},"end":{"line":49,"column":19}},{"start":{"line":49,"column":23},"end":{"line":49,"column":42}},{"start":{"line":49,"column":46},"end":{"line":49,"column":52}}],"line":49},"3":{"loc":{"start":{"line":56,"column":2},"end":{"line":72,"column":3}},"type":"if","locations":[{"start":{"line":56,"column":2},"end":{"line":72,"column":3}},{"start":{"line":56,"column":2},"end":{"line":72,"column":3}}],"line":56},"4":{"loc":{"start":{"line":60,"column":4},"end":{"line":71,"column":5}},"type":"if","locations":[{"start":{"line":60,"column":4},"end":{"line":71,"column":5}},{"start":{"line":60,"column":4},"end":{"line":71,"column":5}}],"line":60}},"s":{"0":1,"1":3,"2":0,"3":0,"4":0,"5":0,"6":1,"7":1,"8":1,"9":0,"10":0,"11":0,"12":1,"13":2,"14":4,"15":1,"16":0,"17":0,"18":0,"19":1,"20":6,"21":6,"22":6,"23":0,"24":0,"25":0,"26":0,"27":1},"f":{"0":3,"1":0,"2":1,"3":0,"4":2,"5":4,"6":0,"7":6},"b":{"0":[0,3],"1":[0,0],"2":[0,0,0],"3":[6,0],"4":[0,0]},"_coverageSchema":"1a1c01bbd47fc00a2c39e90264f33305004495a9","hash":"4cbba5eb18972b7dc48939968310ea1c1a35eb49"},"/Users/ruisilva/Desktop/Projects/OpenSource/mot-workshop/api/profiles.js":{"path":"/Users/ruisilva/Desktop/Projects/OpenSource/mot-workshop/api/profiles.js","statementMap":{"0":{"start":{"line":1,"column":15},"end":{"line":1,"column":42}},"1":{"start":{"line":2,"column":13},"end":{"line":2,"column":31}},"2":{"start":{"line":5,"column":0},"end":{"line":17,"column":2}},"3":{"start":{"line":6,"column":2},"end":{"line":16,"column":16}},"4":{"start":{"line":10,"column":6},"end":{"line":12,"column":7}},"5":{"start":{"line":11,"column":8},"end":{"line":11,"column":34}},"6":{"start":{"line":13,"column":6},"end":{"line":13,"column":24}},"7":{"start":{"line":14,"column":6},"end":{"line":14,"column":19}},"8":{"start":{"line":19,"column":0},"end":{"line":40,"column":2}},"9":{"start":{"line":20,"column":2},"end":{"line":39,"column":3}},"10":{"start":{"line":22,"column":4},"end":{"line":33,"column":5}},"11":{"start":{"line":23,"column":19},"end":{"line":25,"column":45}},"12":{"start":{"line":26,"column":6},"end":{"line":30,"column":7}},"13":{"start":{"line":27,"column":8},"end":{"line":27,"column":35}},"14":{"start":{"line":29,"column":8},"end":{"line":29,"column":36}},"15":{"start":{"line":32,"column":6},"end":{"line":32,"column":34}},"16":{"start":{"line":34,"column":4},"end":{"line":36,"column":6}},"17":{"start":{"line":38,"column":4},"end":{"line":38,"column":15}},"18":{"start":{"line":42,"column":0},"end":{"line":62,"column":1}},"19":{"start":{"line":46,"column":4},"end":{"line":60,"column":5}},"20":{"start":{"line":47,"column":22},"end":{"line":47,"column":36}},"21":{"start":{"line":48,"column":19},"end":{"line":50,"column":45}},"22":{"start":{"line":51,"column":6},"end":{"line":53,"column":7}},"23":{"start":{"line":52,"column":8},"end":{"line":52,"column":34}},"24":{"start":{"line":54,"column":6},"end":{"line":54,"column":37}},"25":{"start":{"line":57,"column":6},"end":{"line":57,"column":76}},"26":{"start":{"line":59,"column":6},"end":{"line":59,"column":17}},"27":{"start":{"line":64,"column":0},"end":{"line":82,"column":1}},"28":{"start":{"line":68,"column":4},"end":{"line":80,"column":5}},"29":{"start":{"line":69,"column":22},"end":{"line":69,"column":36}},"30":{"start":{"line":70,"column":19},"end":{"line":72,"column":45}},"31":{"start":{"line":73,"column":6},"end":{"line":75,"column":7}},"32":{"start":{"line":74,"column":8},"end":{"line":74,"column":34}},"33":{"start":{"line":76,"column":6},"end":{"line":76,"column":40}},"34":{"start":{"line":77,"column":6},"end":{"line":77,"column":76}},"35":{"start":{"line":79,"column":6},"end":{"line":79,"column":17}},"36":{"start":{"line":84,"column":0},"end":{"line":84,"column":23}}},"fnMap":{"0":{"name":"(anonymous_0)","decl":{"start":{"line":5,"column":25},"end":{"line":5,"column":26}},"loc":{"start":{"line":5,"column":61},"end":{"line":17,"column":1}},"line":5},"1":{"name":"(anonymous_1)","decl":{"start":{"line":9,"column":10},"end":{"line":9,"column":11}},"loc":{"start":{"line":9,"column":26},"end":{"line":15,"column":5}},"line":9},"2":{"name":"(anonymous_2)","decl":{"start":{"line":19,"column":40},"end":{"line":19,"column":41}},"loc":{"start":{"line":19,"column":72},"end":{"line":40,"column":1}},"line":19},"3":{"name":"(anonymous_3)","decl":{"start":{"line":45,"column":2},"end":{"line":45,"column":3}},"loc":{"start":{"line":45,"column":34},"end":{"line":61,"column":3}},"line":45},"4":{"name":"(anonymous_4)","decl":{"start":{"line":67,"column":2},"end":{"line":67,"column":3}},"loc":{"start":{"line":67,"column":34},"end":{"line":81,"column":3}},"line":67}},"branchMap":{"0":{"loc":{"start":{"line":10,"column":6},"end":{"line":12,"column":7}},"type":"if","locations":[{"start":{"line":10,"column":6},"end":{"line":12,"column":7}},{"start":{"line":10,"column":6},"end":{"line":12,"column":7}}],"line":10},"1":{"loc":{"start":{"line":22,"column":4},"end":{"line":33,"column":5}},"type":"if","locations":[{"start":{"line":22,"column":4},"end":{"line":33,"column":5}},{"start":{"line":22,"column":4},"end":{"line":33,"column":5}}],"line":22},"2":{"loc":{"start":{"line":26,"column":6},"end":{"line":30,"column":7}},"type":"if","locations":[{"start":{"line":26,"column":6},"end":{"line":30,"column":7}},{"start":{"line":26,"column":6},"end":{"line":30,"column":7}}],"line":26},"3":{"loc":{"start":{"line":51,"column":6},"end":{"line":53,"column":7}},"type":"if","locations":[{"start":{"line":51,"column":6},"end":{"line":53,"column":7}},{"start":{"line":51,"column":6},"end":{"line":53,"column":7}}],"line":51},"4":{"loc":{"start":{"line":73,"column":6},"end":{"line":75,"column":7}},"type":"if","locations":[{"start":{"line":73,"column":6},"end":{"line":75,"column":7}},{"start":{"line":73,"column":6},"end":{"line":75,"column":7}}],"line":73}},"s":{"0":1,"1":1,"2":1,"3":0,"4":0,"5":0,"6":0,"7":0,"8":1,"9":0,"10":0,"11":0,"12":0,"13":0,"14":0,"15":0,"16":0,"17":0,"18":1,"19":0,"20":0,"21":0,"22":0,"23":0,"24":0,"25":0,"26":0,"27":1,"28":0,"29":0,"30":0,"31":0,"32":0,"33":0,"34":0,"35":0,"36":1},"f":{"0":0,"1":0,"2":0,"3":0,"4":0},"b":{"0":[0,0],"1":[0,0],"2":[0,0],"3":[0,0],"4":[0,0]},"_coverageSchema":"1a1c01bbd47fc00a2c39e90264f33305004495a9","hash":"460042652b0d6efebf1681fcec1e59ea49484695"},"/Users/ruisilva/Desktop/Projects/OpenSource/mot-workshop/api/articles.js":{"path":"/Users/ruisilva/Desktop/Projects/OpenSource/mot-workshop/api/articles.js","statementMap":{"0":{"start":{"line":1,"column":15},"end":{"line":1,"column":42}},"1":{"start":{"line":2,"column":13},"end":{"line":2,"column":31}},"2":{"start":{"line":3,"column":24},"end":{"line":3,"column":44}},"3":{"start":{"line":5,"column":15},"end":{"line":5,"column":44}},"4":{"start":{"line":6,"column":12},"end":{"line":6,"column":32}},"5":{"start":{"line":9,"column":2},"end":{"line":17,"column":3}},"6":{"start":{"line":11,"column":6},"end":{"line":11,"column":26}},"7":{"start":{"line":20,"column":16},"end":{"line":23,"column":4}},"8":{"start":{"line":24,"column":2},"end":{"line":24,"column":48}},"9":{"start":{"line":29,"column":2},"end":{"line":40,"column":3}},"10":{"start":{"line":30,"column":4},"end":{"line":39,"column":5}},"11":{"start":{"line":31,"column":6},"end":{"line":33,"column":7}},"12":{"start":{"line":32,"column":8},"end":{"line":32,"column":48}},"13":{"start":{"line":34,"column":6},"end":{"line":38,"column":7}},"14":{"start":{"line":35,"column":8},"end":{"line":37,"column":9}},"15":{"start":{"line":36,"column":10},"end":{"line":36,"column":41}},"16":{"start":{"line":41,"column":2},"end":{"line":41,"column":12}},"17":{"start":{"line":45,"column":0},"end":{"line":60,"column":2}},"18":{"start":{"line":46,"column":2},"end":{"line":59,"column":16}},"19":{"start":{"line":53,"column":6},"end":{"line":55,"column":7}},"20":{"start":{"line":54,"column":8},"end":{"line":54,"column":34}},"21":{"start":{"line":56,"column":6},"end":{"line":56,"column":27}},"22":{"start":{"line":57,"column":6},"end":{"line":57,"column":19}},"23":{"start":{"line":62,"column":0},"end":{"line":77,"column":2}},"24":{"start":{"line":63,"column":2},"end":{"line":76,"column":16}},"25":{"start":{"line":70,"column":6},"end":{"line":72,"column":7}},"26":{"start":{"line":71,"column":8},"end":{"line":71,"column":34}},"27":{"start":{"line":73,"column":6},"end":{"line":73,"column":27}},"28":{"start":{"line":74,"column":6},"end":{"line":74,"column":19}},"29":{"start":{"line":79,"column":0},"end":{"line":192,"column":2}},"30":{"start":{"line":80,"column":2},"end":{"line":191,"column":3}},"31":{"start":{"line":81,"column":16},"end":{"line":81,"column":18}},"32":{"start":{"line":82,"column":18},"end":{"line":87,"column":5}},"33":{"start":{"line":88,"column":19},"end":{"line":93,"column":5}},"34":{"start":{"line":94,"column":20},"end":{"line":94,"column":22}},"35":{"start":{"line":96,"column":23},"end":{"line":96,"column":63}},"36":{"start":{"line":99,"column":26},"end":{"line":102,"column":5}},"37":{"start":{"line":104,"column":4},"end":{"line":115,"column":5}},"38":{"start":{"line":116,"column":4},"end":{"line":118,"column":5}},"39":{"start":{"line":117,"column":6},"end":{"line":117,"column":58}},"40":{"start":{"line":119,"column":4},"end":{"line":119,"column":31}},"41":{"start":{"line":121,"column":27},"end":{"line":121,"column":32}},"42":{"start":{"line":122,"column":4},"end":{"line":150,"column":5}},"43":{"start":{"line":124,"column":6},"end":{"line":128,"column":8}},"44":{"start":{"line":129,"column":11},"end":{"line":150,"column":5}},"45":{"start":{"line":139,"column":6},"end":{"line":148,"column":8}},"46":{"start":{"line":149,"column":6},"end":{"line":149,"column":29}},"47":{"start":{"line":153,"column":4},"end":{"line":160,"column":5}},"48":{"start":{"line":154,"column":25},"end":{"line":157,"column":7}},"49":{"start":{"line":158,"column":6},"end":{"line":158,"column":48}},"50":{"start":{"line":159,"column":6},"end":{"line":159,"column":30}},"51":{"start":{"line":162,"column":61},"end":{"line":173,"column":6}},"52":{"start":{"line":174,"column":4},"end":{"line":188,"column":6}},"53":{"start":{"line":177,"column":23},"end":{"line":177,"column":63}},"54":{"start":{"line":178,"column":28},"end":{"line":180,"column":23}},"55":{"start":{"line":184,"column":10},"end":{"line":184,"column":58}},"56":{"start":{"line":190,"column":4},"end":{"line":190,"column":15}},"57":{"start":{"line":194,"column":0},"end":{"line":220,"column":2}},"58":{"start":{"line":195,"column":2},"end":{"line":219,"column":3}},"59":{"start":{"line":196,"column":18},"end":{"line":201,"column":5}},"60":{"start":{"line":202,"column":19},"end":{"line":207,"column":5}},"61":{"start":{"line":208,"column":17},"end":{"line":210,"column":43}},"62":{"start":{"line":211,"column":4},"end":{"line":213,"column":5}},"63":{"start":{"line":212,"column":6},"end":{"line":212,"column":32}},"64":{"start":{"line":214,"column":4},"end":{"line":216,"column":5}},"65":{"start":{"line":218,"column":4},"end":{"line":218,"column":15}},"66":{"start":{"line":223,"column":0},"end":{"line":265,"column":2}},"67":{"start":{"line":224,"column":2},"end":{"line":264,"column":3}},"68":{"start":{"line":225,"column":17},"end":{"line":227,"column":43}},"69":{"start":{"line":228,"column":4},"end":{"line":230,"column":5}},"70":{"start":{"line":229,"column":6},"end":{"line":229,"column":32}},"71":{"start":{"line":231,"column":4},"end":{"line":233,"column":5}},"72":{"start":{"line":232,"column":6},"end":{"line":232,"column":76}},"73":{"start":{"line":234,"column":18},"end":{"line":236,"column":5}},"74":{"start":{"line":237,"column":4},"end":{"line":237,"column":30}},"75":{"start":{"line":238,"column":20},"end":{"line":238,"column":44}},"76":{"start":{"line":239,"column":4},"end":{"line":239,"column":59}},"77":{"start":{"line":239,"column":53},"end":{"line":239,"column":59}},"78":{"start":{"line":242,"column":4},"end":{"line":252,"column":7}},"79":{"start":{"line":247,"column":10},"end":{"line":250,"column":12}},"80":{"start":{"line":253,"column":4},"end":{"line":259,"column":6}},"81":{"start":{"line":260,"column":4},"end":{"line":260,"column":25}},"82":{"start":{"line":261,"column":4},"end":{"line":261,"column":60}},"83":{"start":{"line":263,"column":4},"end":{"line":263,"column":15}},"84":{"start":{"line":268,"column":0},"end":{"line":281,"column":2}},"85":{"start":{"line":269,"column":2},"end":{"line":280,"column":3}},"86":{"start":{"line":270,"column":20},"end":{"line":275,"column":6}},"87":{"start":{"line":276,"column":19},"end":{"line":276,"column":26}},"88":{"start":{"line":277,"column":4},"end":{"line":277,"column":64}},"89":{"start":{"line":279,"column":4},"end":{"line":279,"column":15}},"90":{"start":{"line":284,"column":0},"end":{"line":325,"column":2}},"91":{"start":{"line":285,"column":2},"end":{"line":324,"column":3}},"92":{"start":{"line":286,"column":17},"end":{"line":288,"column":43}},"93":{"start":{"line":289,"column":4},"end":{"line":321,"column":5}},"94":{"start":{"line":290,"column":22},"end":{"line":290,"column":33}},"95":{"start":{"line":291,"column":6},"end":{"line":317,"column":7}},"96":{"start":{"line":292,"column":8},"end":{"line":294,"column":9}},"97":{"start":{"line":293,"column":10},"end":{"line":293,"column":48}},"98":{"start":{"line":295,"column":8},"end":{"line":297,"column":9}},"99":{"start":{"line":296,"column":10},"end":{"line":296,"column":60}},"100":{"start":{"line":298,"column":8},"end":{"line":300,"column":9}},"101":{"start":{"line":299,"column":10},"end":{"line":299,"column":46}},"102":{"start":{"line":301,"column":24},"end":{"line":301,"column":48}},"103":{"start":{"line":302,"column":8},"end":{"line":302,"column":63}},"104":{"start":{"line":302,"column":57},"end":{"line":302,"column":63}},"105":{"start":{"line":303,"column":8},"end":{"line":316,"column":11}},"106":{"start":{"line":308,"column":14},"end":{"line":308,"column":56}},"107":{"start":{"line":309,"column":14},"end":{"line":314,"column":16}},"108":{"start":{"line":318,"column":6},"end":{"line":318,"column":62}},"109":{"start":{"line":320,"column":6},"end":{"line":320,"column":32}},"110":{"start":{"line":323,"column":4},"end":{"line":323,"column":15}},"111":{"start":{"line":328,"column":0},"end":{"line":343,"column":2}},"112":{"start":{"line":329,"column":2},"end":{"line":342,"column":3}},"113":{"start":{"line":330,"column":17},"end":{"line":330,"column":78}},"114":{"start":{"line":331,"column":4},"end":{"line":333,"column":5}},"115":{"start":{"line":332,"column":6},"end":{"line":332,"column":32}},"116":{"start":{"line":334,"column":4},"end":{"line":339,"column":5}},"117":{"start":{"line":335,"column":6},"end":{"line":335,"column":34}},"118":{"start":{"line":336,"column":6},"end":{"line":336,"column":32}},"119":{"start":{"line":338,"column":6},"end":{"line":338,"column":32}},"120":{"start":{"line":341,"column":4},"end":{"line":341,"column":15}},"121":{"start":{"line":346,"column":0},"end":{"line":370,"column":1}},"122":{"start":{"line":350,"column":4},"end":{"line":368,"column":5}},"123":{"start":{"line":351,"column":24},"end":{"line":351,"column":38}},"124":{"start":{"line":352,"column":30},"end":{"line":355,"column":8}},"125":{"start":{"line":356,"column":6},"end":{"line":358,"column":7}},"126":{"start":{"line":357,"column":8},"end":{"line":357,"column":34}},"127":{"start":{"line":359,"column":6},"end":{"line":361,"column":7}},"128":{"start":{"line":360,"column":8},"end":{"line":360,"column":34}},"129":{"start":{"line":362,"column":6},"end":{"line":362,"column":39}},"130":{"start":{"line":365,"column":6},"end":{"line":365,"column":62}},"131":{"start":{"line":367,"column":6},"end":{"line":367,"column":17}},"132":{"start":{"line":373,"column":0},"end":{"line":395,"column":1}},"133":{"start":{"line":377,"column":4},"end":{"line":393,"column":5}},"134":{"start":{"line":378,"column":24},"end":{"line":378,"column":38}},"135":{"start":{"line":379,"column":30},"end":{"line":382,"column":8}},"136":{"start":{"line":383,"column":6},"end":{"line":385,"column":7}},"137":{"start":{"line":384,"column":8},"end":{"line":384,"column":34}},"138":{"start":{"line":386,"column":6},"end":{"line":388,"column":7}},"139":{"start":{"line":387,"column":8},"end":{"line":387,"column":34}},"140":{"start":{"line":389,"column":6},"end":{"line":389,"column":42}},"141":{"start":{"line":390,"column":6},"end":{"line":390,"column":62}},"142":{"start":{"line":392,"column":6},"end":{"line":392,"column":17}},"143":{"start":{"line":398,"column":0},"end":{"line":428,"column":1}},"144":{"start":{"line":402,"column":4},"end":{"line":426,"column":5}},"145":{"start":{"line":404,"column":6},"end":{"line":410,"column":7}},"146":{"start":{"line":405,"column":8},"end":{"line":407,"column":47}},"147":{"start":{"line":409,"column":8},"end":{"line":409,"column":19}},"148":{"start":{"line":411,"column":23},"end":{"line":416,"column":8}},"149":{"start":{"line":417,"column":6},"end":{"line":423,"column":8}},"150":{"start":{"line":420,"column":12},"end":{"line":420,"column":39}},"151":{"start":{"line":425,"column":6},"end":{"line":425,"column":17}},"152":{"start":{"line":431,"column":0},"end":{"line":458,"column":1}},"153":{"start":{"line":435,"column":4},"end":{"line":456,"column":5}},"154":{"start":{"line":436,"column":19},"end":{"line":438,"column":45}},"155":{"start":{"line":439,"column":6},"end":{"line":441,"column":7}},"156":{"start":{"line":440,"column":8},"end":{"line":440,"column":34}},"157":{"start":{"line":442,"column":6},"end":{"line":444,"column":7}},"158":{"start":{"line":443,"column":8},"end":{"line":443,"column":78}},"159":{"start":{"line":445,"column":22},"end":{"line":450,"column":7}},"160":{"start":{"line":451,"column":6},"end":{"line":451,"column":76}},"161":{"start":{"line":452,"column":6},"end":{"line":452,"column":27}},"162":{"start":{"line":453,"column":6},"end":{"line":453,"column":62}},"163":{"start":{"line":455,"column":6},"end":{"line":455,"column":17}},"164":{"start":{"line":461,"column":0},"end":{"line":477,"column":1}},"165":{"start":{"line":465,"column":4},"end":{"line":475,"column":5}},"166":{"start":{"line":466,"column":21},"end":{"line":466,"column":50}},"167":{"start":{"line":467,"column":6},"end":{"line":472,"column":7}},"168":{"start":{"line":468,"column":8},"end":{"line":468,"column":35}},"169":{"start":{"line":469,"column":8},"end":{"line":469,"column":34}},"170":{"start":{"line":471,"column":8},"end":{"line":471,"column":27}},"171":{"start":{"line":474,"column":6},"end":{"line":474,"column":17}},"172":{"start":{"line":479,"column":0},"end":{"line":479,"column":23}}},"fnMap":{"0":{"name":"setArticleTags","decl":{"start":{"line":8,"column":15},"end":{"line":8,"column":29}},"loc":{"start":{"line":8,"column":66},"end":{"line":25,"column":1}},"line":8},"1":{"name":"(anonymous_1)","decl":{"start":{"line":10,"column":16},"end":{"line":10,"column":17}},"loc":{"start":{"line":10,"column":25},"end":{"line":12,"column":5}},"line":10},"2":{"name":"validateArticle","decl":{"start":{"line":27,"column":9},"end":{"line":27,"column":24}},"loc":{"start":{"line":27,"column":53},"end":{"line":42,"column":1}},"line":27},"3":{"name":"(anonymous_3)","decl":{"start":{"line":45,"column":24},"end":{"line":45,"column":25}},"loc":{"start":{"line":45,"column":56},"end":{"line":60,"column":1}},"line":45},"4":{"name":"(anonymous_4)","decl":{"start":{"line":52,"column":10},"end":{"line":52,"column":11}},"loc":{"start":{"line":52,"column":29},"end":{"line":58,"column":5}},"line":52},"5":{"name":"(anonymous_5)","decl":{"start":{"line":62,"column":24},"end":{"line":62,"column":25}},"loc":{"start":{"line":62,"column":54},"end":{"line":77,"column":1}},"line":62},"6":{"name":"(anonymous_6)","decl":{"start":{"line":69,"column":10},"end":{"line":69,"column":11}},"loc":{"start":{"line":69,"column":29},"end":{"line":75,"column":5}},"line":69},"7":{"name":"(anonymous_7)","decl":{"start":{"line":79,"column":31},"end":{"line":79,"column":32}},"loc":{"start":{"line":79,"column":63},"end":{"line":192,"column":1}},"line":79},"8":{"name":"(anonymous_8)","decl":{"start":{"line":176,"column":21},"end":{"line":176,"column":22}},"loc":{"start":{"line":176,"column":34},"end":{"line":185,"column":9}},"line":176},"9":{"name":"(anonymous_9)","decl":{"start":{"line":194,"column":35},"end":{"line":194,"column":36}},"loc":{"start":{"line":194,"column":67},"end":{"line":220,"column":1}},"line":194},"10":{"name":"(anonymous_10)","decl":{"start":{"line":223,"column":32},"end":{"line":223,"column":33}},"loc":{"start":{"line":223,"column":64},"end":{"line":265,"column":1}},"line":223},"11":{"name":"(anonymous_11)","decl":{"start":{"line":246,"column":8},"end":{"line":246,"column":9}},"loc":{"start":{"line":246,"column":31},"end":{"line":251,"column":9}},"line":246},"12":{"name":"(anonymous_12)","decl":{"start":{"line":268,"column":39},"end":{"line":268,"column":40}},"loc":{"start":{"line":268,"column":71},"end":{"line":281,"column":1}},"line":268},"13":{"name":"(anonymous_13)","decl":{"start":{"line":284,"column":39},"end":{"line":284,"column":40}},"loc":{"start":{"line":284,"column":71},"end":{"line":325,"column":1}},"line":284},"14":{"name":"(anonymous_14)","decl":{"start":{"line":307,"column":12},"end":{"line":307,"column":13}},"loc":{"start":{"line":307,"column":35},"end":{"line":315,"column":13}},"line":307},"15":{"name":"(anonymous_15)","decl":{"start":{"line":328,"column":42},"end":{"line":328,"column":43}},"loc":{"start":{"line":328,"column":74},"end":{"line":343,"column":1}},"line":328},"16":{"name":"(anonymous_16)","decl":{"start":{"line":349,"column":2},"end":{"line":349,"column":3}},"loc":{"start":{"line":349,"column":34},"end":{"line":369,"column":3}},"line":349},"17":{"name":"(anonymous_17)","decl":{"start":{"line":376,"column":2},"end":{"line":376,"column":3}},"loc":{"start":{"line":376,"column":34},"end":{"line":394,"column":3}},"line":376},"18":{"name":"(anonymous_18)","decl":{"start":{"line":401,"column":2},"end":{"line":401,"column":3}},"loc":{"start":{"line":401,"column":34},"end":{"line":427,"column":3}},"line":401},"19":{"name":"(anonymous_19)","decl":{"start":{"line":419,"column":23},"end":{"line":419,"column":24}},"loc":{"start":{"line":419,"column":42},"end":{"line":421,"column":11}},"line":419},"20":{"name":"(anonymous_20)","decl":{"start":{"line":434,"column":2},"end":{"line":434,"column":3}},"loc":{"start":{"line":434,"column":34},"end":{"line":457,"column":3}},"line":434},"21":{"name":"(anonymous_21)","decl":{"start":{"line":464,"column":2},"end":{"line":464,"column":3}},"loc":{"start":{"line":464,"column":34},"end":{"line":476,"column":3}},"line":464}},"branchMap":{"0":{"loc":{"start":{"line":29,"column":2},"end":{"line":40,"column":3}},"type":"if","locations":[{"start":{"line":29,"column":2},"end":{"line":40,"column":3}},{"start":{"line":29,"column":2},"end":{"line":40,"column":3}}],"line":29},"1":{"loc":{"start":{"line":30,"column":4},"end":{"line":39,"column":5}},"type":"if","locations":[{"start":{"line":30,"column":4},"end":{"line":39,"column":5}},{"start":{"line":30,"column":4},"end":{"line":39,"column":5}}],"line":30},"2":{"loc":{"start":{"line":31,"column":6},"end":{"line":33,"column":7}},"type":"if","locations":[{"start":{"line":31,"column":6},"end":{"line":33,"column":7}},{"start":{"line":31,"column":6},"end":{"line":33,"column":7}}],"line":31},"3":{"loc":{"start":{"line":35,"column":8},"end":{"line":37,"column":9}},"type":"if","locations":[{"start":{"line":35,"column":8},"end":{"line":37,"column":9}},{"start":{"line":35,"column":8},"end":{"line":37,"column":9}}],"line":35},"4":{"loc":{"start":{"line":53,"column":6},"end":{"line":55,"column":7}},"type":"if","locations":[{"start":{"line":53,"column":6},"end":{"line":55,"column":7}},{"start":{"line":53,"column":6},"end":{"line":55,"column":7}}],"line":53},"5":{"loc":{"start":{"line":70,"column":6},"end":{"line":72,"column":7}},"type":"if","locations":[{"start":{"line":70,"column":6},"end":{"line":72,"column":7}},{"start":{"line":70,"column":6},"end":{"line":72,"column":7}}],"line":70},"6":{"loc":{"start":{"line":96,"column":23},"end":{"line":96,"column":63}},"type":"cond-expr","locations":[{"start":{"line":96,"column":37},"end":{"line":96,"column":51}},{"start":{"line":96,"column":54},"end":{"line":96,"column":63}}],"line":96},"7":{"loc":{"start":{"line":104,"column":4},"end":{"line":115,"column":5}},"type":"if","locations":[{"start":{"line":104,"column":4},"end":{"line":115,"column":5}},{"start":{"line":104,"column":4},"end":{"line":115,"column":5}}],"line":104},"8":{"loc":{"start":{"line":116,"column":4},"end":{"line":118,"column":5}},"type":"if","locations":[{"start":{"line":116,"column":4},"end":{"line":118,"column":5}},{"start":{"line":116,"column":4},"end":{"line":118,"column":5}}],"line":116},"9":{"loc":{"start":{"line":122,"column":4},"end":{"line":150,"column":5}},"type":"if","locations":[{"start":{"line":122,"column":4},"end":{"line":150,"column":5}},{"start":{"line":122,"column":4},"end":{"line":150,"column":5}}],"line":122},"10":{"loc":{"start":{"line":129,"column":11},"end":{"line":150,"column":5}},"type":"if","locations":[{"start":{"line":129,"column":11},"end":{"line":150,"column":5}},{"start":{"line":129,"column":11},"end":{"line":150,"column":5}}],"line":129},"11":{"loc":{"start":{"line":153,"column":4},"end":{"line":160,"column":5}},"type":"if","locations":[{"start":{"line":153,"column":4},"end":{"line":160,"column":5}},{"start":{"line":153,"column":4},"end":{"line":160,"column":5}}],"line":153},"12":{"loc":{"start":{"line":170,"column":6},"end":{"line":172,"column":14}},"type":"cond-expr","locations":[{"start":{"line":171,"column":10},"end":{"line":171,"column":69}},{"start":{"line":172,"column":10},"end":{"line":172,"column":14}}],"line":170},"13":{"loc":{"start":{"line":177,"column":23},"end":{"line":177,"column":63}},"type":"cond-expr","locations":[{"start":{"line":177,"column":39},"end":{"line":177,"column":48}},{"start":{"line":177,"column":51},"end":{"line":177,"column":63}}],"line":177},"14":{"loc":{"start":{"line":178,"column":28},"end":{"line":180,"column":23}},"type":"cond-expr","locations":[{"start":{"line":179,"column":14},"end":{"line":179,"column":51}},{"start":{"line":180,"column":14},"end":{"line":180,"column":23}}],"line":178},"15":{"loc":{"start":{"line":211,"column":4},"end":{"line":213,"column":5}},"type":"if","locations":[{"start":{"line":211,"column":4},"end":{"line":213,"column":5}},{"start":{"line":211,"column":4},"end":{"line":213,"column":5}}],"line":211},"16":{"loc":{"start":{"line":228,"column":4},"end":{"line":230,"column":5}},"type":"if","locations":[{"start":{"line":228,"column":4},"end":{"line":230,"column":5}},{"start":{"line":228,"column":4},"end":{"line":230,"column":5}}],"line":228},"17":{"loc":{"start":{"line":231,"column":4},"end":{"line":233,"column":5}},"type":"if","locations":[{"start":{"line":231,"column":4},"end":{"line":233,"column":5}},{"start":{"line":231,"column":4},"end":{"line":233,"column":5}}],"line":231},"18":{"loc":{"start":{"line":239,"column":4},"end":{"line":239,"column":59}},"type":"if","locations":[{"start":{"line":239,"column":4},"end":{"line":239,"column":59}},{"start":{"line":239,"column":4},"end":{"line":239,"column":59}}],"line":239},"19":{"loc":{"start":{"line":271,"column":6},"end":{"line":273,"column":14}},"type":"cond-expr","locations":[{"start":{"line":272,"column":10},"end":{"line":272,"column":71}},{"start":{"line":273,"column":10},"end":{"line":273,"column":14}}],"line":271},"20":{"loc":{"start":{"line":289,"column":4},"end":{"line":321,"column":5}},"type":"if","locations":[{"start":{"line":289,"column":4},"end":{"line":321,"column":5}},{"start":{"line":289,"column":4},"end":{"line":321,"column":5}}],"line":289},"21":{"loc":{"start":{"line":291,"column":6},"end":{"line":317,"column":7}},"type":"if","locations":[{"start":{"line":291,"column":6},"end":{"line":317,"column":7}},{"start":{"line":291,"column":6},"end":{"line":317,"column":7}}],"line":291},"22":{"loc":{"start":{"line":292,"column":8},"end":{"line":294,"column":9}},"type":"if","locations":[{"start":{"line":292,"column":8},"end":{"line":294,"column":9}},{"start":{"line":292,"column":8},"end":{"line":294,"column":9}}],"line":292},"23":{"loc":{"start":{"line":295,"column":8},"end":{"line":297,"column":9}},"type":"if","locations":[{"start":{"line":295,"column":8},"end":{"line":297,"column":9}},{"start":{"line":295,"column":8},"end":{"line":297,"column":9}}],"line":295},"24":{"loc":{"start":{"line":298,"column":8},"end":{"line":300,"column":9}},"type":"if","locations":[{"start":{"line":298,"column":8},"end":{"line":300,"column":9}},{"start":{"line":298,"column":8},"end":{"line":300,"column":9}}],"line":298},"25":{"loc":{"start":{"line":302,"column":8},"end":{"line":302,"column":63}},"type":"if","locations":[{"start":{"line":302,"column":8},"end":{"line":302,"column":63}},{"start":{"line":302,"column":8},"end":{"line":302,"column":63}}],"line":302},"26":{"loc":{"start":{"line":310,"column":16},"end":{"line":312,"column":70}},"type":"cond-expr","locations":[{"start":{"line":311,"column":20},"end":{"line":311,"column":24}},{"start":{"line":312,"column":20},"end":{"line":312,"column":70}}],"line":310},"27":{"loc":{"start":{"line":331,"column":4},"end":{"line":333,"column":5}},"type":"if","locations":[{"start":{"line":331,"column":4},"end":{"line":333,"column":5}},{"start":{"line":331,"column":4},"end":{"line":333,"column":5}}],"line":331},"28":{"loc":{"start":{"line":334,"column":4},"end":{"line":339,"column":5}},"type":"if","locations":[{"start":{"line":334,"column":4},"end":{"line":339,"column":5}},{"start":{"line":334,"column":4},"end":{"line":339,"column":5}}],"line":334},"29":{"loc":{"start":{"line":356,"column":6},"end":{"line":358,"column":7}},"type":"if","locations":[{"start":{"line":356,"column":6},"end":{"line":358,"column":7}},{"start":{"line":356,"column":6},"end":{"line":358,"column":7}}],"line":356},"30":{"loc":{"start":{"line":359,"column":6},"end":{"line":361,"column":7}},"type":"if","locations":[{"start":{"line":359,"column":6},"end":{"line":361,"column":7}},{"start":{"line":359,"column":6},"end":{"line":361,"column":7}}],"line":359},"31":{"loc":{"start":{"line":383,"column":6},"end":{"line":385,"column":7}},"type":"if","locations":[{"start":{"line":383,"column":6},"end":{"line":385,"column":7}},{"start":{"line":383,"column":6},"end":{"line":385,"column":7}}],"line":383},"32":{"loc":{"start":{"line":386,"column":6},"end":{"line":388,"column":7}},"type":"if","locations":[{"start":{"line":386,"column":6},"end":{"line":388,"column":7}},{"start":{"line":386,"column":6},"end":{"line":388,"column":7}}],"line":386},"33":{"loc":{"start":{"line":404,"column":6},"end":{"line":410,"column":7}},"type":"if","locations":[{"start":{"line":404,"column":6},"end":{"line":410,"column":7}},{"start":{"line":404,"column":6},"end":{"line":410,"column":7}}],"line":404},"34":{"loc":{"start":{"line":439,"column":6},"end":{"line":441,"column":7}},"type":"if","locations":[{"start":{"line":439,"column":6},"end":{"line":441,"column":7}},{"start":{"line":439,"column":6},"end":{"line":441,"column":7}}],"line":439},"35":{"loc":{"start":{"line":442,"column":6},"end":{"line":444,"column":7}},"type":"if","locations":[{"start":{"line":442,"column":6},"end":{"line":444,"column":7}},{"start":{"line":442,"column":6},"end":{"line":444,"column":7}}],"line":442},"36":{"loc":{"start":{"line":467,"column":6},"end":{"line":472,"column":7}},"type":"if","locations":[{"start":{"line":467,"column":6},"end":{"line":472,"column":7}},{"start":{"line":467,"column":6},"end":{"line":472,"column":7}}],"line":467}},"s":{"0":1,"1":1,"2":1,"3":1,"4":1,"5":2,"6":4,"7":2,"8":2,"9":2,"10":2,"11":0,"12":0,"13":0,"14":0,"15":0,"16":2,"17":1,"18":2,"19":2,"20":0,"21":2,"22":2,"23":1,"24":0,"25":0,"26":0,"27":0,"28":0,"29":1,"30":3,"31":3,"32":3,"33":3,"34":3,"35":3,"36":3,"37":3,"38":3,"39":0,"40":3,"41":3,"42":3,"43":0,"44":3,"45":3,"46":3,"47":3,"48":0,"49":0,"50":0,"51":3,"52":3,"53":2,"54":2,"55":2,"56":0,"57":1,"58":0,"59":0,"60":0,"61":0,"62":0,"63":0,"64":0,"65":0,"66":1,"67":1,"68":1,"69":1,"70":0,"71":1,"72":0,"73":1,"74":1,"75":1,"76":1,"77":0,"78":1,"79":1,"80":1,"81":1,"82":1,"83":0,"84":1,"85":0,"86":0,"87":0,"88":0,"89":0,"90":1,"91":1,"92":1,"93":1,"94":1,"95":1,"96":1,"97":1,"98":1,"99":0,"100":1,"101":0,"102":1,"103":1,"104":0,"105":1,"106":1,"107":1,"108":1,"109":0,"110":0,"111":1,"112":1,"113":1,"114":1,"115":0,"116":1,"117":1,"118":1,"119":0,"120":0,"121":1,"122":0,"123":0,"124":0,"125":0,"126":0,"127":0,"128":0,"129":0,"130":0,"131":0,"132":1,"133":0,"134":0,"135":0,"136":0,"137":0,"138":0,"139":0,"140":0,"141":0,"142":0,"143":1,"144":0,"145":0,"146":0,"147":0,"148":0,"149":0,"150":0,"151":0,"152":1,"153":0,"154":0,"155":0,"156":0,"157":0,"158":0,"159":0,"160":0,"161":0,"162":0,"163":0,"164":1,"165":0,"166":0,"167":0,"168":0,"169":0,"170":0,"171":0,"172":1},"f":{"0":2,"1":4,"2":2,"3":2,"4":2,"5":0,"6":0,"7":3,"8":2,"9":0,"10":1,"11":1,"12":0,"13":1,"14":1,"15":1,"16":0,"17":0,"18":0,"19":0,"20":0,"21":0},"b":{"0":[2,0],"1":[0,2],"2":[0,0],"3":[0,0],"4":[0,2],"5":[0,0],"6":[3,0],"7":[3,0],"8":[0,3],"9":[0,3],"10":[3,0],"11":[0,3],"12":[3,0],"13":[0,2],"14":[2,0],"15":[0,0],"16":[0,1],"17":[0,1],"18":[0,1],"19":[0,0],"20":[1,0],"21":[1,0],"22":[1,0],"23":[0,1],"24":[0,1],"25":[0,1],"26":[0,1],"27":[0,1],"28":[1,0],"29":[0,0],"30":[0,0],"31":[0,0],"32":[0,0],"33":[0,0],"34":[0,0],"35":[0,0],"36":[0,0]},"_coverageSchema":"1a1c01bbd47fc00a2c39e90264f33305004495a9","hash":"365fe3b69fe49efb14a33acccbfa63a9d197ad90"},"/Users/ruisilva/Desktop/Projects/OpenSource/mot-workshop/api/tags.js":{"path":"/Users/ruisilva/Desktop/Projects/OpenSource/mot-workshop/api/tags.js","statementMap":{"0":{"start":{"line":1,"column":15},"end":{"line":1,"column":42}},"1":{"start":{"line":3,"column":12},"end":{"line":3,"column":29}},"2":{"start":{"line":6,"column":0},"end":{"line":12,"column":2}},"3":{"start":{"line":7,"column":2},"end":{"line":11,"column":3}},"4":{"start":{"line":8,"column":4},"end":{"line":8,"column":79}},"5":{"start":{"line":10,"column":4},"end":{"line":10,"column":15}},"6":{"start":{"line":14,"column":0},"end":{"line":14,"column":23}}},"fnMap":{"0":{"name":"(anonymous_0)","decl":{"start":{"line":6,"column":16},"end":{"line":6,"column":17}},"loc":{"start":{"line":6,"column":48},"end":{"line":12,"column":1}},"line":6}},"branchMap":{},"s":{"0":1,"1":1,"2":1,"3":2,"4":2,"5":0,"6":1},"f":{"0":2},"b":{},"_coverageSchema":"1a1c01bbd47fc00a2c39e90264f33305004495a9","hash":"56213aa22fe37d162706d4c20ac00795ddfa70c5"},"/Users/ruisilva/Desktop/Projects/OpenSource/mot-workshop/models/index.js":{"path":"/Users/ruisilva/Desktop/Projects/OpenSource/mot-workshop/models/index.js","statementMap":{"0":{"start":{"line":1,"column":11},"end":{"line":1,"column":24}},"1":{"start":{"line":2,"column":13},"end":{"line":2,"column":28}},"2":{"start":{"line":4,"column":33},"end":{"line":4,"column":53}},"3":{"start":{"line":6,"column":15},"end":{"line":6,"column":41}},"4":{"start":{"line":7,"column":26},"end":{"line":7,"column":46}},"5":{"start":{"line":10,"column":26},"end":{"line":15,"column":3}},"6":{"start":{"line":17,"column":2},"end":{"line":34,"column":3}},"7":{"start":{"line":18,"column":4},"end":{"line":18,"column":55}},"8":{"start":{"line":19,"column":4},"end":{"line":19,"column":69}},"9":{"start":{"line":20,"column":4},"end":{"line":20,"column":69}},"10":{"start":{"line":22,"column":4},"end":{"line":22,"column":56}},"11":{"start":{"line":24,"column":4},"end":{"line":31,"column":5}},"12":{"start":{"line":25,"column":6},"end":{"line":25,"column":26}},"13":{"start":{"line":27,"column":6},"end":{"line":29,"column":7}},"14":{"start":{"line":28,"column":8},"end":{"line":28,"column":53}},"15":{"start":{"line":30,"column":6},"end":{"line":30,"column":56}},"16":{"start":{"line":32,"column":4},"end":{"line":32,"column":37}},"17":{"start":{"line":33,"column":4},"end":{"line":33,"column":46}},"18":{"start":{"line":35,"column":18},"end":{"line":35,"column":49}},"19":{"start":{"line":36,"column":18},"end":{"line":36,"column":49}},"20":{"start":{"line":37,"column":2},"end":{"line":37,"column":40}},"21":{"start":{"line":38,"column":14},"end":{"line":38,"column":41}},"22":{"start":{"line":39,"column":15},"end":{"line":39,"column":43}},"23":{"start":{"line":44,"column":25},"end":{"line":65,"column":3}},"24":{"start":{"line":66,"column":2},"end":{"line":71,"column":4}},"25":{"start":{"line":72,"column":2},"end":{"line":77,"column":4}},"26":{"start":{"line":78,"column":2},"end":{"line":78,"column":58}},"27":{"start":{"line":79,"column":2},"end":{"line":79,"column":58}},"28":{"start":{"line":82,"column":30},"end":{"line":97,"column":4}},"29":{"start":{"line":98,"column":2},"end":{"line":103,"column":4}},"30":{"start":{"line":104,"column":2},"end":{"line":109,"column":4}},"31":{"start":{"line":110,"column":2},"end":{"line":110,"column":67}},"32":{"start":{"line":111,"column":2},"end":{"line":111,"column":69}},"33":{"start":{"line":112,"column":2},"end":{"line":112,"column":61}},"34":{"start":{"line":113,"column":2},"end":{"line":113,"column":63}},"35":{"start":{"line":116,"column":2},"end":{"line":121,"column":4}},"36":{"start":{"line":122,"column":2},"end":{"line":129,"column":4}},"37":{"start":{"line":132,"column":2},"end":{"line":135,"column":4}},"38":{"start":{"line":136,"column":2},"end":{"line":141,"column":4}},"39":{"start":{"line":144,"column":2},"end":{"line":147,"column":4}},"40":{"start":{"line":148,"column":2},"end":{"line":154,"column":4}},"41":{"start":{"line":157,"column":2},"end":{"line":162,"column":4}},"42":{"start":{"line":163,"column":2},"end":{"line":168,"column":4}},"43":{"start":{"line":170,"column":2},"end":{"line":170,"column":18}},"44":{"start":{"line":177,"column":2},"end":{"line":184,"column":3}},"45":{"start":{"line":178,"column":4},"end":{"line":178,"column":50}},"46":{"start":{"line":179,"column":4},"end":{"line":179,"column":19}},"47":{"start":{"line":181,"column":4},"end":{"line":183,"column":5}},"48":{"start":{"line":182,"column":6},"end":{"line":182,"column":22}},"49":{"start":{"line":185,"column":2},"end":{"line":185,"column":28}},"50":{"start":{"line":186,"column":2},"end":{"line":194,"column":3}},"51":{"start":{"line":187,"column":4},"end":{"line":193,"column":5}},"52":{"start":{"line":191,"column":10},"end":{"line":191,"column":35}},"53":{"start":{"line":195,"column":2},"end":{"line":195,"column":17}},"54":{"start":{"line":198,"column":0},"end":{"line":201,"column":1}}},"fnMap":{"0":{"name":"getSequelize","decl":{"start":{"line":9,"column":9},"end":{"line":9,"column":21}},"loc":{"start":{"line":9,"column":53},"end":{"line":171,"column":1}},"line":9},"1":{"name":"sync","decl":{"start":{"line":175,"column":15},"end":{"line":175,"column":19}},"loc":{"start":{"line":175,"column":42},"end":{"line":196,"column":1}},"line":175},"2":{"name":"(anonymous_2)","decl":{"start":{"line":190,"column":13},"end":{"line":190,"column":14}},"loc":{"start":{"line":190,"column":27},"end":{"line":192,"column":9}},"line":190}},"branchMap":{"0":{"loc":{"start":{"line":11,"column":13},"end":{"line":11,"column":49}},"type":"cond-expr","locations":[{"start":{"line":11,"column":30},"end":{"line":11,"column":41}},{"start":{"line":11,"column":44},"end":{"line":11,"column":49}}],"line":11},"1":{"loc":{"start":{"line":17,"column":2},"end":{"line":34,"column":3}},"type":"if","locations":[{"start":{"line":17,"column":2},"end":{"line":34,"column":3}},{"start":{"line":17,"column":2},"end":{"line":34,"column":3}}],"line":17},"2":{"loc":{"start":{"line":17,"column":6},"end":{"line":17,"column":44}},"type":"binary-expr","locations":[{"start":{"line":17,"column":6},"end":{"line":17,"column":25}},{"start":{"line":17,"column":29},"end":{"line":17,"column":44}}],"line":17},"3":{"loc":{"start":{"line":24,"column":4},"end":{"line":31,"column":5}},"type":"if","locations":[{"start":{"line":24,"column":4},"end":{"line":31,"column":5}},{"start":{"line":24,"column":4},"end":{"line":31,"column":5}}],"line":24},"4":{"loc":{"start":{"line":24,"column":8},"end":{"line":24,"column":68}},"type":"binary-expr","locations":[{"start":{"line":24,"column":8},"end":{"line":24,"column":39}},{"start":{"line":24,"column":43},"end":{"line":24,"column":68}}],"line":24},"5":{"loc":{"start":{"line":27,"column":6},"end":{"line":29,"column":7}},"type":"if","locations":[{"start":{"line":27,"column":6},"end":{"line":29,"column":7}},{"start":{"line":27,"column":6},"end":{"line":29,"column":7}}],"line":27},"6":{"loc":{"start":{"line":175,"column":31},"end":{"line":175,"column":40}},"type":"default-arg","locations":[{"start":{"line":175,"column":38},"end":{"line":175,"column":40}}],"line":175},"7":{"loc":{"start":{"line":181,"column":4},"end":{"line":183,"column":5}},"type":"if","locations":[{"start":{"line":181,"column":4},"end":{"line":183,"column":5}},{"start":{"line":181,"column":4},"end":{"line":183,"column":5}}],"line":181},"8":{"loc":{"start":{"line":186,"column":2},"end":{"line":194,"column":3}},"type":"if","locations":[{"start":{"line":186,"column":2},"end":{"line":194,"column":3}},{"start":{"line":186,"column":2},"end":{"line":194,"column":3}}],"line":186},"9":{"loc":{"start":{"line":186,"column":6},"end":{"line":186,"column":29}},"type":"binary-expr","locations":[{"start":{"line":186,"column":6},"end":{"line":186,"column":15}},{"start":{"line":186,"column":19},"end":{"line":186,"column":29}}],"line":186}},"s":{"0":1,"1":1,"2":1,"3":1,"4":1,"5":5,"6":5,"7":0,"8":0,"9":0,"10":5,"11":5,"12":5,"13":0,"14":0,"15":0,"16":5,"17":5,"18":5,"19":5,"20":5,"21":5,"22":5,"23":5,"24":5,"25":5,"26":5,"27":5,"28":5,"29":5,"30":5,"31":5,"32":5,"33":5,"34":5,"35":5,"36":5,"37":5,"38":5,"39":5,"40":5,"41":5,"42":5,"43":5,"44":6,"45":6,"46":1,"47":5,"48":5,"49":6,"50":6,"51":6,"52":24,"53":6,"54":1},"f":{"0":5,"1":6,"2":24},"b":{"0":[0,5],"1":[0,5],"2":[5,5],"3":[5,0],"4":[5,0],"5":[0,0],"6":[1],"7":[5,0],"8":[6,0],"9":[6,1]},"_coverageSchema":"1a1c01bbd47fc00a2c39e90264f33305004495a9","hash":"0fdf42a3eedc093a2706d8a743a847d150fd6081"},"/Users/ruisilva/Desktop/Projects/OpenSource/mot-workshop/test_lib.js":{"path":"/Users/ruisilva/Desktop/Projects/OpenSource/mot-workshop/test_lib.js","statementMap":{"0":{"start":{"line":4,"column":19},"end":{"line":4,"column":40}},"1":{"start":{"line":6,"column":15},"end":{"line":6,"column":34}},"2":{"start":{"line":8,"column":12},"end":{"line":8,"column":38}},"3":{"start":{"line":12,"column":18},"end":{"line":12,"column":45}},"4":{"start":{"line":13,"column":2},"end":{"line":13,"column":43}},"5":{"start":{"line":14,"column":2},"end":{"line":14,"column":16}},"6":{"start":{"line":16,"column":14},"end":{"line":16,"column":46}},"7":{"start":{"line":19,"column":2},"end":{"line":23,"column":3}},"8":{"start":{"line":25,"column":0},"end":{"line":25,"column":33}},"9":{"start":{"line":28,"column":12},"end":{"line":67,"column":3}},"10":{"start":{"line":68,"column":2},"end":{"line":75,"column":3}},"11":{"start":{"line":69,"column":17},"end":{"line":69,"column":60}},"12":{"start":{"line":70,"column":4},"end":{"line":74,"column":6}},"13":{"start":{"line":76,"column":2},"end":{"line":76,"column":12}},"14":{"start":{"line":78,"column":0},"end":{"line":78,"column":33}},"15":{"start":{"line":81,"column":2},"end":{"line":81,"column":28}},"16":{"start":{"line":83,"column":0},"end":{"line":83,"column":25}},"17":{"start":{"line":86,"column":18},"end":{"line":89,"column":3}},"18":{"start":{"line":90,"column":2},"end":{"line":92,"column":3}},"19":{"start":{"line":91,"column":4},"end":{"line":91,"column":31}},"20":{"start":{"line":93,"column":19},"end":{"line":93,"column":25}},"21":{"start":{"line":94,"column":2},"end":{"line":98,"column":3}},"22":{"start":{"line":95,"column":4},"end":{"line":95,"column":56}},"23":{"start":{"line":97,"column":4},"end":{"line":97,"column":31}},"24":{"start":{"line":99,"column":2},"end":{"line":99,"column":16}},"25":{"start":{"line":101,"column":0},"end":{"line":101,"column":27}},"26":{"start":{"line":105,"column":17},"end":{"line":105,"column":22}},"27":{"start":{"line":106,"column":2},"end":{"line":106,"column":49}},"28":{"start":{"line":107,"column":2},"end":{"line":107,"column":23}},"29":{"start":{"line":111,"column":17},"end":{"line":111,"column":65}},"30":{"start":{"line":113,"column":4},"end":{"line":113,"column":72}},"31":{"start":{"line":115,"column":4},"end":{"line":117,"column":37}},"32":{"start":{"line":119,"column":4},"end":{"line":119,"column":75}},"33":{"start":{"line":121,"column":4},"end":{"line":121,"column":69}},"34":{"start":{"line":123,"column":4},"end":{"line":123,"column":73}},"35":{"start":{"line":124,"column":16},"end":{"line":124,"column":62}},"36":{"start":{"line":125,"column":20},"end":{"line":125,"column":36}},"37":{"start":{"line":126,"column":19},"end":{"line":126,"column":34}},"38":{"start":{"line":127,"column":18},"end":{"line":127,"column":71}},"39":{"start":{"line":129,"column":20},"end":{"line":129,"column":45}},"40":{"start":{"line":132,"column":2},"end":{"line":136,"column":3}},"41":{"start":{"line":133,"column":4},"end":{"line":133,"column":32}},"42":{"start":{"line":135,"column":4},"end":{"line":135,"column":56}},"43":{"start":{"line":137,"column":2},"end":{"line":137,"column":47}},"44":{"start":{"line":138,"column":2},"end":{"line":226,"column":3}},"45":{"start":{"line":139,"column":4},"end":{"line":139,"column":24}},"46":{"start":{"line":140,"column":4},"end":{"line":140,"column":38}},"47":{"start":{"line":140,"column":17},"end":{"line":140,"column":38}},"48":{"start":{"line":141,"column":21},"end":{"line":141,"column":23}},"49":{"start":{"line":142,"column":4},"end":{"line":144,"column":5}},"50":{"start":{"line":142,"column":17},"end":{"line":142,"column":18}},"51":{"start":{"line":143,"column":6},"end":{"line":143,"column":43}},"52":{"start":{"line":145,"column":18},"end":{"line":145,"column":66}},"53":{"start":{"line":146,"column":4},"end":{"line":146,"column":28}},"54":{"start":{"line":146,"column":17},"end":{"line":146,"column":28}},"55":{"start":{"line":148,"column":4},"end":{"line":148,"column":48}},"56":{"start":{"line":148,"column":17},"end":{"line":148,"column":48}},"57":{"start":{"line":149,"column":23},"end":{"line":149,"column":25}},"58":{"start":{"line":150,"column":4},"end":{"line":158,"column":5}},"59":{"start":{"line":150,"column":17},"end":{"line":150,"column":18}},"60":{"start":{"line":151,"column":21},"end":{"line":151,"column":32}},"61":{"start":{"line":152,"column":6},"end":{"line":157,"column":7}},"62":{"start":{"line":152,"column":19},"end":{"line":152,"column":20}},"63":{"start":{"line":153,"column":8},"end":{"line":156,"column":10}},"64":{"start":{"line":159,"column":4},"end":{"line":159,"column":64}},"65":{"start":{"line":160,"column":4},"end":{"line":160,"column":28}},"66":{"start":{"line":160,"column":17},"end":{"line":160,"column":28}},"67":{"start":{"line":162,"column":4},"end":{"line":162,"column":41}},"68":{"start":{"line":162,"column":17},"end":{"line":162,"column":41}},"69":{"start":{"line":163,"column":24},"end":{"line":163,"column":26}},"70":{"start":{"line":164,"column":4},"end":{"line":168,"column":5}},"71":{"start":{"line":164,"column":17},"end":{"line":164,"column":18}},"72":{"start":{"line":165,"column":22},"end":{"line":165,"column":32}},"73":{"start":{"line":166,"column":19},"end":{"line":166,"column":36}},"74":{"start":{"line":167,"column":6},"end":{"line":167,"column":77}},"75":{"start":{"line":169,"column":21},"end":{"line":172,"column":6}},"76":{"start":{"line":173,"column":4},"end":{"line":173,"column":28}},"77":{"start":{"line":173,"column":17},"end":{"line":173,"column":28}},"78":{"start":{"line":175,"column":4},"end":{"line":175,"column":53}},"79":{"start":{"line":175,"column":17},"end":{"line":175,"column":53}},"80":{"start":{"line":176,"column":21},"end":{"line":176,"column":22}},"81":{"start":{"line":177,"column":25},"end":{"line":177,"column":27}},"82":{"start":{"line":178,"column":4},"end":{"line":187,"column":5}},"83":{"start":{"line":178,"column":17},"end":{"line":178,"column":18}},"84":{"start":{"line":179,"column":21},"end":{"line":179,"column":32}},"85":{"start":{"line":180,"column":6},"end":{"line":186,"column":7}},"86":{"start":{"line":180,"column":19},"end":{"line":180,"column":20}},"87":{"start":{"line":181,"column":8},"end":{"line":184,"column":10}},"88":{"start":{"line":185,"column":8},"end":{"line":185,"column":23}},"89":{"start":{"line":188,"column":4},"end":{"line":188,"column":71}},"90":{"start":{"line":189,"column":4},"end":{"line":189,"column":28}},"91":{"start":{"line":189,"column":17},"end":{"line":189,"column":28}},"92":{"start":{"line":191,"column":4},"end":{"line":191,"column":37}},"93":{"start":{"line":191,"column":17},"end":{"line":191,"column":37}},"94":{"start":{"line":192,"column":20},"end":{"line":192,"column":22}},"95":{"start":{"line":193,"column":4},"end":{"line":195,"column":5}},"96":{"start":{"line":193,"column":17},"end":{"line":193,"column":18}},"97":{"start":{"line":194,"column":6},"end":{"line":194,"column":30}},"98":{"start":{"line":196,"column":17},"end":{"line":196,"column":63}},"99":{"start":{"line":197,"column":4},"end":{"line":197,"column":28}},"100":{"start":{"line":197,"column":17},"end":{"line":197,"column":28}},"101":{"start":{"line":199,"column":4},"end":{"line":199,"column":44}},"102":{"start":{"line":199,"column":17},"end":{"line":199,"column":44}},"103":{"start":{"line":200,"column":17},"end":{"line":200,"column":18}},"104":{"start":{"line":201,"column":27},"end":{"line":201,"column":29}},"105":{"start":{"line":202,"column":4},"end":{"line":210,"column":5}},"106":{"start":{"line":202,"column":17},"end":{"line":202,"column":18}},"107":{"start":{"line":203,"column":6},"end":{"line":209,"column":7}},"108":{"start":{"line":203,"column":19},"end":{"line":203,"column":20}},"109":{"start":{"line":204,"column":8},"end":{"line":207,"column":10}},"110":{"start":{"line":208,"column":8},"end":{"line":208,"column":19}},"111":{"start":{"line":211,"column":4},"end":{"line":211,"column":64}},"112":{"start":{"line":212,"colum
[...]
oc":{"start":{"line":140,"column":4},"end":{"line":140,"column":38}},"type":"if","locations":[{"start":{"line":140,"column":4},"end":{"line":140,"column":38}},{"start":{"line":140,"column":4},"end":{"line":140,"column":38}}],"line":140},"17":{"loc":{"start":{"line":146,"column":4},"end":{"line":146,"column":28}},"type":"if","locations":[{"start":{"line":146,"column":4},"end":{"line":146,"column":28}},{"start":{"line":146,"column":4},"end":{"line":146,"column":28}}],"line":146},"18":{"loc":{"start":{"line":148,"column":4},"end":{"line":148,"column":48}},"type":"if","locations":[{"start":{"line":148,"column":4},"end":{"line":148,"column":48}},{"start":{"line":148,"column":4},"end":{"line":148,"column":48}}],"line":148},"19":{"loc":{"start":{"line":160,"column":4},"end":{"line":160,"column":28}},"type":"if","locations":[{"start":{"line":160,"column":4},"end":{"line":160,"column":28}},{"start":{"line":160,"column":4},"end":{"line":160,"column":28}}],"line":160},"20":{"loc":{"start":{"line":162,"column":4},"end":{"line":162,"column":41}},"type":"if","locations":[{"start":{"line":162,"column":4},"end":{"line":162,"column":41}},{"start":{"line":162,"column":4},"end":{"line":162,"column":41}}],"line":162},"21":{"loc":{"start":{"line":173,"column":4},"end":{"line":173,"column":28}},"type":"if","locations":[{"start":{"line":173,"column":4},"end":{"line":173,"column":28}},{"start":{"line":173,"column":4},"end":{"line":173,"column":28}}],"line":173},"22":{"loc":{"start":{"line":175,"column":4},"end":{"line":175,"column":53}},"type":"if","locations":[{"start":{"line":175,"column":4},"end":{"line":175,"column":53}},{"start":{"line":175,"column":4},"end":{"line":175,"column":53}}],"line":175},"23":{"loc":{"start":{"line":189,"column":4},"end":{"line":189,"column":28}},"type":"if","locations":[{"start":{"line":189,"column":4},"end":{"line":189,"column":28}},{"start":{"line":189,"column":4},"end":{"line":189,"column":28}}],"line":189},"24":{"loc":{"start":{"line":191,"column":4},"end":{"line":191,"column":37}},"type":"if","locations":[{"start":{"line":191,"column":4},"end":{"line":191,"column":37}},{"start":{"line":191,"column":4},"end":{"line":191,"column":37}}],"line":191},"25":{"loc":{"start":{"line":197,"column":4},"end":{"line":197,"column":28}},"type":"if","locations":[{"start":{"line":197,"column":4},"end":{"line":197,"column":28}},{"start":{"line":197,"column":4},"end":{"line":197,"column":28}}],"line":197},"26":{"loc":{"start":{"line":199,"column":4},"end":{"line":199,"column":44}},"type":"if","locations":[{"start":{"line":199,"column":4},"end":{"line":199,"column":44}},{"start":{"line":199,"column":4},"end":{"line":199,"column":44}}],"line":199},"27":{"loc":{"start":{"line":212,"column":4},"end":{"line":212,"column":28}},"type":"if","locations":[{"start":{"line":212,"column":4},"end":{"line":212,"column":28}},{"start":{"line":212,"column":4},"end":{"line":212,"column":28}}],"line":212},"28":{"loc":{"start":{"line":214,"column":4},"end":{"line":214,"column":41}},"type":"if","locations":[{"start":{"line":214,"column":4},"end":{"line":214,"column":41}},{"start":{"line":214,"column":4},"end":{"line":214,"column":41}}],"line":214},"29":{"loc":{"start":{"line":225,"column":4},"end":{"line":225,"column":28}},"type":"if","locations":[{"start":{"line":225,"column":4},"end":{"line":225,"column":28}},{"start":{"line":225,"column":4},"end":{"line":225,"column":28}}],"line":225}},"s":{"0":1,"1":1,"2":1,"3":12,"4":12,"5":12,"6":1,"7":20,"8":1,"9":17,"10":17,"11":16,"12":16,"13":17,"14":1,"15":14,"16":1,"17":7,"18":7,"19":5,"20":7,"21":7,"22":6,"23":1,"24":7,"25":1,"26":0,"27":0,"28":0,"29":5,"30":5,"31":5,"32":5,"33":5,"34":5,"35":5,"36":5,"37":5,"38":5,"39":5,"40":5,"41":1,"42":4,"43":5,"44":5,"45":1,"46":1,"47":0,"48":1,"49":1,"50":1,"51":4,"52":1,"53":1,"54":0,"55":1,"56":0,"57":1,"58":1,"59":1,"60":4,"61":4,"62":4,"63":8,"64":1,"65":1,"66":0,"67":1,"68":0,"69":1,"70":1,"71":1,"72":12,"73":12,"74":12,"75":1,"76":1,"77":0,"78":1,"79":0,"80":1,"81":1,"82":1,"83":1,"84":4,"85":4,"86":4,"87":20,"88":20,"89":1,"90":1,"91":0,"92":1,"93":0,"94":1,"95":1,"96":1,"97":10,"98":1,"99":1,"100":0,"101":1,"102":0,"103":1,"104":1,"105":1,"106":1,"107":12,"108":12,"109":18,"110":18,"111":1,"112":1,"113":0,"114":1,"115":0,"116":1,"117":1,"118":1,"119":1,"120":12,"121":12,"122":18,"123":1,"124":1,"125":0,"126":5,"127":1},"f":{"0":12,"1":20,"2":17,"3":14,"4":7,"5":0,"6":5},"b":{"0":[0],"1":[16,1],"2":[4,12],"3":[3],"4":[5,2],"5":[6,1],"6":[4,1],"7":[4,1],"8":[5,0],"9":[5,0],"10":[4,1],"11":[5,0],"12":[5,0],"13":[5,0],"14":[1,4],"15":[1,4],"16":[0,1],"17":[0,1],"18":[0,1],"19":[0,1],"20":[0,1],"21":[0,1],"22":[0,1],"23":[0,1],"24":[0,1],"25":[0,1],"26":[0,1],"27":[0,1],"28":[0,1],"29":[0,1]},"_coverageSchema":"1a1c01bbd47fc00a2c39e90264f33305004495a9","hash":"eb9bf0a9aa0c68785d50d1a842505304e7cfa47b"},"/Users/ruisilva/Desktop/Projects/OpenSource/mot-workshop/models/article.js":{"path":"/Users/ruisilva/Desktop/Projects/OpenSource/mot-workshop/models/article.js","statementMap":{"0":{"start":{"line":1,"column":13},"end":{"line":1,"column":28}},"1":{"start":{"line":2,"column":39},"end":{"line":2,"column":59}},"2":{"start":{"line":4,"column":0},"end":{"line":163,"column":1}},"3":{"start":{"line":5,"column":18},"end":{"line":51,"column":3}},"4":{"start":{"line":14,"column":10},"end":{"line":14,"column":52}},"5":{"start":{"line":34,"column":10},"end":{"line":39,"column":11}},"6":{"start":{"line":35,"column":12},"end":{"line":38,"column":66}},"7":{"start":{"line":42,"column":10},"end":{"line":42,"column":60}},"8":{"start":{"line":55,"column":2},"end":{"line":111,"column":3}},"9":{"start":{"line":65,"column":22},"end":{"line":94,"column":6}},"10":{"start":{"line":105,"column":4},"end":{"line":110,"column":5}},"11":{"start":{"line":106,"column":6},"end":{"line":109,"column":8}},"12":{"start":{"line":107,"column":44},"end":{"line":107,"column":50}},"13":{"start":{"line":117,"column":2},"end":{"line":124,"column":3}},"14":{"start":{"line":118,"column":4},"end":{"line":123,"column":5}},"15":{"start":{"line":121,"column":8},"end":{"line":121,"column":46}},"16":{"start":{"line":126,"column":2},"end":{"line":160,"column":3}},"17":{"start":{"line":131,"column":26},"end":{"line":131,"column":70}},"18":{"start":{"line":132,"column":23},"end":{"line":132,"column":61}},"19":{"start":{"line":134,"column":4},"end":{"line":141,"column":5}},"20":{"start":{"line":135,"column":6},"end":{"line":138,"column":26}},"21":{"start":{"line":140,"column":6},"end":{"line":140,"column":29}},"22":{"start":{"line":142,"column":54},"end":{"line":147,"column":6}},"23":{"start":{"line":148,"column":4},"end":{"line":159,"column":5}},"24":{"start":{"line":155,"column":33},"end":{"line":155,"column":41}},"25":{"start":{"line":162,"column":2},"end":{"line":162,"column":16}}},"fnMap":{"0":{"name":"(anonymous_0)","decl":{"start":{"line":4,"column":17},"end":{"line":4,"column":18}},"loc":{"start":{"line":4,"column":32},"end":{"line":163,"column":1}},"line":4},"1":{"name":"(anonymous_1)","decl":{"start":{"line":13,"column":8},"end":{"line":13,"column":9}},"loc":{"start":{"line":13,"column":15},"end":{"line":15,"column":9}},"line":13},"2":{"name":"(anonymous_2)","decl":{"start":{"line":33,"column":24},"end":{"line":33,"column":25}},"loc":{"start":{"line":33,"column":37},"end":{"line":40,"column":9}},"line":33},"3":{"name":"(anonymous_3)","decl":{"start":{"line":41,"column":23},"end":{"line":41,"column":24}},"loc":{"start":{"line":41,"column":51},"end":{"line":43,"column":9}},"line":41},"4":{"name":"(anonymous_4)","decl":{"start":{"line":55,"column":38},"end":{"line":55,"column":39}},"loc":{"start":{"line":55,"column":67},"end":{"line":111,"column":3}},"line":55},"5":{"name":"(anonymous_5)","decl":{"start":{"line":107,"column":35},"end":{"line":107,"column":36}},"loc":{"start":{"line":107,"column":44},"end":{"line":107,"column":50}},"line":107},"6":{"name":"(anonymous_6)","decl":{"start":{"line":117,"column":31},"end":{"line":117,"column":32}},"loc":{"start":{"line":117,"column":49},"end":{"line":124,"column":3}},"line":117},"7":{"name":"(anonymous_7)","decl":{"start":{"line":120,"column":6},"end":{"line":120,"column":7}},"loc":{"start":{"line":120,"column":19},"end":{"line":122,"column":7}},"line":120},"8":{"name":"(anonymous_8)","decl":{"start":{"line":126,"column":29},"end":{"line":126,"column":30}},"loc":{"start":{"line":126,"column":62},"end":{"line":160,"column":3}},"line":126},"9":{"name":"(anonymous_9)","decl":{"start":{"line":155,"column":24},"end":{"line":155,"column":25}},"loc":{"start":{"line":155,"column":33},"end":{"line":155,"column":41}},"line":155}},"branchMap":{"0":{"loc":{"start":{"line":34,"column":10},"end":{"line":39,"column":11}},"type":"if","locations":[{"start":{"line":34,"column":10},"end":{"line":39,"column":11}},{"start":{"line":34,"column":10},"end":{"line":39,"column":11}}],"line":34},"1":{"loc":{"start":{"line":105,"column":4},"end":{"line":110,"column":5}},"type":"if","locations":[{"start":{"line":105,"column":4},"end":{"line":110,"column":5}},{"start":{"line":105,"column":4},"end":{"line":110,"column":5}}],"line":105},"2":{"loc":{"start":{"line":126,"column":51},"end":{"line":126,"column":60}},"type":"default-arg","locations":[{"start":{"line":126,"column":58},"end":{"line":126,"column":60}}],"line":126},"3":{"loc":{"start":{"line":131,"column":26},"end":{"line":131,"column":70}},"type":"cond-expr","locations":[{"start":{"line":131,"column":40},"end":{"line":131,"column":51}},{"start":{"line":131,"column":54},"end":{"line":131,"column":70}}],"line":131},"4":{"loc":{"start":{"line":132,"column":23},"end":{"line":132,"column":61}},"type":"cond-expr","locations":[{"start":{"line":132,"column":35},"end":{"line":132,"column":44}},{"start":{"line":132,"column":47},"end":{"line":132,"column":61}}],"line":132},"5":{"loc":{"start":{"line":134,"column":4},"end":{"line":141,"column":5}},"type":"if","locations":[{"start":{"line":134,"column":4},"end":{"line":141,"column":5}},{"start":{"line":134,"column":4},"end":{"line":141,"column":5}}],"line":134},"6":{"loc":{"start":{"line":136,"column":8},"end":{"line":138,"column":26}},"type":"cond-expr","locations":[{"start":{"line":137,"column":12},"end":{"line":137,"column":37}},{"start":{"line":138,"column":12},"end":{"line":138,"column":26}}],"line":136}},"s":{"0":1,"1":1,"2":1,"3":5,"4":17,"5":19,"6":17,"7":5,"8":5,"9":6,"10":6,"11":5,"12":8,"13":5,"14":3,"15":3,"16":5,"17":4,"18":4,"19":4,"20":4,"21":0,"22":4,"23":4,"24":8,"25":5},"f":{"0":5,"1":17,"2":19,"3":5,"4":6,"5":8,"6":3,"7":3,"8":4,"9":8},"b":{"0":[17,2],"1":[5,1],"2":[2],"3":[4,0],"4":[0,4],"5":[4,0],"6":[2,2]},"_coverageSchema":"1a1c01bbd47fc00a2c39e90264f33305004495a9","hash":"8057705ec861c0ad98c6b8bad45a6f88b2f0e8be"},"/Users/ruisilva/Desktop/Projects/OpenSource/mot-workshop/models/comment.js":{"path":"/Users/ruisilva/Desktop/Projects/OpenSource/mot-workshop/models/comment.js","statementMap":{"0":{"start":{"line":1,"column":22},"end":{"line":1,"column":42}},"1":{"start":{"line":3,"column":0},"end":{"line":18,"column":1}},"2":{"start":{"line":4,"column":18},"end":{"line":6,"column":4}},"3":{"start":{"line":8,"column":2},"end":{"line":16,"column":3}},"4":{"start":{"line":9,"column":4},"end":{"line":15,"column":5}},"5":{"start":{"line":17,"column":2},"end":{"line":17,"column":16}}},"fnMap":{"0":{"name":"(anonymous_0)","decl":{"start":{"line":3,"column":17},"end":{"line":3,"column":18}},"loc":{"start":{"line":3,"column":32},"end":{"line":18,"column":1}},"line":3},"1":{"name":"(anonymous_1)","decl":{"start":{"line":8,"column":29},"end":{"line":8,"column":30}},"loc":{"start":{"line":8,"column":51},"end":{"line":16,"column":3}},"line":8}},"branchMap":{},"s":{"0":1,"1":1,"2":5,"3":5,"4":0,"5":5},"f":{"0":5,"1":0},"b":{},"_coverageSchema":"1a1c01bbd47fc00a2c39e90264f33305004495a9","hash":"427bc8c7fbe2f8e8bb03bff2f5a7d5d933acb846"},"/Users/ruisilva/Desktop/Projects/OpenSource/mot-workshop/models/sequelize_meta.js":{"path":"/Users/ruisilva/Desktop/Projects/OpenSource/mot-workshop/models/sequelize_meta.js","statementMap":{"0":{"start":{"line":1,"column":22},"end":{"line":1,"column":42}},"1":{"start":{"line":3,"column":0},"end":{"line":19,"column":1}},"2":{"start":{"line":4,"column":24},"end":{"line":17,"column":3}},"3":{"start":{"line":18,"column":2},"end":{"line":18,"column":22}}},"fnMap":{"0":{"name":"(anonymous_0)","decl":{"start":{"line":3,"column":17},"end":{"line":3,"column":18}},"loc":{"start":{"line":3,"column":32},"end":{"line":19,"column":1}},"line":3}},"branchMap":{},"s":{"0":1,"1":1,"2":5,"3":5},"f":{"0":5},"b":{},"_coverageSchema":"1a1c01bbd47fc00a2c39e90264f33305004495a9","hash":"e97dbf75257569ff04e6cb83c01a7bcf34d61401"},"/Users/ruisilva/Desktop/Projects/OpenSource/mot-workshop/models/tag.js":{"path":"/Users/ruisilva/Desktop/Projects/OpenSource/mot-workshop/models/tag.js","statementMap":{"0":{"start":{"line":1,"column":22},"end":{"line":1,"column":42}},"1":{"start":{"line":3,"column":0},"end":{"line":24,"column":1}},"2":{"start":{"line":4,"column":14},"end":{"line":21,"column":3}},"3":{"start":{"line":23,"column":2},"end":{"line":23,"column":12}}},"fnMap":{"0":{"name":"(anonymous_0)","decl":{"start":{"line":3,"column":17},"end":{"line":3,"column":18}},"loc":{"start":{"line":3,"column":32},"end":{"line":24,"column":1}},"line":3}},"branchMap":{},"s":{"0":1,"1":1,"2":5,"3":5},"f":{"0":5},"b":{},"_coverageSchema":"1a1c01bbd47fc00a2c39e90264f33305004495a9","hash":"0a729270a587f2d513ea7b77590cefdc205f3c32"},"/Users/ruisilva/Desktop/Projects/OpenSource/mot-workshop/models/user.js":{"path":"/Users/ruisilva/Desktop/Projects/OpenSource/mot-workshop/models/user.js","statementMap":{"0":{"start":{"line":1,"column":15},"end":{"line":1,"column":32}},"1":{"start":{"line":2,"column":12},"end":{"line":2,"column":35}},"2":{"start":{"line":3,"column":18},"end":{"line":3,"column":38}},"3":{"start":{"line":4,"column":26},"end":{"line":4,"column":35}},"4":{"start":{"line":6,"column":15},"end":{"line":6,"column":41}},"5":{"start":{"line":8,"column":0},"end":{"line":196,"column":1}},"6":{"start":{"line":9,"column":13},"end":{"line":65,"column":3}},"7":{"start":{"line":15,"column":10},"end":{"line":15,"column":56}},"8":{"start":{"line":38,"column":10},"end":{"line":38,"column":53}},"9":{"start":{"line":67,"column":2},"end":{"line":79,"column":3}},"10":{"start":{"line":68,"column":16},"end":{"line":68,"column":26}},"11":{"start":{"line":69,"column":14},"end":{"line":69,"column":29}},"12":{"start":{"line":70,"column":4},"end":{"line":70,"column":37}},"13":{"start":{"line":71,"column":4},"end":{"line":78,"column":5}},"14":{"start":{"line":81,"column":2},"end":{"line":89,"column":3}},"15":{"start":{"line":82,"column":4},"end":{"line":88,"column":5}},"16":{"start":{"line":91,"column":2},"end":{"line":104,"column":3}},"17":{"start":{"line":92,"column":15},"end":{"line":102,"column":5}},"18":{"start":{"line":103,"column":4},"end":{"line":103,"column":15}},"19":{"start":{"line":106,"column":2},"end":{"line":133,"column":3}},"20":{"start":{"line":110,"column":4},"end":{"line":132,"column":6}},"21":{"start":{"line":135,"column":2},"end":{"line":150,"column":3}},"22":{"start":{"line":140,"column":6},"end":{"line":140,"column":62}},"23":{"start":{"line":141,"column":25},"end":{"line":145,"column":5}},"24":{"start":{"line":143,"column":8},"end":{"line":143,"column":35}},"25":{"start":{"line":146,"column":4},"end":{"line":149,"column":5}},"26":{"start":{"line":152,"column":2},"end":{"line":179,"column":3}},"27":{"start":{"line":153,"column":4},"end":{"line":178,"column":22}},"28":{"start":{"line":181,"column":2},"end":{"line":186,"column":3}},"29":{"start":{"line":182,"column":15},"end":{"line":184,"column":22}},"30":{"start":{"line":185,"column":4},"end":{"line":185,"column":29}},"31":{"start":{"line":188,"column":2},"end":{"line":193,"column":3}},"32":{"start":{"line":189,"column":4},"end":{"line":189,"column":54}},"33":{"start":{"line":190,"column":4},"end":{"line":192,"column":22}},"34":{"start":{"line":195,"column":2},"end":{"line":195,"column":13}}},"fnMap":{"0":{"name":"(anonymous_0)","decl":{"start":{"line":8,"column":17},"end":{"line":8,"column":18}},"loc":{"start":{"line":8,"column":32},"end":{"line":196,"column":1}},"line":8},"1":{"name":"(anonymous_1)","decl":{"start":{"line":14,"column":8},"end":{"line":14,"column":9}},"loc":{"start":{"line":14,"column":15},"end":{"line":16,"column":9}},"line":14},"2":{"name":"(anonymous_2)","decl":{"start":{"line":37,"column":8},"end":{"line":37,"column":9}},"loc":{"start":{"line":37,"column":15},"end":{"line":39,"column":9}},"line":37},"3":{"name":"(anonymous_3)","decl":{"start":{"line":67,"column":31},"end":{"line":67,"column":32}},"loc":{"start":{"line":67,"column":43},"end":{"line":79,"column":3}},"line":67},"4":{"name":"(anonymous_4)","decl":{"start":{"line":81,"column":30},"end":{"line":81,"column":31}},"loc":{"start":{"line":81,"column":42},"end":{"line":89,"column":3}},"line":81},"5":{"name":"(anonymous_5)","decl":{"start":{"line":91,"column":36},"end":{"line":91,"column":37}},"loc":{"start":{"line":91,"column":58},"end":{"line":104,"column":3}},"line":91},"6":{"name":"(anonymous_6)","decl":{"start":{"line":106,"column":50},"end":{"line":106,"column":51}},"loc":{"start":{"line":109,"column":4},"end":{"line":133,"column":3}},"line":109},"7":{"name":"(anonymous_7)","decl":{"start":{"line":135,"column":56},"end":{"line":135,"column":57}},"loc":{"start":{"line":138,"column":4},"end":{"line":150,"column":3}},"line":138},"8":{"name":"(anonymous_8)","decl":{"start":{"line":142,"column":19},"end":{"line":142,"column":20}},"loc":{"start":{"line":142,"column":32},"end":{"line":144,"column":7}},"line":142},"9":{"name":"(anonymous_9)","decl":{"start":{"line":152,"column":45},"end":{"line":152,"column":46}},"loc":{"start":{"line":152,"column":63},"end":{"line":179,"column":3}},"line":152},"10":{"name":"(anonymous_10)","decl":{"start":{"line":181,"column":23},"end":{"line":181,"column":24}},"loc":{"start":{"line":181,"column":49},"end":{"line":186,"column":3}},"line":181},"11":{"name":"(anonymous_11)","decl":{"start":{"line":188,"column":21},"end":{"line":188,"column":22}},"loc":{"start":{"line":188,"column":47},"end":{"line":193,"column":3}},"line":188}},"branchMap":{"0":{"loc":{"start":{"line":86,"column":11},"end":{"line":86,"column":49}},"type":"cond-expr","locations":[{"start":{"line":86,"column":36},"end":{"line":86,"column":38}},{"start":{"line":86,"column":41},"end":{"line":86,"column":49}}],"line":86},"1":{"loc":{"start":{"line":87,"column":13},"end":{"line":87,"column":55}},"type":"cond-expr","locations":[{"start":{"line":87,"column":40},"end":{"line":87,"column":42}},{"start":{"line":87,"column":45},"end":{"line":87,"column":55}}],"line":87},"2":{"loc":{"start":{"line":94,"column":11},"end":{"line":94,"column":49}},"type":"cond-expr","locations":[{"start":{"line":94,"column":36},"end":{"line":94,"column":38}},{"start":{"line":94,"column":41},"end":{"line":94,"column":49}}],"line":94},"3":{"loc":{"start":{"line":99,"column":8},"end":{"line":100,"column":67}},"type":"binary-expr","locations":[{"start":{"line":99,"column":8},"end":{"line":99,"column":18}},{"start":{"line":100,"column":8},"end":{"line":100,"column":67}}],"line":99},"4":{"loc":{"start":{"line":101,"column":17},"end":{"line":101,"column":61}},"type":"cond-expr","locations":[{"start":{"line":101,"column":24},"end":{"line":101,"column":53}},{"start":{"line":101,"column":56},"end":{"line":101,"column":61}}],"line":101}},"s":{"0":1,"1":1,"2":1,"3":1,"4":1,"5":1,"6":5,"7":7,"8":7,"9":5,"10":1,"11":1,"12":1,"13":1,"14":5,"15":1,"16":5,"17":4,"18":4,"19":5,"20":1,"21":5,"22":0,"23":0,"24":0,"25":0,"26":5,"27":0,"28":5,"29":0,"30":0,"31":5,"32":7,"33":7,"34":5},"f":{"0":5,"1":7,"2":7,"3":1,"4":1,"5":4,"6":1,"7":0,"8":0,"9":0,"10":0,"11":7},"b":{"0":[1,0],"1":[1,0],"2":[0,4],"3":[4,4],"4":[4,0]},"_coverageSchema":"1a1c01bbd47fc00a2c39e90264f33305004495a9","hash":"6d01b2fc7f041792edff101647cf9682ddae088c"}}